[INFO] Scanning for projects...
[WARNING] 
[WARNING] Some problems were encountered while building the effective model for org.apache.hadoop:hadoop-ozone-tools:jar:0.5.0-SNAPSHOT
[WARNING] 'dependencies.dependency.(groupId:artifactId:type:classifier)' must be unique: io.dropwizard.metrics:metrics-core:jar -> version 3.2.4 vs (?) @ line 94, column 17
[WARNING] 
[WARNING] It is highly recommended to fix these problems because they threaten the stability of your build.
[WARNING] 
[WARNING] For this reason, future Maven versions might no longer support building such malformed projects.
[WARNING] 
[INFO] ------------------------------------------------------------------------
[INFO] Detecting the operating system and CPU architecture
[INFO] ------------------------------------------------------------------------
[INFO] os.detected.name: linux
[INFO] os.detected.arch: x86_64
[INFO] os.detected.version: 3.10
[INFO] os.detected.version.major: 3
[INFO] os.detected.version.minor: 10
[INFO] os.detected.release: alpine
[INFO] os.detected.release.version: 3.8.2
[INFO] os.detected.release.like.alpine: true
[INFO] os.detected.classifier: linux-x86_64
[INFO] ------------------------------------------------------------------------
[INFO] Reactor Build Order:
[INFO] 
[INFO] Apache Hadoop Ozone Main                                           [pom]
[INFO] Apache Hadoop HDDS                                                 [pom]
[INFO] Apache Hadoop HDDS Config                                          [jar]
[INFO] Apache Hadoop HDDS Common                                          [jar]
[INFO] Apache Hadoop HDDS Client                                          [jar]
[INFO] Apache Hadoop HDDS Server Framework                                [jar]
[INFO] Apache Hadoop HDDS Container Service                               [jar]
[INFO] Apache Hadoop HDDS/Ozone Documentation                             [jar]
[INFO] Apache Hadoop HDDS SCM Server                                      [jar]
[INFO] Apache Hadoop HDDS Tools                                           [jar]
[INFO] Apache Hadoop Ozone                                                [pom]
[INFO] Apache Hadoop Ozone Common                                         [jar]
[INFO] Apache Hadoop Ozone Client                                         [jar]
[INFO] Apache Hadoop Ozone Manager Server                                 [jar]
[INFO] Apache Hadoop Ozone S3 Gateway                                     [jar]
[INFO] Apache Hadoop Ozone CSI service                                    [jar]
[INFO] Apache Hadoop Ozone Recon CodeGen                                  [jar]
[INFO] Apache Hadoop Ozone Recon                                          [jar]
[INFO] Apache Hadoop Ozone FileSystem Single Jar Library                  [jar]
[INFO] Apache Hadoop Ozone FileSystem Legacy Jar Library                  [jar]
[INFO] Apache Hadoop Ozone Datanode                                       [jar]
[INFO] Apache Hadoop Ozone In-Place Upgrade                               [jar]
[INFO] Apache Hadoop Ozone Insight Tool                                   [jar]
[INFO] Apache Hadoop Ozone Distribution                                   [pom]
[INFO] Apache Hadoop Ozone Fault Injection Tests                          [pom]
[INFO] Apache Hadoop Ozone Network Tests                                  [jar]
[INFO] 
[INFO] ----------------< org.apache.hadoop:hadoop-main-ozone >-----------------
[INFO] Building Apache Hadoop Ozone Main 0.5.0-SNAPSHOT                  [1/26]
[INFO] --------------------------------[ pom ]---------------------------------
[INFO] Downloading from central: https://repo.maven.apache.org/maven2/org/apache/maven/plugins/maven-antrun-plugin/1.3/maven-antrun-plugin-1.3.pom
[INFO] Downloaded from central: https://repo.maven.apache.org/maven2/org/apache/maven/plugins/maven-antrun-plugin/1.3/maven-antrun-plugin-1.3.pom (4.7 kB at 1.4 kB/s)
[INFO] Downloading from central: https://repo.maven.apache.org/maven2/org/apache/maven/plugins/maven-plugins/12/maven-plugins-12.pom
[INFO] Downloaded from central: https://repo.maven.apache.org/maven2/org/apache/maven/plugins/maven-plugins/12/maven-plugins-12.pom (12 kB at 452 kB/s)
[INFO] Downloading from central: https://repo.maven.apache.org/maven2/org/apache/maven/plugins/maven-antrun-plugin/1.3/maven-antrun-plugin-1.3.jar
[INFO] Downloaded from central: https://repo.maven.apache.org/maven2/org/apache/maven/plugins/maven-antrun-plugin/1.3/maven-antrun-plugin-1.3.jar (24 kB at 760 kB/s)
[INFO] 
[INFO] --- maven-antrun-plugin:1.3:run (create-testdirs) @ hadoop-main-ozone ---
[INFO] Downloading from central: https://repo.maven.apache.org/maven2/org/apache/ant/ant-launcher/1.7.1/ant-launcher-1.7.1.pom
[INFO] Downloaded from central: https://repo.maven.apache.org/maven2/org/apache/ant/ant-launcher/1.7.1/ant-launcher-1.7.1.pom (2.4 kB at 830 B/s)
[INFO] Downloading from central: https://repo.maven.apache.org/maven2/org/apache/ant/ant-parent/1.7.1/ant-parent-1.7.1.pom
[INFO] Downloaded from central: https://repo.maven.apache.org/maven2/org/apache/ant/ant-parent/1.7.1/ant-parent-1.7.1.pom (4.4 kB at 162 kB/s)
[INFO] Downloading from central: https://repo.maven.apache.org/maven2/org/apache/ant/ant/1.7.1/ant-1.7.1.pom
[INFO] Downloaded from central: https://repo.maven.apache.org/maven2/org/apache/ant/ant/1.7.1/ant-1.7.1.pom (9.8 kB at 31 kB/s)
[INFO] Downloading from central: https://repo.maven.apache.org/maven2/org/apache/maven/maven-plugin-api/2.0.4/maven-plugin-api-2.0.4.jar
[INFO] Downloading from central: https://repo.maven.apache.org/maven2/org/apache/maven/maven-profile/2.0.4/maven-profile-2.0.4.jar
[INFO] Downloading from central: https://repo.maven.apache.org/maven2/org/apache/maven/maven-settings/2.0.4/maven-settings-2.0.4.jar
[INFO] Downloading from central: https://repo.maven.apache.org/maven2/org/apache/maven/maven-project/2.0.4/maven-project-2.0.4.jar
[INFO] Downloading from central: https://repo.maven.apache.org/maven2/org/apache/maven/maven-model/2.0.4/maven-model-2.0.4.jar
[INFO] Downloaded from central: https://repo.maven.apache.org/maven2/org/apache/maven/maven-plugin-api/2.0.4/maven-plugin-api-2.0.4.jar (8.3 kB at 225 kB/s)
[INFO] Downloading from central: https://repo.maven.apache.org/maven2/org/apache/maven/maven-artifact-manager/2.0.4/maven-artifact-manager-2.0.4.jar
[INFO] Downloaded from central: https://repo.maven.apache.org/maven2/org/apache/maven/maven-profile/2.0.4/maven-profile-2.0.4.jar (30 kB at 409 kB/s)
[INFO] Downloading from central: https://repo.maven.apache.org/maven2/org/apache/maven/maven-repository-metadata/2.0.4/maven-repository-metadata-2.0.4.jar
[INFO] Downloaded from central: https://repo.maven.apache.org/maven2/org/apache/maven/maven-artifact-manager/2.0.4/maven-artifact-manager-2.0.4.jar (49 kB at 654 kB/s)
[INFO] Downloading from central: https://repo.maven.apache.org/maven2/org/apache/maven/maven-artifact/2.0.4/maven-artifact-2.0.4.jar
[INFO] Downloaded from central: https://repo.maven.apache.org/maven2/org/apache/maven/maven-settings/2.0.4/maven-settings-2.0.4.jar (44 kB at 561 kB/s)
[INFO] Downloading from central: https://repo.maven.apache.org/maven2/org/apache/ant/ant-launcher/1.7.1/ant-launcher-1.7.1.jar
[INFO] Downloaded from central: https://repo.maven.apache.org/maven2/org/apache/maven/maven-project/2.0.4/maven-project-2.0.4.jar (109 kB at 1.1 MB/s)
[INFO] Downloading from central: https://repo.maven.apache.org/maven2/org/apache/ant/ant/1.7.1/ant-1.7.1.jar
[INFO] Downloaded from central: https://repo.maven.apache.org/maven2/org/apache/maven/maven-repository-metadata/2.0.4/maven-repository-metadata-2.0.4.jar (20 kB at 188 kB/s)
[INFO] Downloaded from central: https://repo.maven.apache.org/maven2/org/apache/ant/ant-launcher/1.7.1/ant-launcher-1.7.1.jar (12 kB at 113 kB/s)
[INFO] Downloaded from central: https://repo.maven.apache.org/maven2/org/apache/maven/maven-artifact/2.0.4/maven-artifact-2.0.4.jar (80 kB at 669 kB/s)
[INFO] Downloaded from central: https://repo.maven.apache.org/maven2/org/apache/maven/maven-model/2.0.4/maven-model-2.0.4.jar (80 kB at 218 kB/s)
[INFO] Downloaded from central: https://repo.maven.apache.org/maven2/org/apache/ant/ant/1.7.1/ant-1.7.1.jar (1.3 MB at 3.6 MB/s)
[INFO] Executing tasks
[INFO] Executed tasks
[INFO] 
[INFO] --- maven-remote-resources-plugin:1.5:process (default) @ hadoop-main-ozone ---
[INFO] 
[INFO] -------------------< org.apache.hadoop:hadoop-hdds >--------------------
[INFO] Building Apache Hadoop HDDS 0.5.0-SNAPSHOT                        [2/26]
[INFO] --------------------------------[ pom ]---------------------------------
[INFO] Downloading from apache.snapshots.https: https://repository.apache.org/content/repositories/snapshots/org/eclipse/jetty/jetty-server/9.3.25.v20180904/jetty-server-9.3.25.v20180904.pom
[INFO] Downloading from repository.jboss.org: http://repository.jboss.org/nexus/content/groups/public/org/eclipse/jetty/jetty-server/9.3.25.v20180904/jetty-server-9.3.25.v20180904.pom
[INFO] Downloading from central: https://repo.maven.apache.org/maven2/org/eclipse/jetty/jetty-server/9.3.25.v20180904/jetty-server-9.3.25.v20180904.pom
[INFO] Downloaded from central: https://repo.maven.apache.org/maven2/org/eclipse/jetty/jetty-server/9.3.25.v20180904/jetty-server-9.3.25.v20180904.pom (2.7 kB at 89 kB/s)
[INFO] Downloading from apache.snapshots.https: https://repository.apache.org/content/repositories/snapshots/org/eclipse/jetty/jetty-project/9.3.25.v20180904/jetty-project-9.3.25.v20180904.pom
[INFO] Downloading from repository.jboss.org: http://repository.jboss.org/nexus/content/groups/public/org/eclipse/jetty/jetty-project/9.3.25.v20180904/jetty-project-9.3.25.v20180904.pom
[INFO] Downloading from central: https://repo.maven.apache.org/maven2/org/eclipse/jetty/jetty-project/9.3.25.v20180904/jetty-project-9.3.25.v20180904.pom
[INFO] Downloaded from central: https://repo.maven.apache.org/maven2/org/eclipse/jetty/jetty-project/9.3.25.v20180904/jetty-project-9.3.25.v20180904.pom (49 kB at 1.6 MB/s)
[INFO] Downloading from apache.snapshots.https: https://repository.apache.org/content/repositories/snapshots/org/eclipse/jetty/jetty-http/9.3.25.v20180904/jetty-http-9.3.25.v20180904.pom
[INFO] Downloading from repository.jboss.org: http://repository.jboss.org/nexus/content/groups/public/org/eclipse/jetty/jetty-http/9.3.25.v20180904/jetty-http-9.3.25.v20180904.pom
[INFO] Downloading from central: https://repo.maven.apache.org/maven2/org/eclipse/jetty/jetty-http/9.3.25.v20180904/jetty-http-9.3.25.v20180904.pom
[INFO] Downloaded from central: https://repo.maven.apache.org/maven2/org/eclipse/jetty/jetty-http/9.3.25.v20180904/jetty-http-9.3.25.v20180904.pom (1.6 kB at 63 kB/s)
[INFO] Downloading from apache.snapshots.https: https://repository.apache.org/content/repositories/snapshots/org/eclipse/jetty/jetty-util/9.3.25.v20180904/jetty-util-9.3.25.v20180904.pom
[INFO] Downloading from repository.jboss.org: http://repository.jboss.org/nexus/content/groups/public/org/eclipse/jetty/jetty-util/9.3.25.v20180904/jetty-util-9.3.25.v20180904.pom
[INFO] Downloading from central: https://repo.maven.apache.org/maven2/org/eclipse/jetty/jetty-util/9.3.25.v20180904/jetty-util-9.3.25.v20180904.pom
[INFO] Downloaded from central: https://repo.maven.apache.org/maven2/org/eclipse/jetty/jetty-util/9.3.25.v20180904/jetty-util-9.3.25.v20180904.pom (2.8 kB at 87 kB/s)
[INFO] Downloading from apache.snapshots.https: https://repository.apache.org/content/repositories/snapshots/org/eclipse/jetty/jetty-io/9.3.25.v20180904/jetty-io-9.3.25.v20180904.pom
[INFO] Downloading from repository.jboss.org: http://repository.jboss.org/nexus/content/groups/public/org/eclipse/jetty/jetty-io/9.3.25.v20180904/jetty-io-9.3.25.v20180904.pom
[INFO] Downloading from central: https://repo.maven.apache.org/maven2/org/eclipse/jetty/jetty-io/9.3.25.v20180904/jetty-io-9.3.25.v20180904.pom
[INFO] Downloaded from central: https://repo.maven.apache.org/maven2/org/eclipse/jetty/jetty-io/9.3.25.v20180904/jetty-io-9.3.25.v20180904.pom (1.3 kB at 52 kB/s)
[INFO] Downloading from apache.snapshots.https: https://repository.apache.org/content/repositories/snapshots/org/eclipse/jetty/jetty-servlet/9.3.25.v20180904/jetty-servlet-9.3.25.v20180904.pom
[INFO] Downloading from repository.jboss.org: http://repository.jboss.org/nexus/content/groups/public/org/eclipse/jetty/jetty-servlet/9.3.25.v20180904/jetty-servlet-9.3.25.v20180904.pom
[INFO] Downloading from central: https://repo.maven.apache.org/maven2/org/eclipse/jetty/jetty-servlet/9.3.25.v20180904/jetty-servlet-9.3.25.v20180904.pom
[INFO] Downloaded from central: https://repo.maven.apache.org/maven2/org/eclipse/jetty/jetty-servlet/9.3.25.v20180904/jetty-servlet-9.3.25.v20180904.pom (2.1 kB at 106 kB/s)
[INFO] Downloading from apache.snapshots.https: https://repository.apache.org/content/repositories/snapshots/org/eclipse/jetty/jetty-security/9.3.25.v20180904/jetty-security-9.3.25.v20180904.pom
[INFO] Downloading from repository.jboss.org: http://repository.jboss.org/nexus/content/groups/public/org/eclipse/jetty/jetty-security/9.3.25.v20180904/jetty-security-9.3.25.v20180904.pom
[INFO] Downloading from central: https://repo.maven.apache.org/maven2/org/eclipse/jetty/jetty-security/9.3.25.v20180904/jetty-security-9.3.25.v20180904.pom
[INFO] Downloaded from central: https://repo.maven.apache.org/maven2/org/eclipse/jetty/jetty-security/9.3.25.v20180904/jetty-security-9.3.25.v20180904.pom (2.0 kB at 84 kB/s)
[INFO] Downloading from apache.snapshots.https: https://repository.apache.org/content/repositories/snapshots/org/eclipse/jetty/jetty-webapp/9.3.25.v20180904/jetty-webapp-9.3.25.v20180904.pom
[INFO] Downloading from repository.jboss.org: http://repository.jboss.org/nexus/content/groups/public/org/eclipse/jetty/jetty-webapp/9.3.25.v20180904/jetty-webapp-9.3.25.v20180904.pom
[INFO] Downloading from central: https://repo.maven.apache.org/maven2/org/eclipse/jetty/jetty-webapp/9.3.25.v20180904/jetty-webapp-9.3.25.v20180904.pom
[INFO] Downloaded from central: https://repo.maven.apache.org/maven2/org/eclipse/jetty/jetty-webapp/9.3.25.v20180904/jetty-webapp-9.3.25.v20180904.pom (3.0 kB at 136 kB/s)
[INFO] Downloading from apache.snapshots.https: https://repository.apache.org/content/repositories/snapshots/org/eclipse/jetty/jetty-xml/9.3.25.v20180904/jetty-xml-9.3.25.v20180904.pom
[INFO] Downloading from repository.jboss.org: http://repository.jboss.org/nexus/content/groups/public/org/eclipse/jetty/jetty-xml/9.3.25.v20180904/jetty-xml-9.3.25.v20180904.pom
[INFO] Downloading from central: https://repo.maven.apache.org/maven2/org/eclipse/jetty/jetty-xml/9.3.25.v20180904/jetty-xml-9.3.25.v20180904.pom
[INFO] Downloaded from central: https://repo.maven.apache.org/maven2/org/eclipse/jetty/jetty-xml/9.3.25.v20180904/jetty-xml-9.3.25.v20180904.pom (1.3 kB at 66 kB/s)
[INFO] Downloading from apache.snapshots.https: https://repository.apache.org/content/repositories/snapshots/commons-beanutils/commons-beanutils/1.9.4/commons-beanutils-1.9.4.pom
[INFO] Downloading from repository.jboss.org: http://repository.jboss.org/nexus/content/groups/public/commons-beanutils/commons-beanutils/1.9.4/commons-beanutils-1.9.4.pom
[INFO] Downloading from central: https://repo.maven.apache.org/maven2/commons-beanutils/commons-beanutils/1.9.4/commons-beanutils-1.9.4.pom
[INFO] Downloaded from central: https://repo.maven.apache.org/maven2/commons-beanutils/commons-beanutils/1.9.4/commons-beanutils-1.9.4.pom (18 kB at 643 kB/s)
[INFO] Downloading from apache.snapshots.https: https://repository.apache.org/content/repositories/snapshots/org/apache/zookeeper/zookeeper/3.4.8/zookeeper-3.4.8.pom
[INFO] Downloading from repository.jboss.org: http://repository.jboss.org/nexus/content/groups/public/org/apache/zookeeper/zookeeper/3.4.8/zookeeper-3.4.8.pom
[INFO] Downloading from central: https://repo.maven.apache.org/maven2/org/apache/zookeeper/zookeeper/3.4.8/zookeeper-3.4.8.pom
[INFO] Downloaded from central: https://repo.maven.apache.org/maven2/org/apache/zookeeper/zookeeper/3.4.8/zookeeper-3.4.8.pom (4.0 kB at 192 kB/s)
[INFO] Downloading from apache.snapshots.https: https://repository.apache.org/content/repositories/snapshots/jline/jline/0.9.94/jline-0.9.94.pom
[INFO] Downloading from repository.jboss.org: http://repository.jboss.org/nexus/content/groups/public/jline/jline/0.9.94/jline-0.9.94.pom
[INFO] Downloading from central: https://repo.maven.apache.org/maven2/jline/jline/0.9.94/jline-0.9.94.pom
[INFO] Downloaded from central: https://repo.maven.apache.org/maven2/jline/jline/0.9.94/jline-0.9.94.pom (6.4 kB at 289 kB/s)
[INFO] Downloading from apache.snapshots.https: https://repository.apache.org/content/repositories/snapshots/com/fasterxml/jackson/core/jackson-databind/2.9.9/jackson-databind-2.9.9.pom
[INFO] Downloading from repository.jboss.org: http://repository.jboss.org/nexus/content/groups/public/com/fasterxml/jackson/core/jackson-databind/2.9.9/jackson-databind-2.9.9.pom
[INFO] Downloading from central: https://repo.maven.apache.org/maven2/com/fasterxml/jackson/core/jackson-databind/2.9.9/jackson-databind-2.9.9.pom
[INFO] Downloaded from central: https://repo.maven.apache.org/maven2/com/fasterxml/jackson/core/jackson-databind/2.9.9/jackson-databind-2.9.9.pom (6.4 kB at 268 kB/s)
[INFO] Downloading from apache.snapshots.https: https://repository.apache.org/content/repositories/snapshots/com/fasterxml/jackson/jackson-base/2.9.9/jackson-base-2.9.9.pom
[INFO] Downloading from repository.jboss.org: http://repository.jboss.org/nexus/content/groups/public/com/fasterxml/jackson/jackson-base/2.9.9/jackson-base-2.9.9.pom
[INFO] Downloading from central: https://repo.maven.apache.org/maven2/com/fasterxml/jackson/jackson-base/2.9.9/jackson-base-2.9.9.pom
[INFO] Downloaded from central: https://repo.maven.apache.org/maven2/com/fasterxml/jackson/jackson-base/2.9.9/jackson-base-2.9.9.pom (5.5 kB at 250 kB/s)
[INFO] Downloading from apache.snapshots.https: https://repository.apache.org/content/repositories/snapshots/com/fasterxml/jackson/jackson-bom/2.9.9/jackson-bom-2.9.9.pom
[INFO] Downloading from repository.jboss.org: http://repository.jboss.org/nexus/content/groups/public/com/fasterxml/jackson/jackson-bom/2.9.9/jackson-bom-2.9.9.pom
[INFO] Downloading from central: https://repo.maven.apache.org/maven2/com/fasterxml/jackson/jackson-bom/2.9.9/jackson-bom-2.9.9.pom
[INFO] Downloaded from central: https://repo.maven.apache.org/maven2/com/fasterxml/jackson/jackson-bom/2.9.9/jackson-bom-2.9.9.pom (12 kB at 496 kB/s)
[INFO] Downloading from apache.snapshots.https: https://repository.apache.org/content/repositories/snapshots/com/fasterxml/jackson/jackson-parent/2.9.1.2/jackson-parent-2.9.1.2.pom
[INFO] Downloading from repository.jboss.org: http://repository.jboss.org/nexus/content/groups/public/com/fasterxml/jackson/jackson-parent/2.9.1.2/jackson-parent-2.9.1.2.pom
[INFO] Downloading from central: https://repo.maven.apache.org/maven2/com/fasterxml/jackson/jackson-parent/2.9.1.2/jackson-parent-2.9.1.2.pom
[INFO] Downloaded from central: https://repo.maven.apache.org/maven2/com/fasterxml/jackson/jackson-parent/2.9.1.2/jackson-parent-2.9.1.2.pom (7.9 kB at 344 kB/s)
[INFO] Downloading from apache.snapshots.https: https://repository.apache.org/content/repositories/snapshots/com/fasterxml/oss-parent/34/oss-parent-34.pom
[INFO] Downloading from repository.jboss.org: http://repository.jboss.org/nexus/content/groups/public/com/fasterxml/oss-parent/34/oss-parent-34.pom
[INFO] Downloading from central: https://repo.maven.apache.org/maven2/com/fasterxml/oss-parent/34/oss-parent-34.pom
[INFO] Downloaded from central: https://repo.maven.apache.org/maven2/com/fasterxml/oss-parent/34/oss-parent-34.pom (23 kB at 987 kB/s)
[INFO] Downloading from apache.snapshots.https: https://repository.apache.org/content/repositories/snapshots/com/fasterxml/jackson/core/jackson-annotations/2.9.9/jackson-annotations-2.9.9.pom
[INFO] Downloading from repository.jboss.org: http://repository.jboss.org/nexus/content/groups/public/com/fasterxml/jackson/core/jackson-annotations/2.9.9/jackson-annotations-2.9.9.pom
[INFO] Downloading from central: https://repo.maven.apache.org/maven2/com/fasterxml/jackson/core/jackson-annotations/2.9.9/jackson-annotations-2.9.9.pom
[INFO] Downloaded from central: https://repo.maven.apache.org/maven2/com/fasterxml/jackson/core/jackson-annotations/2.9.9/jackson-annotations-2.9.9.pom (2.6 kB at 118 kB/s)
[INFO] Downloading from apache.snapshots.https: https://repository.apache.org/content/repositories/snapshots/com/fasterxml/jackson/core/jackson-core/2.9.9/jackson-core-2.9.9.pom
[INFO] Downloading from repository.jboss.org: http://repository.jboss.org/nexus/content/groups/public/com/fasterxml/jackson/core/jackson-core/2.9.9/jackson-core-2.9.9.pom
[INFO] Downloading from central: https://repo.maven.apache.org/maven2/com/fasterxml/jackson/core/jackson-core/2.9.9/jackson-core-2.9.9.pom
[INFO] Downloaded from central: https://repo.maven.apache.org/maven2/com/fasterxml/jackson/core/jackson-core/2.9.9/jackson-core-2.9.9.pom (4.1 kB at 177 kB/s)
[INFO] Downloading from apache.snapshots.https: https://repository.apache.org/content/repositories/snapshots/org/eclipse/jetty/jetty-util-ajax/9.3.25.v20180904/jetty-util-ajax-9.3.25.v20180904.pom
[INFO] Downloading from repository.jboss.org: http://repository.jboss.org/nexus/content/groups/public/org/eclipse/jetty/jetty-util-ajax/9.3.25.v20180904/jetty-util-ajax-9.3.25.v20180904.pom
[INFO] Downloading from central: https://repo.maven.apache.org/maven2/org/eclipse/jetty/jetty-util-ajax/9.3.25.v20180904/jetty-util-ajax-9.3.25.v20180904.pom
[INFO] Downloaded from central: https://repo.maven.apache.org/maven2/org/eclipse/jetty/jetty-util-ajax/9.3.25.v20180904/jetty-util-ajax-9.3.25.v20180904.pom (1.5 kB at 69 kB/s)
[INFO] Downloading from apache.snapshots.https: https://repository.apache.org/content/repositories/snapshots/org/eclipse/jetty/jetty-server/9.3.25.v20180904/jetty-server-9.3.25.v20180904.jar
[INFO] Downloading from apache.snapshots.https: https://repository.apache.org/content/repositories/snapshots/org/eclipse/jetty/jetty-util/9.3.25.v20180904/jetty-util-9.3.25.v20180904.jar
[INFO] Downloading from apache.snapshots.https: https://repository.apache.org/content/repositories/snapshots/org/eclipse/jetty/jetty-io/9.3.25.v20180904/jetty-io-9.3.25.v20180904.jar
[INFO] Downloading from apache.snapshots.https: https://repository.apache.org/content/repositories/snapshots/org/eclipse/jetty/jetty-http/9.3.25.v20180904/jetty-http-9.3.25.v20180904.jar
[INFO] Downloading from apache.snapshots.https: https://repository.apache.org/content/repositories/snapshots/org/eclipse/jetty/jetty-servlet/9.3.25.v20180904/jetty-servlet-9.3.25.v20180904.jar
[INFO] Downloading from apache.snapshots.https: https://repository.apache.org/content/repositories/snapshots/org/eclipse/jetty/jetty-security/9.3.25.v20180904/jetty-security-9.3.25.v20180904.jar
[INFO] Downloading from apache.snapshots.https: https://repository.apache.org/content/repositories/snapshots/jline/jline/0.9.94/jline-0.9.94.jar
[INFO] Downloading from apache.snapshots.https: https://repository.apache.org/content/repositories/snapshots/org/eclipse/jetty/jetty-xml/9.3.25.v20180904/jetty-xml-9.3.25.v20180904.jar
[INFO] Downloading from apache.snapshots.https: https://repository.apache.org/content/repositories/snapshots/commons-beanutils/commons-beanutils/1.9.4/commons-beanutils-1.9.4.jar
[INFO] Downloading from apache.snapshots.https: https://repository.apache.org/content/repositories/snapshots/org/eclipse/jetty/jetty-webapp/9.3.25.v20180904/jetty-webapp-9.3.25.v20180904.jar
[INFO] Downloading from apache.snapshots.https: https://repository.apache.org/content/repositories/snapshots/com/fasterxml/jackson/core/jackson-databind/2.9.9/jackson-databind-2.9.9.jar
[INFO] Downloading from apache.snapshots.https: https://repository.apache.org/content/repositories/snapshots/com/fasterxml/jackson/core/jackson-core/2.9.9/jackson-core-2.9.9.jar
[INFO] Downloading from apache.snapshots.https: https://repository.apache.org/content/repositories/snapshots/org/eclipse/jetty/jetty-util-ajax/9.3.25.v20180904/jetty-util-ajax-9.3.25.v20180904.jar
[INFO] Downloading from apache.snapshots.https: https://repository.apache.org/content/repositories/snapshots/com/fasterxml/jackson/core/jackson-annotations/2.9.9/jackson-annotations-2.9.9.jar
[INFO] Downloading from repository.jboss.org: http://repository.jboss.org/nexus/content/groups/public/org/eclipse/jetty/jetty-server/9.3.25.v20180904/jetty-server-9.3.25.v20180904.jar
[INFO] Downloading from repository.jboss.org: http://repository.jboss.org/nexus/content/groups/public/org/eclipse/jetty/jetty-servlet/9.3.25.v20180904/jetty-servlet-9.3.25.v20180904.jar
[INFO] Downloading from repository.jboss.org: http://repository.jboss.org/nexus/content/groups/public/org/eclipse/jetty/jetty-util/9.3.25.v20180904/jetty-util-9.3.25.v20180904.jar
[INFO] Downloading from repository.jboss.org: http://repository.jboss.org/nexus/content/groups/public/org/eclipse/jetty/jetty-io/9.3.25.v20180904/jetty-io-9.3.25.v20180904.jar
[INFO] Downloading from repository.jboss.org: http://repository.jboss.org/nexus/content/groups/public/org/eclipse/jetty/jetty-http/9.3.25.v20180904/jetty-http-9.3.25.v20180904.jar
[INFO] Downloading from repository.jboss.org: http://repository.jboss.org/nexus/content/groups/public/org/eclipse/jetty/jetty-security/9.3.25.v20180904/jetty-security-9.3.25.v20180904.jar
[INFO] Downloading from repository.jboss.org: http://repository.jboss.org/nexus/content/groups/public/org/eclipse/jetty/jetty-webapp/9.3.25.v20180904/jetty-webapp-9.3.25.v20180904.jar
[INFO] Downloading from repository.jboss.org: http://repository.jboss.org/nexus/content/groups/public/org/eclipse/jetty/jetty-xml/9.3.25.v20180904/jetty-xml-9.3.25.v20180904.jar
[INFO] Downloading from repository.jboss.org: http://repository.jboss.org/nexus/content/groups/public/commons-beanutils/commons-beanutils/1.9.4/commons-beanutils-1.9.4.jar
[INFO] Downloading from repository.jboss.org: http://repository.jboss.org/nexus/content/groups/public/jline/jline/0.9.94/jline-0.9.94.jar
[INFO] Downloading from repository.jboss.org: http://repository.jboss.org/nexus/content/groups/public/com/fasterxml/jackson/core/jackson-databind/2.9.9/jackson-databind-2.9.9.jar
[INFO] Downloading from repository.jboss.org: http://repository.jboss.org/nexus/content/groups/public/com/fasterxml/jackson/core/jackson-core/2.9.9/jackson-core-2.9.9.jar
[INFO] Downloading from repository.jboss.org: http://repository.jboss.org/nexus/content/groups/public/org/eclipse/jetty/jetty-util-ajax/9.3.25.v20180904/jetty-util-ajax-9.3.25.v20180904.jar
[INFO] Downloading from repository.jboss.org: http://repository.jboss.org/nexus/content/groups/public/com/fasterxml/jackson/core/jackson-annotations/2.9.9/jackson-annotations-2.9.9.jar
[INFO] Downloading from central: https://repo.maven.apache.org/maven2/org/eclipse/jetty/jetty-server/9.3.25.v20180904/jetty-server-9.3.25.v20180904.jar
[INFO] Downloading from central: https://repo.maven.apache.org/maven2/org/eclipse/jetty/jetty-servlet/9.3.25.v20180904/jetty-servlet-9.3.25.v20180904.jar
[INFO] Downloading from central: https://repo.maven.apache.org/maven2/org/eclipse/jetty/jetty-util/9.3.25.v20180904/jetty-util-9.3.25.v20180904.jar
[INFO] Downloading from central: https://repo.maven.apache.org/maven2/org/eclipse/jetty/jetty-io/9.3.25.v20180904/jetty-io-9.3.25.v20180904.jar
[INFO] Downloading from central: https://repo.maven.apache.org/maven2/org/eclipse/jetty/jetty-http/9.3.25.v20180904/jetty-http-9.3.25.v20180904.jar
[INFO] Downloaded from central: https://repo.maven.apache.org/maven2/org/eclipse/jetty/jetty-servlet/9.3.25.v20180904/jetty-servlet-9.3.25.v20180904.jar (119 kB at 2.8 MB/s)
[INFO] Downloading from central: https://repo.maven.apache.org/maven2/org/eclipse/jetty/jetty-security/9.3.25.v20180904/jetty-security-9.3.25.v20180904.jar
[INFO] Downloaded from central: https://repo.maven.apache.org/maven2/org/eclipse/jetty/jetty-io/9.3.25.v20180904/jetty-io-9.3.25.v20180904.jar (123 kB at 2.7 MB/s)
[INFO] Downloading from central: https://repo.maven.apache.org/maven2/org/eclipse/jetty/jetty-webapp/9.3.25.v20180904/jetty-webapp-9.3.25.v20180904.jar
[INFO] Downloaded from central: https://repo.maven.apache.org/maven2/org/eclipse/jetty/jetty-http/9.3.25.v20180904/jetty-http-9.3.25.v20180904.jar (151 kB at 3.1 MB/s)
[INFO] Downloading from central: https://repo.maven.apache.org/maven2/org/eclipse/jetty/jetty-xml/9.3.25.v20180904/jetty-xml-9.3.25.v20180904.jar
[INFO] Downloaded from central: https://repo.maven.apache.org/maven2/org/eclipse/jetty/jetty-util/9.3.25.v20180904/jetty-util-9.3.25.v20180904.jar (459 kB at 7.8 MB/s)
[INFO] Downloading from central: https://repo.maven.apache.org/maven2/commons-beanutils/commons-beanutils/1.9.4/commons-beanutils-1.9.4.jar
[INFO] Downloaded from central: https://repo.maven.apache.org/maven2/org/eclipse/jetty/jetty-xml/9.3.25.v20180904/jetty-xml-9.3.25.v20180904.jar (52 kB at 729 kB/s)
[INFO] Downloading from central: https://repo.maven.apache.org/maven2/jline/jline/0.9.94/jline-0.9.94.jar
[INFO] Downloaded from central: https://repo.maven.apache.org/maven2/org/eclipse/jetty/jetty-security/9.3.25.v20180904/jetty-security-9.3.25.v20180904.jar (95 kB at 1.3 MB/s)
[INFO] Downloading from central: https://repo.maven.apache.org/maven2/com/fasterxml/jackson/core/jackson-databind/2.9.9/jackson-databind-2.9.9.jar
[INFO] Downloaded from central: https://repo.maven.apache.org/maven2/org/eclipse/jetty/jetty-server/9.3.25.v20180904/jetty-server-9.3.25.v20180904.jar (521 kB at 6.8 MB/s)
[INFO] Downloading from central: https://repo.maven.apache.org/maven2/com/fasterxml/jackson/core/jackson-core/2.9.9/jackson-core-2.9.9.jar
[INFO] Downloaded from central: https://repo.maven.apache.org/maven2/org/eclipse/jetty/jetty-webapp/9.3.25.v20180904/jetty-webapp-9.3.25.v20180904.jar (115 kB at 1.5 MB/s)
[INFO] Downloading from central: https://repo.maven.apache.org/maven2/org/eclipse/jetty/jetty-util-ajax/9.3.25.v20180904/jetty-util-ajax-9.3.25.v20180904.jar
[INFO] Downloaded from central: https://repo.maven.apache.org/maven2/commons-beanutils/commons-beanutils/1.9.4/commons-beanutils-1.9.4.jar (247 kB at 2.8 MB/s)
[INFO] Downloading from central: https://repo.maven.apache.org/maven2/com/fasterxml/jackson/core/jackson-annotations/2.9.9/jackson-annotations-2.9.9.jar
[INFO] Downloaded from central: https://repo.maven.apache.org/maven2/jline/jline/0.9.94/jline-0.9.94.jar (87 kB at 919 kB/s)
[INFO] Downloaded from central: https://repo.maven.apache.org/maven2/org/eclipse/jetty/jetty-util-ajax/9.3.25.v20180904/jetty-util-ajax-9.3.25.v20180904.jar (39 kB at 385 kB/s)
[INFO] Downloaded from central: https://repo.maven.apache.org/maven2/com/fasterxml/jackson/core/jackson-core/2.9.9/jackson-core-2.9.9.jar (326 kB at 3.0 MB/s)
[INFO] Downloaded from central: https://repo.maven.apache.org/maven2/com/fasterxml/jackson/core/jackson-annotations/2.9.9/jackson-annotations-2.9.9.jar (67 kB at 587 kB/s)
[INFO] Downloaded from central: https://repo.maven.apache.org/maven2/com/fasterxml/jackson/core/jackson-databind/2.9.9/jackson-databind-2.9.9.jar (1.3 MB at 8.9 MB/s)
[INFO] 
[INFO] --- maven-antrun-plugin:1.3:run (create-testdirs) @ hadoop-hdds ---
[INFO] Executing tasks
[INFO] Executed tasks
[INFO] 
[INFO] --- maven-remote-resources-plugin:1.5:process (default) @ hadoop-hdds ---
[INFO] 
[INFO] ----------------< org.apache.hadoop:hadoop-hdds-config >----------------
[INFO] Building Apache Hadoop HDDS Config 0.5.0-SNAPSHOT                 [3/26]
[INFO] --------------------------------[ jar ]---------------------------------
[INFO] 
[INFO] --- maven-antrun-plugin:1.3:run (create-testdirs) @ hadoop-hdds-config ---
[INFO] Executing tasks
[INFO] Executed tasks
[INFO] 
[INFO] --- maven-remote-resources-plugin:1.5:process (default) @ hadoop-hdds-config ---
[INFO] 
[INFO] --- maven-resources-plugin:2.6:resources (default-resources) @ hadoop-hdds-config ---
[INFO] Using 'UTF-8' encoding to copy filtered resources.
[INFO] skip non existing resourceDirectory /workdir/hadoop-hdds/config/src/main/resources
[INFO] Copying 2 resources
[INFO] 
[INFO] --- maven-compiler-plugin:3.1:compile (default-compile) @ hadoop-hdds-config ---
[INFO] Compiling 8 source files to /workdir/hadoop-hdds/config/target/classes
[INFO] 
[INFO] --- maven-resources-plugin:2.6:testResources (default-testResources) @ hadoop-hdds-config ---
[INFO] Using 'UTF-8' encoding to copy filtered resources.
[INFO] Copying 1 resource
[INFO] Copying 2 resources
[INFO] 
[INFO] --- maven-compiler-plugin:3.1:testCompile (default-testCompile) @ hadoop-hdds-config ---
[INFO] Compiling 3 source files to /workdir/hadoop-hdds/config/target/test-classes
[INFO] 
[INFO] --- maven-surefire-plugin:3.0.0-M1:test (default-test) @ hadoop-hdds-config ---
[INFO] Downloading from apache.snapshots.https: https://repository.apache.org/content/repositories/snapshots/org/apache/maven/surefire/surefire-junit4/3.0.0-M1/surefire-junit4-3.0.0-M1.jar
[INFO] Downloading from central: https://repo.maven.apache.org/maven2/org/apache/maven/surefire/surefire-junit4/3.0.0-M1/surefire-junit4-3.0.0-M1.jar
[INFO] Downloaded from central: https://repo.maven.apache.org/maven2/org/apache/maven/surefire/surefire-junit4/3.0.0-M1/surefire-junit4-3.0.0-M1.jar (17 kB at 689 kB/s)
[INFO] Downloading from apache.snapshots.https: https://repository.apache.org/content/repositories/snapshots/org/apache/maven/surefire/surefire-junit4/3.0.0-M1/surefire-junit4-3.0.0-M1.pom
[INFO] Downloading from central: https://repo.maven.apache.org/maven2/org/apache/maven/surefire/surefire-junit4/3.0.0-M1/surefire-junit4-3.0.0-M1.pom
[INFO] Downloaded from central: https://repo.maven.apache.org/maven2/org/apache/maven/surefire/surefire-junit4/3.0.0-M1/surefire-junit4-3.0.0-M1.pom (1.7 kB at 80 kB/s)
[INFO] Downloading from apache.snapshots.https: https://repository.apache.org/content/repositories/snapshots/org/apache/maven/surefire/surefire-providers/3.0.0-M1/surefire-providers-3.0.0-M1.pom
[INFO] Downloading from central: https://repo.maven.apache.org/maven2/org/apache/maven/surefire/surefire-providers/3.0.0-M1/surefire-providers-3.0.0-M1.pom
[INFO] Downloaded from central: https://repo.maven.apache.org/maven2/org/apache/maven/surefire/surefire-providers/3.0.0-M1/surefire-providers-3.0.0-M1.pom (2.5 kB at 127 kB/s)
[INFO] Downloading from apache.snapshots.https: https://repository.apache.org/content/repositories/snapshots/org/apache/maven/surefire/common-junit4/3.0.0-M1/common-junit4-3.0.0-M1.pom
[INFO] Downloading from central: https://repo.maven.apache.org/maven2/org/apache/maven/surefire/common-junit4/3.0.0-M1/common-junit4-3.0.0-M1.pom
[INFO] Downloaded from central: https://repo.maven.apache.org/maven2/org/apache/maven/surefire/common-junit4/3.0.0-M1/common-junit4-3.0.0-M1.pom (2.1 kB at 98 kB/s)
[INFO] Downloading from apache.snapshots.https: https://repository.apache.org/content/repositories/snapshots/org/apache/maven/surefire/common-junit3/3.0.0-M1/common-junit3-3.0.0-M1.pom
[INFO] Downloading from central: https://repo.maven.apache.org/maven2/org/apache/maven/surefire/common-junit3/3.0.0-M1/common-junit3-3.0.0-M1.pom
[INFO] Downloaded from central: https://repo.maven.apache.org/maven2/org/apache/maven/surefire/common-junit3/3.0.0-M1/common-junit3-3.0.0-M1.pom (1.6 kB at 72 kB/s)
[INFO] Downloading from apache.snapshots.https: https://repository.apache.org/content/repositories/snapshots/org/apache/maven/surefire/common-java5/3.0.0-M1/common-java5-3.0.0-M1.pom
[INFO] Downloading from central: https://repo.maven.apache.org/maven2/org/apache/maven/surefire/common-java5/3.0.0-M1/common-java5-3.0.0-M1.pom
[INFO] Downloaded from central: https://repo.maven.apache.org/maven2/org/apache/maven/surefire/common-java5/3.0.0-M1/common-java5-3.0.0-M1.pom (3.1 kB at 146 kB/s)
[INFO] Downloading from apache.snapshots.https: https://repository.apache.org/content/repositories/snapshots/org/apache/maven/surefire/common-junit3/3.0.0-M1/common-junit3-3.0.0-M1.jar
[INFO] Downloading from apache.snapshots.https: https://repository.apache.org/content/repositories/snapshots/org/apache/maven/surefire/common-java5/3.0.0-M1/common-java5-3.0.0-M1.jar
[INFO] Downloading from apache.snapshots.https: https://repository.apache.org/content/repositories/snapshots/org/apache/maven/surefire/common-junit4/3.0.0-M1/common-junit4-3.0.0-M1.jar
[INFO] Downloading from central: https://repo.maven.apache.org/maven2/org/apache/maven/surefire/common-java5/3.0.0-M1/common-java5-3.0.0-M1.jar
[INFO] Downloading from central: https://repo.maven.apache.org/maven2/org/apache/maven/surefire/common-junit4/3.0.0-M1/common-junit4-3.0.0-M1.jar
[INFO] Downloading from central: https://repo.maven.apache.org/maven2/org/apache/maven/surefire/common-junit3/3.0.0-M1/common-junit3-3.0.0-M1.jar
[INFO] Downloaded from central: https://repo.maven.apache.org/maven2/org/apache/maven/surefire/common-java5/3.0.0-M1/common-java5-3.0.0-M1.jar (32 kB at 1.4 MB/s)
[INFO] Downloaded from central: https://repo.maven.apache.org/maven2/org/apache/maven/surefire/common-junit3/3.0.0-M1/common-junit3-3.0.0-M1.jar (12 kB at 484 kB/s)
[INFO] Downloaded from central: https://repo.maven.apache.org/maven2/org/apache/maven/surefire/common-junit4/3.0.0-M1/common-junit4-3.0.0-M1.jar (28 kB at 1.1 MB/s)
[INFO] 
[INFO] -------------------------------------------------------
[INFO]  T E S T S
[INFO] -------------------------------------------------------
[INFO] Running org.apache.hadoop.hdds.conf.TestConfigFileAppender
[INFO] Tests run: 1, Failures: 0, Errors: 0, Skipped: 0, Time elapsed: 0.148 s - in org.apache.hadoop.hdds.conf.TestConfigFileAppender
[INFO] 
[INFO] Results:
[INFO] 
[INFO] Tests run: 1, Failures: 0, Errors: 0, Skipped: 0
[INFO] 
[INFO] 
[INFO] ----------------< org.apache.hadoop:hadoop-hdds-common >----------------
[INFO] Building Apache Hadoop HDDS Common 0.5.0-SNAPSHOT                 [4/26]
[INFO] --------------------------------[ jar ]---------------------------------
[INFO] Downloading from apache.snapshots.https: https://repository.apache.org/content/repositories/snapshots/org/apache/ratis/ratis-server/0.4.0/ratis-server-0.4.0.pom
[INFO] Downloading from repository.jboss.org: http://repository.jboss.org/nexus/content/groups/public/org/apache/ratis/ratis-server/0.4.0/ratis-server-0.4.0.pom
[INFO] Downloading from central: https://repo.maven.apache.org/maven2/org/apache/ratis/ratis-server/0.4.0/ratis-server-0.4.0.pom
[INFO] Downloaded from central: https://repo.maven.apache.org/maven2/org/apache/ratis/ratis-server/0.4.0/ratis-server-0.4.0.pom (2.6 kB at 120 kB/s)
[INFO] Downloading from apache.snapshots.https: https://repository.apache.org/content/repositories/snapshots/org/apache/ratis/ratis/0.4.0/ratis-0.4.0.pom
[INFO] Downloading from repository.jboss.org: http://repository.jboss.org/nexus/content/groups/public/org/apache/ratis/ratis/0.4.0/ratis-0.4.0.pom
[INFO] Downloading from central: https://repo.maven.apache.org/maven2/org/apache/ratis/ratis/0.4.0/ratis-0.4.0.pom
[INFO] Downloaded from central: https://repo.maven.apache.org/maven2/org/apache/ratis/ratis/0.4.0/ratis-0.4.0.pom (36 kB at 1.4 MB/s)
[INFO] Downloading from apache.snapshots.https: https://repository.apache.org/content/repositories/snapshots/org/apache/ratis/ratis-proto/0.4.0/ratis-proto-0.4.0.pom
[INFO] Downloading from repository.jboss.org: http://repository.jboss.org/nexus/content/groups/public/org/apache/ratis/ratis-proto/0.4.0/ratis-proto-0.4.0.pom
[INFO] Downloading from central: https://repo.maven.apache.org/maven2/org/apache/ratis/ratis-proto/0.4.0/ratis-proto-0.4.0.pom
[INFO] Downloaded from central: https://repo.maven.apache.org/maven2/org/apache/ratis/ratis-proto/0.4.0/ratis-proto-0.4.0.pom (6.8 kB at 326 kB/s)
[INFO] Downloading from apache.snapshots.https: https://repository.apache.org/content/repositories/snapshots/org/apache/ratis/ratis-common/0.4.0/ratis-common-0.4.0.pom
[INFO] Downloading from repository.jboss.org: http://repository.jboss.org/nexus/content/groups/public/org/apache/ratis/ratis-common/0.4.0/ratis-common-0.4.0.pom
[INFO] Downloading from central: https://repo.maven.apache.org/maven2/org/apache/ratis/ratis-common/0.4.0/ratis-common-0.4.0.pom
[INFO] Downloaded from central: https://repo.maven.apache.org/maven2/org/apache/ratis/ratis-common/0.4.0/ratis-common-0.4.0.pom (5.0 kB at 218 kB/s)
[INFO] Downloading from apache.snapshots.https: https://repository.apache.org/content/repositories/snapshots/org/apache/ratis/ratis-client/0.4.0/ratis-client-0.4.0.pom
[INFO] Downloading from repository.jboss.org: http://repository.jboss.org/nexus/content/groups/public/org/apache/ratis/ratis-client/0.4.0/ratis-client-0.4.0.pom
[INFO] Downloading from central: https://repo.maven.apache.org/maven2/org/apache/ratis/ratis-client/0.4.0/ratis-client-0.4.0.pom
[INFO] Downloaded from central: https://repo.maven.apache.org/maven2/org/apache/ratis/ratis-client/0.4.0/ratis-client-0.4.0.pom (1.6 kB at 73 kB/s)
[INFO] Downloading from apache.snapshots.https: https://repository.apache.org/content/repositories/snapshots/org/apache/ratis/ratis-metrics/0.4.0/ratis-metrics-0.4.0.pom
[INFO] Downloading from repository.jboss.org: http://repository.jboss.org/nexus/content/groups/public/org/apache/ratis/ratis-metrics/0.4.0/ratis-metrics-0.4.0.pom
[INFO] Downloading from central: https://repo.maven.apache.org/maven2/org/apache/ratis/ratis-metrics/0.4.0/ratis-metrics-0.4.0.pom
[INFO] Downloaded from central: https://repo.maven.apache.org/maven2/org/apache/ratis/ratis-metrics/0.4.0/ratis-metrics-0.4.0.pom (2.6 kB at 49 kB/s)
[INFO] Downloading from apache.snapshots.https: https://repository.apache.org/content/repositories/snapshots/com/github/joshelser/dropwizard-metrics-hadoop-metrics2-reporter/0.1.2/dropwizard-metrics-hadoop-metrics2-reporter-0.1.2.pom
[INFO] Downloading from repository.jboss.org: http://repository.jboss.org/nexus/content/groups/public/com/github/joshelser/dropwizard-metrics-hadoop-metrics2-reporter/0.1.2/dropwizard-metrics-hadoop-metrics2-reporter-0.1.2.pom
[INFO] Downloading from central: https://repo.maven.apache.org/maven2/com/github/joshelser/dropwizard-metrics-hadoop-metrics2-reporter/0.1.2/dropwizard-metrics-hadoop-metrics2-reporter-0.1.2.pom
[INFO] Downloaded from central: https://repo.maven.apache.org/maven2/com/github/joshelser/dropwizard-metrics-hadoop-metrics2-reporter/0.1.2/dropwizard-metrics-hadoop-metrics2-reporter-0.1.2.pom (7.7 kB at 334 kB/s)
[INFO] Downloading from apache.snapshots.https: https://repository.apache.org/content/repositories/snapshots/io/dropwizard/metrics/metrics-jvm/3.2.5/metrics-jvm-3.2.5.pom
[INFO] Downloading from repository.jboss.org: http://repository.jboss.org/nexus/content/groups/public/io/dropwizard/metrics/metrics-jvm/3.2.5/metrics-jvm-3.2.5.pom
[INFO] Downloading from central: https://repo.maven.apache.org/maven2/io/dropwizard/metrics/metrics-jvm/3.2.5/metrics-jvm-3.2.5.pom
[INFO] Downloaded from central: https://repo.maven.apache.org/maven2/io/dropwizard/metrics/metrics-jvm/3.2.5/metrics-jvm-3.2.5.pom (967 B at 48 kB/s)
[INFO] Downloading from apache.snapshots.https: https://repository.apache.org/content/repositories/snapshots/io/dropwizard/metrics/metrics-parent/3.2.5/metrics-parent-3.2.5.pom
[INFO] Downloading from repository.jboss.org: http://repository.jboss.org/nexus/content/groups/public/io/dropwizard/metrics/metrics-parent/3.2.5/metrics-parent-3.2.5.pom
[INFO] Downloading from central: https://repo.maven.apache.org/maven2/io/dropwizard/metrics/metrics-parent/3.2.5/metrics-parent-3.2.5.pom
[INFO] Downloaded from central: https://repo.maven.apache.org/maven2/io/dropwizard/metrics/metrics-parent/3.2.5/metrics-parent-3.2.5.pom (12 kB at 531 kB/s)
[INFO] Downloading from apache.snapshots.https: https://repository.apache.org/content/repositories/snapshots/io/dropwizard/metrics/metrics-ganglia/3.2.5/metrics-ganglia-3.2.5.pom
[INFO] Downloading from repository.jboss.org: http://repository.jboss.org/nexus/content/groups/public/io/dropwizard/metrics/metrics-ganglia/3.2.5/metrics-ganglia-3.2.5.pom
[INFO] Downloading from central: https://repo.maven.apache.org/maven2/io/dropwizard/metrics/metrics-ganglia/3.2.5/metrics-ganglia-3.2.5.pom
[INFO] Downloaded from central: https://repo.maven.apache.org/maven2/io/dropwizard/metrics/metrics-ganglia/3.2.5/metrics-ganglia-3.2.5.pom (1.1 kB at 53 kB/s)
[INFO] Downloading from apache.snapshots.https: https://repository.apache.org/content/repositories/snapshots/info/ganglia/gmetric4j/gmetric4j/1.0.7/gmetric4j-1.0.7.pom
[INFO] Downloading from repository.jboss.org: http://repository.jboss.org/nexus/content/groups/public/info/ganglia/gmetric4j/gmetric4j/1.0.7/gmetric4j-1.0.7.pom
[INFO] Downloading from central: https://repo.maven.apache.org/maven2/info/ganglia/gmetric4j/gmetric4j/1.0.7/gmetric4j-1.0.7.pom
[INFO] Downloaded from central: https://repo.maven.apache.org/maven2/info/ganglia/gmetric4j/gmetric4j/1.0.7/gmetric4j-1.0.7.pom (4.9 kB at 222 kB/s)
[INFO] Downloading from apache.snapshots.https: https://repository.apache.org/content/repositories/snapshots/org/apache/ratis/ratis-netty/0.4.0/ratis-netty-0.4.0.pom
[INFO] Downloading from repository.jboss.org: http://repository.jboss.org/nexus/content/groups/public/org/apache/ratis/ratis-netty/0.4.0/ratis-netty-0.4.0.pom
[INFO] Downloading from central: https://repo.maven.apache.org/maven2/org/apache/ratis/ratis-netty/0.4.0/ratis-netty-0.4.0.pom
[INFO] Downloaded from central: https://repo.maven.apache.org/maven2/org/apache/ratis/ratis-netty/0.4.0/ratis-netty-0.4.0.pom (2.4 kB at 110 kB/s)
[INFO] Downloading from apache.snapshots.https: https://repository.apache.org/content/repositories/snapshots/org/apache/ratis/ratis-grpc/0.4.0/ratis-grpc-0.4.0.pom
[INFO] Downloading from repository.jboss.org: http://repository.jboss.org/nexus/content/groups/public/org/apache/ratis/ratis-grpc/0.4.0/ratis-grpc-0.4.0.pom
[INFO] Downloading from central: https://repo.maven.apache.org/maven2/org/apache/ratis/ratis-grpc/0.4.0/ratis-grpc-0.4.0.pom
[INFO] Downloaded from central: https://repo.maven.apache.org/maven2/org/apache/ratis/ratis-grpc/0.4.0/ratis-grpc-0.4.0.pom (2.4 kB at 110 kB/s)
[INFO] Downloading from apache.snapshots.https: https://repository.apache.org/content/repositories/snapshots/io/jaegertracing/jaeger-client/0.34.0/jaeger-client-0.34.0.pom
[INFO] Downloading from repository.jboss.org: http://repository.jboss.org/nexus/content/groups/public/io/jaegertracing/jaeger-client/0.34.0/jaeger-client-0.34.0.pom
[INFO] Downloading from central: https://repo.maven.apache.org/maven2/io/jaegertracing/jaeger-client/0.34.0/jaeger-client-0.34.0.pom
[INFO] Downloaded from central: https://repo.maven.apache.org/maven2/io/jaegertracing/jaeger-client/0.34.0/jaeger-client-0.34.0.pom (2.0 kB at 101 kB/s)
[INFO] Downloading from apache.snapshots.https: https://repository.apache.org/content/repositories/snapshots/io/jaegertracing/jaeger-thrift/0.34.0/jaeger-thrift-0.34.0.pom
[INFO] Downloading from repository.jboss.org: http://repository.jboss.org/nexus/content/groups/public/io/jaegertracing/jaeger-thrift/0.34.0/jaeger-thrift-0.34.0.pom
[INFO] Downloading from central: https://repo.maven.apache.org/maven2/io/jaegertracing/jaeger-thrift/0.34.0/jaeger-thrift-0.34.0.pom
[INFO] Downloaded from central: https://repo.maven.apache.org/maven2/io/jaegertracing/jaeger-thrift/0.34.0/jaeger-thrift-0.34.0.pom (3.1 kB at 155 kB/s)
[INFO] Downloading from apache.snapshots.https: https://repository.apache.org/content/repositories/snapshots/io/jaegertracing/jaeger-core/0.34.0/jaeger-core-0.34.0.pom
[INFO] Downloading from repository.jboss.org: http://repository.jboss.org/nexus/content/groups/public/io/jaegertracing/jaeger-core/0.34.0/jaeger-core-0.34.0.pom
[INFO] Downloading from central: https://repo.maven.apache.org/maven2/io/jaegertracing/jaeger-core/0.34.0/jaeger-core-0.34.0.pom
[INFO] Downloaded from central: https://repo.maven.apache.org/maven2/io/jaegertracing/jaeger-core/0.34.0/jaeger-core-0.34.0.pom (3.3 kB at 138 kB/s)
[INFO] Downloading from apache.snapshots.https: https://repository.apache.org/content/repositories/snapshots/org/apache/thrift/libthrift/0.12.0/libthrift-0.12.0.pom
[INFO] Downloading from repository.jboss.org: http://repository.jboss.org/nexus/content/groups/public/org/apache/thrift/libthrift/0.12.0/libthrift-0.12.0.pom
[INFO] Downloading from central: https://repo.maven.apache.org/maven2/org/apache/thrift/libthrift/0.12.0/libthrift-0.12.0.pom
[INFO] Downloaded from central: https://repo.maven.apache.org/maven2/org/apache/thrift/libthrift/0.12.0/libthrift-0.12.0.pom (2.5 kB at 117 kB/s)
[INFO] Downloading from apache.snapshots.https: https://repository.apache.org/content/repositories/snapshots/io/jaegertracing/jaeger-tracerresolver/0.34.0/jaeger-tracerresolver-0.34.0.pom
[INFO] Downloading from repository.jboss.org: http://repository.jboss.org/nexus/content/groups/public/io/jaegertracing/jaeger-tracerresolver/0.34.0/jaeger-tracerresolver-0.34.0.pom
[INFO] Downloading from central: https://repo.maven.apache.org/maven2/io/jaegertracing/jaeger-tracerresolver/0.34.0/jaeger-tracerresolver-0.34.0.pom
[INFO] Downloaded from central: https://repo.maven.apache.org/maven2/io/jaegertracing/jaeger-tracerresolver/0.34.0/jaeger-tracerresolver-0.34.0.pom (1.9 kB at 81 kB/s)
[INFO] Downloading from apache.snapshots.https: https://repository.apache.org/content/repositories/snapshots/org/apache/ratis/ratis-server/0.4.0/ratis-server-0.4.0.jar
[INFO] Downloading from apache.snapshots.https: https://repository.apache.org/content/repositories/snapshots/org/apache/ratis/ratis-common/0.4.0/ratis-common-0.4.0.jar
[INFO] Downloading from apache.snapshots.https: https://repository.apache.org/content/repositories/snapshots/org/apache/ratis/ratis-proto/0.4.0/ratis-proto-0.4.0.jar
[INFO] Downloading from apache.snapshots.https: https://repository.apache.org/content/repositories/snapshots/org/apache/ratis/ratis-metrics/0.4.0/ratis-metrics-0.4.0.jar
[INFO] Downloading from apache.snapshots.https: https://repository.apache.org/content/repositories/snapshots/org/apache/ratis/ratis-client/0.4.0/ratis-client-0.4.0.jar
[INFO] Downloading from apache.snapshots.https: https://repository.apache.org/content/repositories/snapshots/com/github/joshelser/dropwizard-metrics-hadoop-metrics2-reporter/0.1.2/dropwizard-metrics-hadoop-metrics2-reporter-0.1.2.jar
[INFO] Downloading from apache.snapshots.https: https://repository.apache.org/content/repositories/snapshots/io/dropwizard/metrics/metrics-jvm/3.2.5/metrics-jvm-3.2.5.jar
[INFO] Downloading from apache.snapshots.https: https://repository.apache.org/content/repositories/snapshots/io/dropwizard/metrics/metrics-ganglia/3.2.5/metrics-ganglia-3.2.5.jar
[INFO] Downloading from apache.snapshots.https: https://repository.apache.org/content/repositories/snapshots/info/ganglia/gmetric4j/gmetric4j/1.0.7/gmetric4j-1.0.7.jar
[INFO] Downloading from apache.snapshots.https: https://repository.apache.org/content/repositories/snapshots/org/apache/ratis/ratis-netty/0.4.0/ratis-netty-0.4.0.jar
[INFO] Downloading from apache.snapshots.https: https://repository.apache.org/content/repositories/snapshots/org/apache/ratis/ratis-grpc/0.4.0/ratis-grpc-0.4.0.jar
[INFO] Downloading from apache.snapshots.https: https://repository.apache.org/content/repositories/snapshots/io/jaegertracing/jaeger-client/0.34.0/jaeger-client-0.34.0.jar
[INFO] Downloading from apache.snapshots.https: https://repository.apache.org/content/repositories/snapshots/io/jaegertracing/jaeger-thrift/0.34.0/jaeger-thrift-0.34.0.jar
[INFO] Downloading from apache.snapshots.https: https://repository.apache.org/content/repositories/snapshots/org/apache/thrift/libthrift/0.12.0/libthrift-0.12.0.jar
[INFO] Downloading from apache.snapshots.https: https://repository.apache.org/content/repositories/snapshots/io/jaegertracing/jaeger-core/0.34.0/jaeger-core-0.34.0.jar
[INFO] Downloading from apache.snapshots.https: https://repository.apache.org/content/repositories/snapshots/io/jaegertracing/jaeger-tracerresolver/0.34.0/jaeger-tracerresolver-0.34.0.jar
[INFO] Downloading from repository.jboss.org: http://repository.jboss.org/nexus/content/groups/public/org/apache/ratis/ratis-server/0.4.0/ratis-server-0.4.0.jar
[INFO] Downloading from repository.jboss.org: http://repository.jboss.org/nexus/content/groups/public/org/apache/ratis/ratis-client/0.4.0/ratis-client-0.4.0.jar
[INFO] Downloading from repository.jboss.org: http://repository.jboss.org/nexus/content/groups/public/org/apache/ratis/ratis-common/0.4.0/ratis-common-0.4.0.jar
[INFO] Downloading from repository.jboss.org: http://repository.jboss.org/nexus/content/groups/public/org/apache/ratis/ratis-proto/0.4.0/ratis-proto-0.4.0.jar
[INFO] Downloading from repository.jboss.org: http://repository.jboss.org/nexus/content/groups/public/org/apache/ratis/ratis-metrics/0.4.0/ratis-metrics-0.4.0.jar
[INFO] Downloading from repository.jboss.org: http://repository.jboss.org/nexus/content/groups/public/com/github/joshelser/dropwizard-metrics-hadoop-metrics2-reporter/0.1.2/dropwizard-metrics-hadoop-metrics2-reporter-0.1.2.jar
[INFO] Downloading from repository.jboss.org: http://repository.jboss.org/nexus/content/groups/public/io/dropwizard/metrics/metrics-jvm/3.2.5/metrics-jvm-3.2.5.jar
[INFO] Downloading from repository.jboss.org: http://repository.jboss.org/nexus/content/groups/public/io/dropwizard/metrics/metrics-ganglia/3.2.5/metrics-ganglia-3.2.5.jar
[INFO] Downloading from repository.jboss.org: http://repository.jboss.org/nexus/content/groups/public/info/ganglia/gmetric4j/gmetric4j/1.0.7/gmetric4j-1.0.7.jar
[INFO] Downloading from repository.jboss.org: http://repository.jboss.org/nexus/content/groups/public/org/apache/ratis/ratis-netty/0.4.0/ratis-netty-0.4.0.jar
[INFO] Downloading from repository.jboss.org: http://repository.jboss.org/nexus/content/groups/public/org/apache/ratis/ratis-grpc/0.4.0/ratis-grpc-0.4.0.jar
[INFO] Downloading from repository.jboss.org: http://repository.jboss.org/nexus/content/groups/public/io/jaegertracing/jaeger-client/0.34.0/jaeger-client-0.34.0.jar
[INFO] Downloading from repository.jboss.org: http://repository.jboss.org/nexus/content/groups/public/io/jaegertracing/jaeger-thrift/0.34.0/jaeger-thrift-0.34.0.jar
[INFO] Downloading from repository.jboss.org: http://repository.jboss.org/nexus/content/groups/public/org/apache/thrift/libthrift/0.12.0/libthrift-0.12.0.jar
[INFO] Downloading from repository.jboss.org: http://repository.jboss.org/nexus/content/groups/public/io/jaegertracing/jaeger-core/0.34.0/jaeger-core-0.34.0.jar
[INFO] Downloading from repository.jboss.org: http://repository.jboss.org/nexus/content/groups/public/io/jaegertracing/jaeger-tracerresolver/0.34.0/jaeger-tracerresolver-0.34.0.jar
[INFO] Downloading from central: https://repo.maven.apache.org/maven2/org/apache/ratis/ratis-server/0.4.0/ratis-server-0.4.0.jar
[INFO] Downloading from central: https://repo.maven.apache.org/maven2/org/apache/ratis/ratis-common/0.4.0/ratis-common-0.4.0.jar
[INFO] Downloading from central: https://repo.maven.apache.org/maven2/org/apache/ratis/ratis-proto/0.4.0/ratis-proto-0.4.0.jar
[INFO] Downloading from central: https://repo.maven.apache.org/maven2/org/apache/ratis/ratis-metrics/0.4.0/ratis-metrics-0.4.0.jar
[INFO] Downloading from central: https://repo.maven.apache.org/maven2/org/apache/ratis/ratis-client/0.4.0/ratis-client-0.4.0.jar
[INFO] Downloaded from central: https://repo.maven.apache.org/maven2/org/apache/ratis/ratis-metrics/0.4.0/ratis-metrics-0.4.0.jar (28 kB at 1.1 MB/s)
[INFO] Downloading from central: https://repo.maven.apache.org/maven2/com/github/joshelser/dropwizard-metrics-hadoop-metrics2-reporter/0.1.2/dropwizard-metrics-hadoop-metrics2-reporter-0.1.2.jar
[INFO] Downloaded from central: https://repo.maven.apache.org/maven2/org/apache/ratis/ratis-client/0.4.0/ratis-client-0.4.0.jar (54 kB at 1.9 MB/s)
[INFO] Downloading from central: https://repo.maven.apache.org/maven2/io/dropwizard/metrics/metrics-jvm/3.2.5/metrics-jvm-3.2.5.jar
[INFO] Downloaded from central: https://repo.maven.apache.org/maven2/org/apache/ratis/ratis-common/0.4.0/ratis-common-0.4.0.jar (255 kB at 5.5 MB/s)
[INFO] Downloading from central: https://repo.maven.apache.org/maven2/io/dropwizard/metrics/metrics-ganglia/3.2.5/metrics-ganglia-3.2.5.jar
[INFO] Downloaded from central: https://repo.maven.apache.org/maven2/com/github/joshelser/dropwizard-metrics-hadoop-metrics2-reporter/0.1.2/dropwizard-metrics-hadoop-metrics2-reporter-0.1.2.jar (16 kB at 346 kB/s)
[INFO] Downloading from central: https://repo.maven.apache.org/maven2/info/ganglia/gmetric4j/gmetric4j/1.0.7/gmetric4j-1.0.7.jar
[INFO] Downloaded from central: https://repo.maven.apache.org/maven2/org/apache/ratis/ratis-server/0.4.0/ratis-server-0.4.0.jar (349 kB at 7.1 MB/s)
[INFO] Downloading from central: https://repo.maven.apache.org/maven2/org/apache/ratis/ratis-netty/0.4.0/ratis-netty-0.4.0.jar
[INFO] Downloaded from central: https://repo.maven.apache.org/maven2/io/dropwizard/metrics/metrics-jvm/3.2.5/metrics-jvm-3.2.5.jar (40 kB at 731 kB/s)
[INFO] Downloading from central: https://repo.maven.apache.org/maven2/org/apache/ratis/ratis-grpc/0.4.0/ratis-grpc-0.4.0.jar
[INFO] Downloaded from central: https://repo.maven.apache.org/maven2/io/dropwizard/metrics/metrics-ganglia/3.2.5/metrics-ganglia-3.2.5.jar (9.9 kB at 148 kB/s)
[INFO] Downloading from central: https://repo.maven.apache.org/maven2/io/jaegertracing/jaeger-client/0.34.0/jaeger-client-0.34.0.jar
[INFO] Downloaded from central: https://repo.maven.apache.org/maven2/org/apache/ratis/ratis-netty/0.4.0/ratis-netty-0.4.0.jar (33 kB at 471 kB/s)
[INFO] Downloaded from central: https://repo.maven.apache.org/maven2/info/ganglia/gmetric4j/gmetric4j/1.0.7/gmetric4j-1.0.7.jar (43 kB at 598 kB/s)
[INFO] Downloading from central: https://repo.maven.apache.org/maven2/io/jaegertracing/jaeger-thrift/0.34.0/jaeger-thrift-0.34.0.jar
[INFO] Downloading from central: https://repo.maven.apache.org/maven2/org/apache/thrift/libthrift/0.12.0/libthrift-0.12.0.jar
[INFO] Downloaded from central: https://repo.maven.apache.org/maven2/org/apache/ratis/ratis-grpc/0.4.0/ratis-grpc-0.4.0.jar (108 kB at 1.4 MB/s)
[INFO] Downloading from central: https://repo.maven.apache.org/maven2/io/jaegertracing/jaeger-core/0.34.0/jaeger-core-0.34.0.jar
[INFO] Downloaded from central: https://repo.maven.apache.org/maven2/org/apache/ratis/ratis-proto/0.4.0/ratis-proto-0.4.0.jar (1.2 MB at 13 MB/s)
[INFO] Downloading from central: https://repo.maven.apache.org/maven2/io/jaegertracing/jaeger-tracerresolver/0.34.0/jaeger-tracerresolver-0.34.0.jar
[INFO] Downloaded from central: https://repo.maven.apache.org/maven2/io/jaegertracing/jaeger-client/0.34.0/jaeger-client-0.34.0.jar (1.1 kB at 12 kB/s)
[INFO] Downloaded from central: https://repo.maven.apache.org/maven2/io/jaegertracing/jaeger-tracerresolver/0.34.0/jaeger-tracerresolver-0.34.0.jar (2.6 kB at 24 kB/s)
[INFO] Downloaded from central: https://repo.maven.apache.org/maven2/io/jaegertracing/jaeger-core/0.34.0/jaeger-core-0.34.0.jar (130 kB at 1.2 MB/s)
[INFO] Downloaded from central: https://repo.maven.apache.org/maven2/org/apache/thrift/libthrift/0.12.0/libthrift-0.12.0.jar (246 kB at 2.3 MB/s)
[INFO] Downloaded from central: https://repo.maven.apache.org/maven2/io/jaegertracing/jaeger-thrift/0.34.0/jaeger-thrift-0.34.0.jar (704 kB at 5.0 MB/s)
[INFO] 
[INFO] --- maven-antrun-plugin:1.3:run (create-testdirs) @ hadoop-hdds-common ---
[INFO] Executing tasks
[INFO] Executed tasks
[INFO] 
[INFO] --- protobuf-maven-plugin:0.5.1:compile (compile-protoc) @ hadoop-hdds-common ---
[INFO] Compiling 1 proto file(s) to /workdir/hadoop-hdds/common/target/generated-sources/java
[INFO] 
[INFO] --- protobuf-maven-plugin:0.5.1:compile-custom (compile-protoc) @ hadoop-hdds-common ---
[INFO] Compiling 1 proto file(s) to /workdir/hadoop-hdds/common/target/generated-sources/java
[INFO] 
[INFO] --- maven-antrun-plugin:1.3:run (default) @ hadoop-hdds-common ---
[INFO] Executing tasks
[INFO] Executed tasks
[INFO] 
[INFO] --- hadoop-maven-plugins:3.2.0:protoc (compile-protoc) @ hadoop-hdds-common ---
[INFO] Wrote protoc checksums to file /workdir/hadoop-hdds/common/target/hadoop-maven-plugins-protoc-checksums.json
[INFO] 
[INFO] --- maven-remote-resources-plugin:1.5:process (default) @ hadoop-hdds-common ---
[INFO] 
[INFO] --- hadoop-maven-plugins:3.2.0:version-info (version-info) @ hadoop-hdds-common ---
[INFO] SCM: GIT
[INFO] Computed MD5: 9f98aa25f9b24e1d1d32df54bc1bb3c0
[INFO] 
[INFO] --- maven-resources-plugin:2.6:resources (default-resources) @ hadoop-hdds-common ---
[INFO] Using 'UTF-8' encoding to copy filtered resources.
[INFO] Copying 5 resources
[INFO] Copying 1 resource
[INFO] Copying 1 resource
[INFO] Copying 1 resource
[INFO] Copying 2 resources
[INFO] 
[INFO] --- maven-compiler-plugin:3.1:compile (default-compile) @ hadoop-hdds-common ---
[INFO] Compiling 237 source files to /workdir/hadoop-hdds/common/target/classes
[WARNING] /workdir/hadoop-hdds/common/src/main/java/org/apache/hadoop/hdds/utils/db/DBProfile.java: Some input files use or override a deprecated API.
[WARNING] /workdir/hadoop-hdds/common/src/main/java/org/apache/hadoop/hdds/utils/db/DBProfile.java: Recompile with -Xlint:deprecation for details.
[WARNING] /workdir/hadoop-hdds/common/src/main/java/org/apache/hadoop/hdds/utils/db/CodecRegistry.java: Some input files use unchecked or unsafe operations.
[WARNING] /workdir/hadoop-hdds/common/src/main/java/org/apache/hadoop/hdds/utils/db/CodecRegistry.java: Recompile with -Xlint:unchecked for details.
[INFO] 
[INFO] --- protobuf-maven-plugin:0.5.1:test-compile (compile-protoc) @ hadoop-hdds-common ---
[INFO] /workdir/hadoop-hdds/common/src/test/proto does not exist. Review the configuration or consider disabling the plugin.
[INFO] 
[INFO] --- protobuf-maven-plugin:0.5.1:test-compile-custom (compile-protoc) @ hadoop-hdds-common ---
[INFO] /workdir/hadoop-hdds/common/src/test/proto does not exist. Review the configuration or consider disabling the plugin.
[INFO] 
[INFO] --- maven-resources-plugin:2.6:testResources (default-testResources) @ hadoop-hdds-common ---
[INFO] Using 'UTF-8' encoding to copy filtered resources.
[INFO] Copying 20 resources
[INFO] Copying 2 resources
[INFO] 
[INFO] --- maven-compiler-plugin:3.1:testCompile (default-testCompile) @ hadoop-hdds-common ---
[INFO] Compiling 54 source files to /workdir/hadoop-hdds/common/target/test-classes
[WARNING] /workdir/hadoop-hdds/common/src/test/java/org/apache/hadoop/hdds/scm/net/TestNetworkTopologyImpl.java: Some input files use unchecked or unsafe operations.
[WARNING] /workdir/hadoop-hdds/common/src/test/java/org/apache/hadoop/hdds/scm/net/TestNetworkTopologyImpl.java: Recompile with -Xlint:unchecked for details.
[INFO] 
[INFO] --- maven-surefire-plugin:3.0.0-M1:test (default-test) @ hadoop-hdds-common ---
[INFO] 
[INFO] -------------------------------------------------------
[INFO]  T E S T S
[INFO] -------------------------------------------------------
[INFO] Running org.apache.hadoop.ozone.common.TestStateMachine
[INFO] Tests run: 1, Failures: 0, Errors: 0, Skipped: 0, Time elapsed: 0.146 s - in org.apache.hadoop.ozone.common.TestStateMachine
[INFO] Running org.apache.hadoop.ozone.common.TestChecksum
[INFO] Tests run: 3, Failures: 0, Errors: 0, Skipped: 0, Time elapsed: 0.143 s - in org.apache.hadoop.ozone.common.TestChecksum
[INFO] Running org.apache.hadoop.ozone.audit.TestOzoneAuditLogger
[INFO] Tests run: 3, Failures: 0, Errors: 0, Skipped: 0, Time elapsed: 0.745 s - in org.apache.hadoop.ozone.audit.TestOzoneAuditLogger
[INFO] Running org.apache.hadoop.ozone.lock.TestLockManager
[INFO] Tests run: 2, Failures: 0, Errors: 0, Skipped: 0, Time elapsed: 0.727 s - in org.apache.hadoop.ozone.lock.TestLockManager
[INFO] Running org.apache.hadoop.ozone.lease.TestLeaseManager
[INFO] Tests run: 10, Failures: 0, Errors: 0, Skipped: 0, Time elapsed: 23.147 s - in org.apache.hadoop.ozone.lease.TestLeaseManager
[INFO] Running org.apache.hadoop.hdds.security.token.TestOzoneBlockTokenIdentifier
[INFO] Tests run: 4, Failures: 0, Errors: 0, Skipped: 0, Time elapsed: 1.655 s - in org.apache.hadoop.hdds.security.token.TestOzoneBlockTokenIdentifier
[INFO] Running org.apache.hadoop.hdds.security.x509.keys.TestKeyCodec
[INFO] Tests run: 4, Failures: 0, Errors: 0, Skipped: 0, Time elapsed: 2.034 s - in org.apache.hadoop.hdds.security.x509.keys.TestKeyCodec
[INFO] Running org.apache.hadoop.hdds.security.x509.keys.TestHDDSKeyGenerator
[INFO] Tests run: 2, Failures: 0, Errors: 0, Skipped: 0, Time elapsed: 3.835 s - in org.apache.hadoop.hdds.security.x509.keys.TestHDDSKeyGenerator
[INFO] Running org.apache.hadoop.hdds.security.x509.certificate.utils.TestCertificateCodec
[INFO] Tests run: 4, Failures: 0, Errors: 0, Skipped: 0, Time elapsed: 2.405 s - in org.apache.hadoop.hdds.security.x509.certificate.utils.TestCertificateCodec
[INFO] Running org.apache.hadoop.hdds.security.x509.certificate.client.TestDefaultCertificateClient
[INFO] Tests run: 9, Failures: 0, Errors: 0, Skipped: 0, Time elapsed: 10.904 s - in org.apache.hadoop.hdds.security.x509.certificate.client.TestDefaultCertificateClient
[INFO] Running org.apache.hadoop.hdds.security.x509.certificate.client.TestCertificateClientInit
[INFO] Tests run: 16, Failures: 0, Errors: 0, Skipped: 0, Time elapsed: 5.377 s - in org.apache.hadoop.hdds.security.x509.certificate.client.TestCertificateClientInit
[INFO] Running org.apache.hadoop.hdds.security.x509.certificate.authority.TestDefaultCAServer
[INFO] Tests run: 6, Failures: 0, Errors: 0, Skipped: 0, Time elapsed: 2.977 s - in org.apache.hadoop.hdds.security.x509.certificate.authority.TestDefaultCAServer
[INFO] Running org.apache.hadoop.hdds.security.x509.certificate.authority.TestDefaultProfile
[INFO] Tests run: 10, Failures: 0, Errors: 0, Skipped: 0, Time elapsed: 3.708 s - in org.apache.hadoop.hdds.security.x509.certificate.authority.TestDefaultProfile
[INFO] Running org.apache.hadoop.hdds.security.x509.certificates.TestCertificateSignRequest
[INFO] Tests run: 4, Failures: 0, Errors: 0, Skipped: 0, Time elapsed: 2.237 s - in org.apache.hadoop.hdds.security.x509.certificates.TestCertificateSignRequest
[INFO] Running org.apache.hadoop.hdds.security.x509.certificates.TestRootCertificate
[INFO] Tests run: 3, Failures: 0, Errors: 0, Skipped: 0, Time elapsed: 1.975 s - in org.apache.hadoop.hdds.security.x509.certificates.TestRootCertificate
[INFO] Running org.apache.hadoop.hdds.utils.db.TestRDBStore
[INFO] Tests run: 12, Failures: 0, Errors: 0, Skipped: 0, Time elapsed: 7.071 s - in org.apache.hadoop.hdds.utils.db.TestRDBStore
[INFO] Running org.apache.hadoop.hdds.utils.db.TestRDBTableStore
[INFO] Tests run: 9, Failures: 0, Errors: 0, Skipped: 0, Time elapsed: 3.139 s - in org.apache.hadoop.hdds.utils.db.TestRDBTableStore
[INFO] Running org.apache.hadoop.hdds.utils.db.TestDBStoreBuilder
[INFO] Tests run: 7, Failures: 0, Errors: 0, Skipped: 0, Time elapsed: 0.765 s - in org.apache.hadoop.hdds.utils.db.TestDBStoreBuilder
[INFO] Running org.apache.hadoop.hdds.utils.db.TestDBConfigFromFile
[INFO] Tests run: 2, Failures: 0, Errors: 0, Skipped: 0, Time elapsed: 0.27 s - in org.apache.hadoop.hdds.utils.db.TestDBConfigFromFile
[INFO] Running org.apache.hadoop.hdds.utils.db.cache.TestTableCacheImpl
[INFO] Tests run: 4, Failures: 0, Errors: 0, Skipped: 0, Time elapsed: 2.113 s - in org.apache.hadoop.hdds.utils.db.cache.TestTableCacheImpl
[INFO] Running org.apache.hadoop.hdds.utils.db.TestTypedRDBTableStore
[INFO] Tests run: 11, Failures: 0, Errors: 0, Skipped: 0, Time elapsed: 3.812 s - in org.apache.hadoop.hdds.utils.db.TestTypedRDBTableStore
[INFO] Running org.apache.hadoop.hdds.utils.TestRetriableTask
[INFO] Tests run: 3, Failures: 0, Errors: 0, Skipped: 0, Time elapsed: 0.147 s - in org.apache.hadoop.hdds.utils.TestRetriableTask
[INFO] Running org.apache.hadoop.hdds.utils.TestHddsIdFactory
[INFO] Tests run: 1, Failures: 0, Errors: 0, Skipped: 0, Time elapsed: 0.138 s - in org.apache.hadoop.hdds.utils.TestHddsIdFactory
[INFO] Running org.apache.hadoop.hdds.utils.TestMetadataStore
[INFO] Tests run: 26, Failures: 0, Errors: 0, Skipped: 0, Time elapsed: 3.207 s - in org.apache.hadoop.hdds.utils.TestMetadataStore
[INFO] Running org.apache.hadoop.hdds.utils.TestRocksDBStoreMBean
[INFO] Tests run: 3, Failures: 0, Errors: 0, Skipped: 0, Time elapsed: 4.859 s - in org.apache.hadoop.hdds.utils.TestRocksDBStoreMBean
[INFO] Running org.apache.hadoop.hdds.scm.net.TestNodeSchemaLoader
[INFO] Tests run: 28, Failures: 0, Errors: 0, Skipped: 0, Time elapsed: 0.253 s - in org.apache.hadoop.hdds.scm.net.TestNodeSchemaLoader
[INFO] Running org.apache.hadoop.hdds.scm.net.TestYamlSchemaLoader
[INFO] Tests run: 4, Failures: 0, Errors: 0, Skipped: 0, Time elapsed: 0.209 s - in org.apache.hadoop.hdds.scm.net.TestYamlSchemaLoader
[INFO] Running org.apache.hadoop.hdds.scm.net.TestNetworkTopologyImpl
[WARNING] Tests run: 75, Failures: 0, Errors: 0, Skipped: 1, Time elapsed: 3.811 s - in org.apache.hadoop.hdds.scm.net.TestNetworkTopologyImpl
[INFO] Running org.apache.hadoop.hdds.scm.net.TestNodeSchemaManager
[INFO] Tests run: 5, Failures: 0, Errors: 0, Skipped: 0, Time elapsed: 0.338 s - in org.apache.hadoop.hdds.scm.net.TestNodeSchemaManager
[INFO] Running org.apache.hadoop.hdds.scm.exceptions.TestSCMExceptionResultCodes
[INFO] Tests run: 1, Failures: 0, Errors: 0, Skipped: 0, Time elapsed: 0.08 s - in org.apache.hadoop.hdds.scm.exceptions.TestSCMExceptionResultCodes
[INFO] Running org.apache.hadoop.hdds.TestHddsUtils
[INFO] Tests run: 1, Failures: 0, Errors: 0, Skipped: 0, Time elapsed: 0.106 s - in org.apache.hadoop.hdds.TestHddsUtils
[INFO] Running org.apache.hadoop.hdds.conf.TestOzoneConfiguration
[INFO] Tests run: 3, Failures: 0, Errors: 0, Skipped: 0, Time elapsed: 0.485 s - in org.apache.hadoop.hdds.conf.TestOzoneConfiguration
[INFO] 
[INFO] Results:
[INFO] 
[WARNING] Tests run: 276, Failures: 0, Errors: 0, Skipped: 1
[INFO] 
[INFO] 
[INFO] ----------------< org.apache.hadoop:hadoop-hdds-client >----------------
[INFO] Building Apache Hadoop HDDS Client 0.5.0-SNAPSHOT                 [5/26]
[INFO] --------------------------------[ jar ]---------------------------------
[INFO] 
[INFO] --- maven-antrun-plugin:1.3:run (create-testdirs) @ hadoop-hdds-client ---
[INFO] Executing tasks
[INFO] Executed tasks
[INFO] 
[INFO] --- maven-remote-resources-plugin:1.5:process (default) @ hadoop-hdds-client ---
[INFO] 
[INFO] --- maven-resources-plugin:2.6:resources (default-resources) @ hadoop-hdds-client ---
[INFO] Using 'UTF-8' encoding to copy filtered resources.
[INFO] skip non existing resourceDirectory /workdir/hadoop-hdds/client/src/main/resources
[INFO] Copying 2 resources
[INFO] 
[INFO] --- maven-compiler-plugin:3.1:compile (default-compile) @ hadoop-hdds-client ---
[INFO] Compiling 15 source files to /workdir/hadoop-hdds/client/target/classes
[WARNING] /workdir/hadoop-hdds/client/src/main/java/org/apache/hadoop/hdds/scm/XceiverClientGrpc.java: Some input files use unchecked or unsafe operations.
[WARNING] /workdir/hadoop-hdds/client/src/main/java/org/apache/hadoop/hdds/scm/XceiverClientGrpc.java: Recompile with -Xlint:unchecked for details.
[INFO] 
[INFO] --- maven-resources-plugin:2.6:testResources (default-testResources) @ hadoop-hdds-client ---
[INFO] Using 'UTF-8' encoding to copy filtered resources.
[INFO] skip non existing resourceDirectory /workdir/hadoop-hdds/client/src/test/resources
[INFO] Copying 2 resources
[INFO] 
[INFO] --- maven-compiler-plugin:3.1:testCompile (default-testCompile) @ hadoop-hdds-client ---
[INFO] Compiling 3 source files to /workdir/hadoop-hdds/client/target/test-classes
[INFO] 
[INFO] --- maven-surefire-plugin:3.0.0-M1:test (default-test) @ hadoop-hdds-client ---
[INFO] 
[INFO] -------------------------------------------------------
[INFO]  T E S T S
[INFO] -------------------------------------------------------
[INFO] Running org.apache.hadoop.hdds.scm.storage.TestBlockInputStream
[INFO] Tests run: 3, Failures: 0, Errors: 0, Skipped: 0, Time elapsed: 0.157 s - in org.apache.hadoop.hdds.scm.storage.TestBlockInputStream
[INFO] Running org.apache.hadoop.hdds.scm.storage.TestChunkInputStream
[INFO] Tests run: 4, Failures: 0, Errors: 0, Skipped: 0, Time elapsed: 0.147 s - in org.apache.hadoop.hdds.scm.storage.TestChunkInputStream
[INFO] 
[INFO] Results:
[INFO] 
[INFO] Tests run: 7, Failures: 0, Errors: 0, Skipped: 0
[INFO] 
[INFO] 
[INFO] -----------< org.apache.hadoop:hadoop-hdds-server-framework >-----------
[INFO] Building Apache Hadoop HDDS Server Framework 0.5.0-SNAPSHOT       [6/26]
[INFO] --------------------------------[ jar ]---------------------------------
[INFO] 
[INFO] --- maven-antrun-plugin:1.3:run (create-testdirs) @ hadoop-hdds-server-framework ---
[INFO] Executing tasks
[INFO] Executed tasks
[INFO] 
[INFO] --- maven-remote-resources-plugin:1.5:process (default) @ hadoop-hdds-server-framework ---
[INFO] 
[INFO] --- maven-resources-plugin:2.6:resources (default-resources) @ hadoop-hdds-server-framework ---
[INFO] Using 'UTF-8' encoding to copy filtered resources.
[INFO] Copying 35 resources
[INFO] Copying 2 resources
[INFO] 
[INFO] --- maven-compiler-plugin:3.1:compile (default-compile) @ hadoop-hdds-server-framework ---
[INFO] Compiling 20 source files to /workdir/hadoop-hdds/framework/target/classes
[WARNING] /workdir/hadoop-hdds/framework/src/main/java/org/apache/hadoop/hdds/server/events/EventQueue.java: Some input files use unchecked or unsafe operations.
[WARNING] /workdir/hadoop-hdds/framework/src/main/java/org/apache/hadoop/hdds/server/events/EventQueue.java: Recompile with -Xlint:unchecked for details.
[INFO] 
[INFO] --- maven-resources-plugin:2.6:testResources (default-testResources) @ hadoop-hdds-server-framework ---
[INFO] Using 'UTF-8' encoding to copy filtered resources.
[INFO] Copying 1 resource
[INFO] Copying 2 resources
[INFO] 
[INFO] --- maven-compiler-plugin:3.1:testCompile (default-testCompile) @ hadoop-hdds-server-framework ---
[INFO] Compiling 9 source files to /workdir/hadoop-hdds/framework/target/test-classes
[INFO] 
[INFO] --- maven-surefire-plugin:3.0.0-M1:test (default-test) @ hadoop-hdds-server-framework ---
[INFO] 
[INFO] -------------------------------------------------------
[INFO]  T E S T S
[INFO] -------------------------------------------------------
[INFO] Running org.apache.hadoop.hdds.server.TestServerUtils
[INFO] Tests run: 6, Failures: 0, Errors: 0, Skipped: 0, Time elapsed: 0.342 s - in org.apache.hadoop.hdds.server.TestServerUtils
[INFO] Running org.apache.hadoop.hdds.server.TestBaseHttpServer
[INFO] Tests run: 1, Failures: 0, Errors: 0, Skipped: 0, Time elapsed: 0.26 s - in org.apache.hadoop.hdds.server.TestBaseHttpServer
[INFO] Running org.apache.hadoop.hdds.server.events.TestEventWatcher
[INFO] Tests run: 3, Failures: 0, Errors: 0, Skipped: 0, Time elapsed: 11.53 s - in org.apache.hadoop.hdds.server.events.TestEventWatcher
[INFO] Running org.apache.hadoop.hdds.server.events.TestEventQueue
[INFO] Tests run: 2, Failures: 0, Errors: 0, Skipped: 0, Time elapsed: 0.48 s - in org.apache.hadoop.hdds.server.events.TestEventQueue
[INFO] Running org.apache.hadoop.hdds.server.events.TestEventQueueChain
[INFO] Tests run: 1, Failures: 0, Errors: 0, Skipped: 0, Time elapsed: 0.209 s - in org.apache.hadoop.hdds.server.events.TestEventQueueChain
[INFO] Running org.apache.hadoop.hdds.server.TestProfileServlet
[INFO] Tests run: 3, Failures: 0, Errors: 0, Skipped: 0, Time elapsed: 0.094 s - in org.apache.hadoop.hdds.server.TestProfileServlet
[INFO] Running org.apache.hadoop.hdds.server.TestPrometheusMetricsSink
[INFO] Tests run: 5, Failures: 0, Errors: 0, Skipped: 0, Time elapsed: 0.35 s - in org.apache.hadoop.hdds.server.TestPrometheusMetricsSink
[INFO] 
[INFO] Results:
[INFO] 
[INFO] Tests run: 21, Failures: 0, Errors: 0, Skipped: 0
[INFO] 
[INFO] 
[INFO] ----------< org.apache.hadoop:hadoop-hdds-container-service >-----------
[INFO] Building Apache Hadoop HDDS Container Service 0.5.0-SNAPSHOT      [7/26]
[INFO] --------------------------------[ jar ]---------------------------------
[INFO] Downloading from apache.snapshots.https: https://repository.apache.org/content/repositories/snapshots/com/github/spotbugs/spotbugs/3.1.12/spotbugs-3.1.12.pom
[INFO] Downloading from repository.jboss.org: http://repository.jboss.org/nexus/content/groups/public/com/github/spotbugs/spotbugs/3.1.12/spotbugs-3.1.12.pom
[INFO] Downloading from central: https://repo.maven.apache.org/maven2/com/github/spotbugs/spotbugs/3.1.12/spotbugs-3.1.12.pom
[INFO] Downloaded from central: https://repo.maven.apache.org/maven2/com/github/spotbugs/spotbugs/3.1.12/spotbugs-3.1.12.pom (4.8 kB at 202 kB/s)
[INFO] Downloading from apache.snapshots.https: https://repository.apache.org/content/repositories/snapshots/org/ow2/asm/asm-analysis/7.0/asm-analysis-7.0.pom
[INFO] Downloading from repository.jboss.org: http://repository.jboss.org/nexus/content/groups/public/org/ow2/asm/asm-analysis/7.0/asm-analysis-7.0.pom
[INFO] Downloading from central: https://repo.maven.apache.org/maven2/org/ow2/asm/asm-analysis/7.0/asm-analysis-7.0.pom
[INFO] Downloaded from central: https://repo.maven.apache.org/maven2/org/ow2/asm/asm-analysis/7.0/asm-analysis-7.0.pom (3.2 kB at 150 kB/s)
[INFO] Downloading from apache.snapshots.https: https://repository.apache.org/content/repositories/snapshots/org/ow2/asm/asm-tree/7.0/asm-tree-7.0.pom
[INFO] Downloading from repository.jboss.org: http://repository.jboss.org/nexus/content/groups/public/org/ow2/asm/asm-tree/7.0/asm-tree-7.0.pom
[INFO] Downloading from central: https://repo.maven.apache.org/maven2/org/ow2/asm/asm-tree/7.0/asm-tree-7.0.pom
[INFO] Downloaded from central: https://repo.maven.apache.org/maven2/org/ow2/asm/asm-tree/7.0/asm-tree-7.0.pom (3.1 kB at 120 kB/s)
[INFO] Downloading from apache.snapshots.https: https://repository.apache.org/content/repositories/snapshots/org/ow2/asm/asm-commons/7.0/asm-commons-7.0.pom
[INFO] Downloading from repository.jboss.org: http://repository.jboss.org/nexus/content/groups/public/org/ow2/asm/asm-commons/7.0/asm-commons-7.0.pom
[INFO] Downloading from central: https://repo.maven.apache.org/maven2/org/ow2/asm/asm-commons/7.0/asm-commons-7.0.pom
[INFO] Downloaded from central: https://repo.maven.apache.org/maven2/org/ow2/asm/asm-commons/7.0/asm-commons-7.0.pom (3.7 kB at 159 kB/s)
[INFO] Downloading from apache.snapshots.https: https://repository.apache.org/content/repositories/snapshots/org/ow2/asm/asm-util/7.0/asm-util-7.0.pom
[INFO] Downloading from repository.jboss.org: http://repository.jboss.org/nexus/content/groups/public/org/ow2/asm/asm-util/7.0/asm-util-7.0.pom
[INFO] Downloading from central: https://repo.maven.apache.org/maven2/org/ow2/asm/asm-util/7.0/asm-util-7.0.pom
[INFO] Downloaded from central: https://repo.maven.apache.org/maven2/org/ow2/asm/asm-util/7.0/asm-util-7.0.pom (3.6 kB at 174 kB/s)
[INFO] Downloading from apache.snapshots.https: https://repository.apache.org/content/repositories/snapshots/org/apache/bcel/bcel/6.3/bcel-6.3.pom
[INFO] Downloading from repository.jboss.org: http://repository.jboss.org/nexus/content/groups/public/org/apache/bcel/bcel/6.3/bcel-6.3.pom
[INFO] Downloading from central: https://repo.maven.apache.org/maven2/org/apache/bcel/bcel/6.3/bcel-6.3.pom
[INFO] Downloaded from central: https://repo.maven.apache.org/maven2/org/apache/bcel/bcel/6.3/bcel-6.3.pom (20 kB at 910 kB/s)
[INFO] Downloading from apache.snapshots.https: https://repository.apache.org/content/repositories/snapshots/org/dom4j/dom4j/2.1.1/dom4j-2.1.1.pom
[INFO] Downloading from repository.jboss.org: http://repository.jboss.org/nexus/content/groups/public/org/dom4j/dom4j/2.1.1/dom4j-2.1.1.pom
[INFO] Downloading from central: https://repo.maven.apache.org/maven2/org/dom4j/dom4j/2.1.1/dom4j-2.1.1.pom
[INFO] Downloaded from central: https://repo.maven.apache.org/maven2/org/dom4j/dom4j/2.1.1/dom4j-2.1.1.pom (2.4 kB at 126 kB/s)
[INFO] Downloading from apache.snapshots.https: https://repository.apache.org/content/repositories/snapshots/com/github/spotbugs/spotbugs-annotations/3.1.12/spotbugs-annotations-3.1.12.pom
[INFO] Downloading from repository.jboss.org: http://repository.jboss.org/nexus/content/groups/public/com/github/spotbugs/spotbugs-annotations/3.1.12/spotbugs-annotations-3.1.12.pom
[INFO] Downloading from central: https://repo.maven.apache.org/maven2/com/github/spotbugs/spotbugs-annotations/3.1.12/spotbugs-annotations-3.1.12.pom
[INFO] Downloaded from central: https://repo.maven.apache.org/maven2/com/github/spotbugs/spotbugs-annotations/3.1.12/spotbugs-annotations-3.1.12.pom (2.5 kB at 118 kB/s)
[INFO] Downloading from apache.snapshots.https: https://repository.apache.org/content/repositories/snapshots/com/github/spotbugs/spotbugs/3.1.12/spotbugs-3.1.12.jar
[INFO] Downloading from apache.snapshots.https: https://repository.apache.org/content/repositories/snapshots/org/ow2/asm/asm-tree/7.0/asm-tree-7.0.jar
[INFO] Downloading from apache.snapshots.https: https://repository.apache.org/content/repositories/snapshots/org/ow2/asm/asm-commons/7.0/asm-commons-7.0.jar
[INFO] Downloading from apache.snapshots.https: https://repository.apache.org/content/repositories/snapshots/org/ow2/asm/asm-analysis/7.0/asm-analysis-7.0.jar
[INFO] Downloading from apache.snapshots.https: https://repository.apache.org/content/repositories/snapshots/org/ow2/asm/asm-util/7.0/asm-util-7.0.jar
[INFO] Downloading from apache.snapshots.https: https://repository.apache.org/content/repositories/snapshots/org/apache/bcel/bcel/6.3/bcel-6.3.jar
[INFO] Downloading from apache.snapshots.https: https://repository.apache.org/content/repositories/snapshots/org/dom4j/dom4j/2.1.1/dom4j-2.1.1.jar
[INFO] Downloading from apache.snapshots.https: https://repository.apache.org/content/repositories/snapshots/com/github/spotbugs/spotbugs-annotations/3.1.12/spotbugs-annotations-3.1.12.jar
[INFO] Downloading from repository.jboss.org: http://repository.jboss.org/nexus/content/groups/public/com/github/spotbugs/spotbugs/3.1.12/spotbugs-3.1.12.jar
[INFO] Downloading from repository.jboss.org: http://repository.jboss.org/nexus/content/groups/public/org/ow2/asm/asm-commons/7.0/asm-commons-7.0.jar
[INFO] Downloading from repository.jboss.org: http://repository.jboss.org/nexus/content/groups/public/org/ow2/asm/asm-analysis/7.0/asm-analysis-7.0.jar
[INFO] Downloading from repository.jboss.org: http://repository.jboss.org/nexus/content/groups/public/org/ow2/asm/asm-util/7.0/asm-util-7.0.jar
[INFO] Downloading from repository.jboss.org: http://repository.jboss.org/nexus/content/groups/public/org/ow2/asm/asm-tree/7.0/asm-tree-7.0.jar
[INFO] Downloading from repository.jboss.org: http://repository.jboss.org/nexus/content/groups/public/org/apache/bcel/bcel/6.3/bcel-6.3.jar
[INFO] Downloading from repository.jboss.org: http://repository.jboss.org/nexus/content/groups/public/org/dom4j/dom4j/2.1.1/dom4j-2.1.1.jar
[INFO] Downloading from repository.jboss.org: http://repository.jboss.org/nexus/content/groups/public/com/github/spotbugs/spotbugs-annotations/3.1.12/spotbugs-annotations-3.1.12.jar
[INFO] Downloading from central: https://repo.maven.apache.org/maven2/com/github/spotbugs/spotbugs/3.1.12/spotbugs-3.1.12.jar
[INFO] Downloading from central: https://repo.maven.apache.org/maven2/org/ow2/asm/asm-analysis/7.0/asm-analysis-7.0.jar
[INFO] Downloading from central: https://repo.maven.apache.org/maven2/org/ow2/asm/asm-commons/7.0/asm-commons-7.0.jar
[INFO] Downloading from central: https://repo.maven.apache.org/maven2/org/ow2/asm/asm-tree/7.0/asm-tree-7.0.jar
[INFO] Downloading from central: https://repo.maven.apache.org/maven2/org/ow2/asm/asm-util/7.0/asm-util-7.0.jar
[INFO] Downloaded from central: https://repo.maven.apache.org/maven2/org/ow2/asm/asm-analysis/7.0/asm-analysis-7.0.jar (33 kB at 1.5 MB/s)
[INFO] Downloading from central: https://repo.maven.apache.org/maven2/org/apache/bcel/bcel/6.3/bcel-6.3.jar
[INFO] Downloaded from central: https://repo.maven.apache.org/maven2/org/ow2/asm/asm-tree/7.0/asm-tree-7.0.jar (50 kB at 2.3 MB/s)
[INFO] Downloading from central: https://repo.maven.apache.org/maven2/org/dom4j/dom4j/2.1.1/dom4j-2.1.1.jar
[INFO] Downloaded from central: https://repo.maven.apache.org/maven2/org/ow2/asm/asm-commons/7.0/asm-commons-7.0.jar (80 kB at 3.3 MB/s)
[INFO] Downloading from central: https://repo.maven.apache.org/maven2/com/github/spotbugs/spotbugs-annotations/3.1.12/spotbugs-annotations-3.1.12.jar
[INFO] Downloaded from central: https://repo.maven.apache.org/maven2/org/ow2/asm/asm-util/7.0/asm-util-7.0.jar (81 kB at 3.2 MB/s)
[INFO] Downloaded from central: https://repo.maven.apache.org/maven2/com/github/spotbugs/spotbugs-annotations/3.1.12/spotbugs-annotations-3.1.12.jar (15 kB at 336 kB/s)
[INFO] Downloaded from central: https://repo.maven.apache.org/maven2/org/dom4j/dom4j/2.1.1/dom4j-2.1.1.jar (324 kB at 5.9 MB/s)
[INFO] Downloaded from central: https://repo.maven.apache.org/maven2/org/apache/bcel/bcel/6.3/bcel-6.3.jar (685 kB at 9.8 MB/s)
[INFO] Downloaded from central: https://repo.maven.apache.org/maven2/com/github/spotbugs/spotbugs/3.1.12/spotbugs-3.1.12.jar (3.4 MB at 21 MB/s)
[INFO] 
[INFO] --- maven-antrun-plugin:1.3:run (create-testdirs) @ hadoop-hdds-container-service ---
[INFO] Executing tasks
[INFO] Executed tasks
[INFO] 
[INFO] --- hadoop-maven-plugins:3.2.0:protoc (compile-protoc) @ hadoop-hdds-container-service ---
[INFO] Wrote protoc checksums to file /workdir/hadoop-hdds/container-service/target/hadoop-maven-plugins-protoc-checksums.json
[INFO] 
[INFO] --- maven-remote-resources-plugin:1.5:process (default) @ hadoop-hdds-container-service ---
[INFO] 
[INFO] --- maven-resources-plugin:2.6:resources (default-resources) @ hadoop-hdds-container-service ---
[INFO] Using 'UTF-8' encoding to copy filtered resources.
[INFO] Copying 2 resources
[INFO] Copying 2 resources
[INFO] 
[INFO] --- maven-compiler-plugin:3.1:compile (default-compile) @ hadoop-hdds-container-service ---
[INFO] Compiling 159 source files to /workdir/hadoop-hdds/container-service/target/classes
[WARNING] /workdir/hadoop-hdds/container-service/src/main/java/org/apache/hadoop/ozone/container/common/volume/AbstractFuture.java:[1051,26] sun.misc.Unsafe is internal proprietary API and may be removed in a future release
[WARNING] /workdir/hadoop-hdds/container-service/src/main/java/org/apache/hadoop/ozone/container/common/volume/AbstractFuture.java:[1059,15] sun.misc.Unsafe is internal proprietary API and may be removed in a future release
[WARNING] /workdir/hadoop-hdds/container-service/src/main/java/org/apache/hadoop/ozone/container/common/volume/AbstractFuture.java:[1061,26] sun.misc.Unsafe is internal proprietary API and may be removed in a future release
[WARNING] /workdir/hadoop-hdds/container-service/src/main/java/org/apache/hadoop/ozone/container/common/volume/AbstractFuture.java:[1066,57] sun.misc.Unsafe is internal proprietary API and may be removed in a future release
[WARNING] /workdir/hadoop-hdds/container-service/src/main/java/org/apache/hadoop/ozone/container/common/volume/AbstractFuture.java:[1068,36] sun.misc.Unsafe is internal proprietary API and may be removed in a future release
[WARNING] /workdir/hadoop-hdds/container-service/src/main/java/org/apache/hadoop/ozone/container/common/volume/AbstractFuture.java:[1069,37] sun.misc.Unsafe is internal proprietary API and may be removed in a future release
[WARNING] /workdir/hadoop-hdds/container-service/src/main/java/org/apache/hadoop/ozone/container/common/volume/AbstractFuture.java:[1069,58] sun.misc.Unsafe is internal proprietary API and may be removed in a future release
[WARNING] /workdir/hadoop-hdds/container-service/src/main/java/org/apache/hadoop/ozone/container/common/impl/ContainerDataYaml.java: Some input files use unchecked or unsafe operations.
[WARNING] /workdir/hadoop-hdds/container-service/src/main/java/org/apache/hadoop/ozone/container/common/impl/ContainerDataYaml.java: Recompile with -Xlint:unchecked for details.
[INFO] 
[INFO] --- maven-resources-plugin:2.6:testResources (default-testResources) @ hadoop-hdds-container-service ---
[INFO] Using 'UTF-8' encoding to copy filtered resources.
[INFO] Copying 4 resources
[INFO] Copying 2 resources
[INFO] 
[INFO] --- maven-compiler-plugin:3.1:testCompile (default-testCompile) @ hadoop-hdds-container-service ---
[INFO] Compiling 48 source files to /workdir/hadoop-hdds/container-service/target/test-classes
[WARNING] /workdir/hadoop-hdds/container-service/src/test/java/org/apache/hadoop/ozone/container/common/volume/TestHddsVolumeChecker.java: /workdir/hadoop-hdds/container-service/src/test/java/org/apache/hadoop/ozone/container/common/volume/TestHddsVolumeChecker.java uses or overrides a deprecated API.
[WARNING] /workdir/hadoop-hdds/container-service/src/test/java/org/apache/hadoop/ozone/container/common/volume/TestHddsVolumeChecker.java: Recompile with -Xlint:deprecation for details.
[WARNING] /workdir/hadoop-hdds/container-service/src/test/java/org/apache/hadoop/ozone/container/common/ScmTestMock.java: Some input files use unchecked or unsafe operations.
[WARNING] /workdir/hadoop-hdds/container-service/src/test/java/org/apache/hadoop/ozone/container/common/ScmTestMock.java: Recompile with -Xlint:unchecked for details.
[INFO] 
[INFO] --- maven-surefire-plugin:3.0.0-M1:test (default-test) @ hadoop-hdds-container-service ---
[INFO] 
[INFO] -------------------------------------------------------
[INFO]  T E S T S
[INFO] -------------------------------------------------------
[INFO] Running org.apache.hadoop.ozone.TestHddsDatanodeService
[INFO] Tests run: 1, Failures: 0, Errors: 0, Skipped: 0, Time elapsed: 7.355 s - in org.apache.hadoop.ozone.TestHddsDatanodeService
[INFO] Running org.apache.hadoop.ozone.container.common.impl.TestContainerDataYaml
[INFO] Tests run: 5, Failures: 0, Errors: 0, Skipped: 0, Time elapsed: 2.875 s - in org.apache.hadoop.ozone.container.common.impl.TestContainerDataYaml
[INFO] Running org.apache.hadoop.ozone.container.common.impl.TestHddsDispatcher
[INFO] Tests run: 3, Failures: 0, Errors: 0, Skipped: 0, Time elapsed: 2.341 s - in org.apache.hadoop.ozone.container.common.impl.TestHddsDispatcher
[INFO] Running org.apache.hadoop.ozone.container.common.impl.TestContainerSet
[INFO] Tests run: 5, Failures: 0, Errors: 0, Skipped: 0, Time elapsed: 0.901 s - in org.apache.hadoop.ozone.container.common.impl.TestContainerSet
[INFO] Running org.apache.hadoop.ozone.container.common.states.endpoint.TestHeartbeatEndpointTask
[INFO] Tests run: 6, Failures: 0, Errors: 0, Skipped: 0, Time elapsed: 1.427 s - in org.apache.hadoop.ozone.container.common.states.endpoint.TestHeartbeatEndpointTask
[INFO] Running org.apache.hadoop.ozone.container.common.TestContainerCache
[INFO] Tests run: 1, Failures: 0, Errors: 0, Skipped: 0, Time elapsed: 0.755 s - in org.apache.hadoop.ozone.container.common.TestContainerCache
[INFO] Running org.apache.hadoop.ozone.container.common.report.TestReportPublisherFactory
[INFO] Tests run: 3, Failures: 0, Errors: 0, Skipped: 0, Time elapsed: 0.255 s - in org.apache.hadoop.ozone.container.common.report.TestReportPublisherFactory
[INFO] Running org.apache.hadoop.ozone.container.common.report.TestReportManager
[INFO] Tests run: 1, Failures: 0, Errors: 0, Skipped: 0, Time elapsed: 0.817 s - in org.apache.hadoop.ozone.container.common.report.TestReportManager
[INFO] Running org.apache.hadoop.ozone.container.common.report.TestReportPublisher
[INFO] Tests run: 4, Failures: 0, Errors: 0, Skipped: 0, Time elapsed: 1.472 s - in org.apache.hadoop.ozone.container.common.report.TestReportPublisher
[INFO] Running org.apache.hadoop.ozone.container.common.statemachine.commandhandler.TestCloseContainerCommandHandler
[INFO] Tests run: 6, Failures: 0, Errors: 0, Skipped: 0, Time elapsed: 1.189 s - in org.apache.hadoop.ozone.container.common.statemachine.commandhandler.TestCloseContainerCommandHandler
[INFO] Running org.apache.hadoop.ozone.container.common.TestChunkLayOutVersion
[INFO] Tests run: 1, Failures: 0, Errors: 0, Skipped: 0, Time elapsed: 0.059 s - in org.apache.hadoop.ozone.container.common.TestChunkLayOutVersion
[INFO] Running org.apache.hadoop.ozone.container.common.TestKeyValueContainerData
[INFO] Tests run: 1, Failures: 0, Errors: 0, Skipped: 0, Time elapsed: 0.124 s - in org.apache.hadoop.ozone.container.common.TestKeyValueContainerData
[INFO] Running org.apache.hadoop.ozone.container.common.helpers.TestDatanodeVersionFile
[INFO] Tests run: 4, Failures: 0, Errors: 0, Skipped: 0, Time elapsed: 0.224 s - in org.apache.hadoop.ozone.container.common.helpers.TestDatanodeVersionFile
[INFO] Running org.apache.hadoop.ozone.container.common.interfaces.TestHandler
[INFO] Tests run: 2, Failures: 0, Errors: 0, Skipped: 0, Time elapsed: 1.513 s - in org.apache.hadoop.ozone.container.common.interfaces.TestHandler
[INFO] Running org.apache.hadoop.ozone.container.common.TestDatanodeLayOutVersion
[INFO] Tests run: 1, Failures: 0, Errors: 0, Skipped: 0, Time elapsed: 0.062 s - in org.apache.hadoop.ozone.container.common.TestDatanodeLayOutVersion
[INFO] Running org.apache.hadoop.ozone.container.common.TestDatanodeStateMachine
[INFO] Tests run: 4, Failures: 0, Errors: 0, Skipped: 0, Time elapsed: 9.233 s - in org.apache.hadoop.ozone.container.common.TestDatanodeStateMachine
[INFO] Running org.apache.hadoop.ozone.container.common.volume.TestHddsVolume
[INFO] Tests run: 3, Failures: 0, Errors: 0, Skipped: 0, Time elapsed: 0.75 s - in org.apache.hadoop.ozone.container.common.volume.TestHddsVolume
[INFO] Running org.apache.hadoop.ozone.container.common.volume.TestRoundRobinVolumeChoosingPolicy
[INFO] Tests run: 2, Failures: 0, Errors: 0, Skipped: 0, Time elapsed: 0.944 s - in org.apache.hadoop.ozone.container.common.volume.TestRoundRobinVolumeChoosingPolicy
[INFO] Running org.apache.hadoop.ozone.container.common.volume.TestVolumeSet
[INFO] Tests run: 7, Failures: 0, Errors: 0, Skipped: 0, Time elapsed: 1.039 s - in org.apache.hadoop.ozone.container.common.volume.TestVolumeSet
[INFO] Running org.apache.hadoop.ozone.container.common.volume.TestHddsVolumeChecker
[INFO] Tests run: 8, Failures: 0, Errors: 0, Skipped: 0, Time elapsed: 1.037 s - in org.apache.hadoop.ozone.container.common.volume.TestHddsVolumeChecker
[INFO] Running org.apache.hadoop.ozone.container.common.volume.TestVolumeSetDiskChecks
[INFO] Tests run: 3, Failures: 0, Errors: 0, Skipped: 0, Time elapsed: 0.794 s - in org.apache.hadoop.ozone.container.common.volume.TestVolumeSetDiskChecks
[INFO] Running org.apache.hadoop.ozone.container.replication.TestReplicationSupervisor
[INFO] Tests run: 2, Failures: 0, Errors: 0, Skipped: 0, Time elapsed: 2.965 s - in org.apache.hadoop.ozone.container.replication.TestReplicationSupervisor
[INFO] Running org.apache.hadoop.ozone.container.keyvalue.TestChunkManagerImpl
[INFO] Tests run: 8, Failures: 0, Errors: 0, Skipped: 0, Time elapsed: 2.102 s - in org.apache.hadoop.ozone.container.keyvalue.TestChunkManagerImpl
[INFO] Running org.apache.hadoop.ozone.container.keyvalue.TestKeyValueContainerMarkUnhealthy
[INFO] Tests run: 5, Failures: 0, Errors: 0, Skipped: 0, Time elapsed: 1.91 s - in org.apache.hadoop.ozone.container.keyvalue.TestKeyValueContainerMarkUnhealthy
[INFO] Running org.apache.hadoop.ozone.container.keyvalue.TestBlockManagerImpl
[INFO] Tests run: 4, Failures: 0, Errors: 0, Skipped: 0, Time elapsed: 1.898 s - in org.apache.hadoop.ozone.container.keyvalue.TestBlockManagerImpl
[INFO] Running org.apache.hadoop.ozone.container.keyvalue.TestKeyValueHandlerWithUnhealthyContainer
[INFO] Tests run: 6, Failures: 0, Errors: 0, Skipped: 0, Time elapsed: 1.618 s - in org.apache.hadoop.ozone.container.keyvalue.TestKeyValueHandlerWithUnhealthyContainer
[INFO] Running org.apache.hadoop.ozone.container.keyvalue.helpers.TestChunkUtils
[INFO] Tests run: 3, Failures: 0, Errors: 0, Skipped: 0, Time elapsed: 1.414 s - in org.apache.hadoop.ozone.container.keyvalue.helpers.TestChunkUtils
[INFO] Running org.apache.hadoop.ozone.container.keyvalue.TestKeyValueContainerCheck
[INFO] Tests run: 4, Failures: 0, Errors: 0, Skipped: 0, Time elapsed: 3.632 s - in org.apache.hadoop.ozone.container.keyvalue.TestKeyValueContainerCheck
[INFO] Running org.apache.hadoop.ozone.container.keyvalue.TestKeyValueBlockIterator
[INFO] Tests run: 10, Failures: 0, Errors: 0, Skipped: 0, Time elapsed: 2.514 s - in org.apache.hadoop.ozone.container.keyvalue.TestKeyValueBlockIterator
[INFO] Running org.apache.hadoop.ozone.container.keyvalue.TestTarContainerPacker
[INFO] Tests run: 1, Failures: 0, Errors: 0, Skipped: 0, Time elapsed: 0.304 s - in org.apache.hadoop.ozone.container.keyvalue.TestTarContainerPacker
[INFO] Running org.apache.hadoop.ozone.container.keyvalue.TestKeyValueContainer
[INFO] Tests run: 10, Failures: 0, Errors: 0, Skipped: 0, Time elapsed: 2.551 s - in org.apache.hadoop.ozone.container.keyvalue.TestKeyValueContainer
[INFO] Running org.apache.hadoop.ozone.container.keyvalue.TestKeyValueHandler
[INFO] Tests run: 3, Failures: 0, Errors: 0, Skipped: 0, Time elapsed: 2.354 s - in org.apache.hadoop.ozone.container.keyvalue.TestKeyValueHandler
[INFO] Running org.apache.hadoop.ozone.container.ozoneimpl.TestOzoneContainer
[ERROR] Tests run: 2, Failures: 1, Errors: 0, Skipped: 0, Time elapsed: 3.626 s <<< FAILURE! - in org.apache.hadoop.ozone.container.ozoneimpl.TestOzoneContainer
[ERROR] testContainerCreateDiskFull(org.apache.hadoop.ozone.container.ozoneimpl.TestOzoneContainer)  Time elapsed: 0.778 s  <<< FAILURE!
java.lang.AssertionError: expected:<true> but was:<false>
	at org.junit.Assert.fail(Assert.java:88)
	at org.junit.Assert.failNotEquals(Assert.java:743)
	at org.junit.Assert.assertEquals(Assert.java:118)
	at org.junit.Assert.assertEquals(Assert.java:144)
	at org.apache.hadoop.ozone.container.ozoneimpl.TestOzoneContainer.testContainerCreateDiskFull(TestOzoneContainer.java:176)
	at sun.reflect.NativeMethodAccessorImpl.invoke0(Native Method)
	at sun.reflect.NativeMethodAccessorImpl.invoke(NativeMethodAccessorImpl.java:62)
	at sun.reflect.DelegatingMethodAccessorImpl.invoke(DelegatingMethodAccessorImpl.java:43)
	at java.lang.reflect.Method.invoke(Method.java:498)
	at org.junit.runners.model.FrameworkMethod$1.runReflectiveCall(FrameworkMethod.java:47)
	at org.junit.internal.runners.model.ReflectiveCallable.run(ReflectiveCallable.java:12)
	at org.junit.runners.model.FrameworkMethod.invokeExplosively(FrameworkMethod.java:44)
	at org.junit.internal.runners.statements.InvokeMethod.evaluate(InvokeMethod.java:17)
	at org.junit.internal.runners.statements.RunBefores.evaluate(RunBefores.java:26)
	at org.junit.internal.runners.statements.RunAfters.evaluate(RunAfters.java:27)
	at org.junit.rules.ExternalResource$1.evaluate(ExternalResource.java:48)
	at org.junit.rules.RunRules.evaluate(RunRules.java:20)
	at org.junit.runners.ParentRunner.runLeaf(ParentRunner.java:271)
	at org.junit.runners.BlockJUnit4ClassRunner.runChild(BlockJUnit4ClassRunner.java:70)
	at org.junit.runners.BlockJUnit4ClassRunner.runChild(BlockJUnit4ClassRunner.java:50)
	at org.junit.runners.ParentRunner$3.run(ParentRunner.java:238)
	at org.junit.runners.ParentRunner$1.schedule(ParentRunner.java:63)
	at org.junit.runners.ParentRunner.runChildren(ParentRunner.java:236)
	at org.junit.runners.ParentRunner.access$000(ParentRunner.java:53)
	at org.junit.runners.ParentRunner$2.evaluate(ParentRunner.java:229)
	at org.junit.runners.ParentRunner.run(ParentRunner.java:309)
	at org.apache.maven.surefire.junit4.JUnit4Provider.execute(JUnit4Provider.java:365)
	at org.apache.maven.surefire.junit4.JUnit4Provider.executeWithRerun(JUnit4Provider.java:273)
	at org.apache.maven.surefire.junit4.JUnit4Provider.executeTestSet(JUnit4Provider.java:238)
	at org.apache.maven.surefire.junit4.JUnit4Provider.invoke(JUnit4Provider.java:159)
	at org.apache.maven.surefire.booter.ForkedBooter.invokeProviderInSameClassLoader(ForkedBooter.java:384)
	at org.apache.maven.surefire.booter.ForkedBooter.runSuitesInProcess(ForkedBooter.java:345)
	at org.apache.maven.surefire.booter.ForkedBooter.execute(ForkedBooter.java:126)
	at org.apache.maven.surefire.booter.ForkedBooter.main(ForkedBooter.java:418)

[INFO] Running org.apache.hadoop.ozone.container.ozoneimpl.TestContainerScrubberMetrics
[INFO] Tests run: 2, Failures: 0, Errors: 0, Skipped: 0, Time elapsed: 1.156 s - in org.apache.hadoop.ozone.container.ozoneimpl.TestContainerScrubberMetrics
[INFO] Running org.apache.hadoop.ozone.TestHddsSecureDatanodeInit
[INFO] Tests run: 9, Failures: 0, Errors: 0, Skipped: 0, Time elapsed: 2.433 s - in org.apache.hadoop.ozone.TestHddsSecureDatanodeInit
[INFO] 
[INFO] Results:
[INFO] 
[ERROR] Failures: 
[ERROR]   TestOzoneContainer.testContainerCreateDiskFull:176 expected:<true> but was:<false>
[INFO] 
[ERROR] Tests run: 140, Failures: 1, Errors: 0, Skipped: 0
[INFO] 
[INFO] 
[INFO] -----------------< org.apache.hadoop:hadoop-hdds-docs >-----------------
[INFO] Building Apache Hadoop HDDS/Ozone Documentation 0.5.0-SNAPSHOT    [8/26]
[INFO] --------------------------------[ jar ]---------------------------------
[INFO] 
[INFO] --- maven-antrun-plugin:1.3:run (create-testdirs) @ hadoop-hdds-docs ---
[INFO] Executing tasks
[INFO] Executed tasks
[INFO] 
[INFO] --- maven-remote-resources-plugin:1.5:process (default) @ hadoop-hdds-docs ---
[INFO] 
[INFO] --- maven-resources-plugin:2.6:resources (default-resources) @ hadoop-hdds-docs ---
[INFO] Using 'UTF-8' encoding to copy filtered resources.
[INFO] skip non existing resourceDirectory /workdir/hadoop-hdds/docs/src/main/resources
[INFO] Copying 2 resources
[INFO] 
[INFO] --- maven-compiler-plugin:3.1:compile (default-compile) @ hadoop-hdds-docs ---
[INFO] No sources to compile
[INFO] 
[INFO] --- exec-maven-plugin:1.6.0:exec (default) @ hadoop-hdds-docs ---
Hugo is not yet installed. Doc generation is skipped.
[INFO] 
[INFO] --- maven-resources-plugin:2.6:testResources (default-testResources) @ hadoop-hdds-docs ---
[INFO] Using 'UTF-8' encoding to copy filtered resources.
[INFO] skip non existing resourceDirectory /workdir/hadoop-hdds/docs/src/test/resources
[INFO] Copying 2 resources
[INFO] 
[INFO] --- maven-compiler-plugin:3.1:testCompile (default-testCompile) @ hadoop-hdds-docs ---
[INFO] No sources to compile
[INFO] 
[INFO] --- maven-surefire-plugin:3.0.0-M1:test (default-test) @ hadoop-hdds-docs ---
[INFO] 
[INFO] --------------< org.apache.hadoop:hadoop-hdds-server-scm >--------------
[INFO] Building Apache Hadoop HDDS SCM Server 0.5.0-SNAPSHOT             [9/26]
[INFO] --------------------------------[ jar ]---------------------------------
[INFO] 
[INFO] --- maven-antrun-plugin:1.3:run (create-testdirs) @ hadoop-hdds-server-scm ---
[INFO] Executing tasks
[INFO] Executed tasks
[INFO] 
[INFO] --- maven-remote-resources-plugin:1.5:process (default) @ hadoop-hdds-server-scm ---
[INFO] 
[INFO] --- maven-resources-plugin:2.6:resources (default-resources) @ hadoop-hdds-server-scm ---
[INFO] Using 'UTF-8' encoding to copy filtered resources.
[INFO] Copying 4 resources
[INFO] Copying 2 resources
[INFO] 
[INFO] --- maven-compiler-plugin:3.1:compile (default-compile) @ hadoop-hdds-server-scm ---
[INFO] Compiling 131 source files to /workdir/hadoop-hdds/server-scm/target/classes
[WARNING] /workdir/hadoop-hdds/server-scm/src/main/java/org/apache/hadoop/hdds/scm/safemode/SCMSafeModeManager.java: Some input files use unchecked or unsafe operations.
[WARNING] /workdir/hadoop-hdds/server-scm/src/main/java/org/apache/hadoop/hdds/scm/safemode/SCMSafeModeManager.java: Recompile with -Xlint:unchecked for details.
[INFO] 
[INFO] --- maven-resources-plugin:2.6:testResources (default-testResources) @ hadoop-hdds-server-scm ---
[INFO] Using 'UTF-8' encoding to copy filtered resources.
[INFO] Copying 6 resources
[INFO] Copying 2 resources
[INFO] Copying 2 resources
[INFO] 
[INFO] --- maven-compiler-plugin:3.1:testCompile (default-testCompile) @ hadoop-hdds-server-scm ---
[INFO] Compiling 58 source files to /workdir/hadoop-hdds/server-scm/target/test-classes
[WARNING] /workdir/hadoop-hdds/server-scm/src/test/java/org/apache/hadoop/hdds/scm/container/MockNodeManager.java: Some input files use unchecked or unsafe operations.
[WARNING] /workdir/hadoop-hdds/server-scm/src/test/java/org/apache/hadoop/hdds/scm/container/MockNodeManager.java: Recompile with -Xlint:unchecked for details.
[INFO] 
[INFO] --- maven-surefire-plugin:3.0.0-M1:test (default-test) @ hadoop-hdds-server-scm ---
[INFO] 
[INFO] -------------------------------------------------------
[INFO]  T E S T S
[INFO] -------------------------------------------------------
[INFO] Running org.apache.hadoop.ozone.container.common.TestEndPoint
[INFO] Tests run: 15, Failures: 0, Errors: 0, Skipped: 0, Time elapsed: 5.866 s - in org.apache.hadoop.ozone.container.common.TestEndPoint
[INFO] Running org.apache.hadoop.ozone.container.placement.TestDatanodeMetrics
[INFO] Tests run: 1, Failures: 0, Errors: 0, Skipped: 0, Time elapsed: 0.068 s - in org.apache.hadoop.ozone.container.placement.TestDatanodeMetrics
[INFO] Running org.apache.hadoop.ozone.container.placement.TestContainerPlacement
[INFO] Tests run: 1, Failures: 0, Errors: 0, Skipped: 0, Time elapsed: 2.047 s - in org.apache.hadoop.ozone.container.placement.TestContainerPlacement
[INFO] Running org.apache.hadoop.hdds.scm.container.TestContainerStateManager
[INFO] Tests run: 2, Failures: 0, Errors: 0, Skipped: 0, Time elapsed: 0.807 s - in org.apache.hadoop.hdds.scm.container.TestContainerStateManager
[INFO] Running org.apache.hadoop.hdds.scm.container.TestContainerActionsHandler
[INFO] Tests run: 1, Failures: 0, Errors: 0, Skipped: 0, Time elapsed: 0.5 s - in org.apache.hadoop.hdds.scm.container.TestContainerActionsHandler
[INFO] Running org.apache.hadoop.hdds.scm.container.states.TestContainerAttribute
[INFO] Tests run: 5, Failures: 0, Errors: 0, Skipped: 0, Time elapsed: 0.167 s - in org.apache.hadoop.hdds.scm.container.states.TestContainerAttribute
[INFO] Running org.apache.hadoop.hdds.scm.container.TestReplicationManager
[INFO] Tests run: 13, Failures: 0, Errors: 0, Skipped: 0, Time elapsed: 4.643 s - in org.apache.hadoop.hdds.scm.container.TestReplicationManager
[INFO] Running org.apache.hadoop.hdds.scm.container.TestIncrementalContainerReportHandler
[INFO] Tests run: 3, Failures: 0, Errors: 0, Skipped: 0, Time elapsed: 0.836 s - in org.apache.hadoop.hdds.scm.container.TestIncrementalContainerReportHandler
[INFO] Running org.apache.hadoop.hdds.scm.container.placement.algorithms.TestSCMContainerPlacementRandom
[INFO] Tests run: 1, Failures: 0, Errors: 0, Skipped: 0, Time elapsed: 0.477 s - in org.apache.hadoop.hdds.scm.container.placement.algorithms.TestSCMContainerPlacementRandom
[INFO] Running org.apache.hadoop.hdds.scm.container.placement.algorithms.TestSCMContainerPlacementRackAware
[WARNING] Tests run: 91, Failures: 0, Errors: 0, Skipped: 28, Time elapsed: 0.98 s - in org.apache.hadoop.hdds.scm.container.placement.algorithms.TestSCMContainerPlacementRackAware
[INFO] Running org.apache.hadoop.hdds.scm.container.placement.algorithms.TestSCMContainerPlacementCapacity
[INFO] Tests run: 1, Failures: 0, Errors: 0, Skipped: 0, Time elapsed: 1.091 s - in org.apache.hadoop.hdds.scm.container.placement.algorithms.TestSCMContainerPlacementCapacity
[INFO] Running org.apache.hadoop.hdds.scm.container.placement.algorithms.TestContainerPlacementFactory
[INFO] Tests run: 4, Failures: 0, Errors: 0, Skipped: 0, Time elapsed: 0.695 s - in org.apache.hadoop.hdds.scm.container.placement.algorithms.TestContainerPlacementFactory
[INFO] Running org.apache.hadoop.hdds.scm.container.TestContainerReportHandler
[INFO] Tests run: 5, Failures: 0, Errors: 0, Skipped: 0, Time elapsed: 0.967 s - in org.apache.hadoop.hdds.scm.container.TestContainerReportHandler
[INFO] Running org.apache.hadoop.hdds.scm.container.TestCloseContainerEventHandler
[INFO] Tests run: 4, Failures: 0, Errors: 0, Skipped: 0, Time elapsed: 1.735 s - in org.apache.hadoop.hdds.scm.container.TestCloseContainerEventHandler
[INFO] Running org.apache.hadoop.hdds.scm.container.TestSCMContainerManager
[INFO] Tests run: 8, Failures: 0, Errors: 0, Skipped: 0, Time elapsed: 1.205 s - in org.apache.hadoop.hdds.scm.container.TestSCMContainerManager
[INFO] Running org.apache.hadoop.hdds.scm.TestStorageContainerManagerHttpServer
[INFO] Tests run: 3, Failures: 0, Errors: 0, Skipped: 0, Time elapsed: 2.409 s - in org.apache.hadoop.hdds.scm.TestStorageContainerManagerHttpServer
[INFO] Running org.apache.hadoop.hdds.scm.command.TestCommandStatusReportHandler
[INFO] Tests run: 1, Failures: 0, Errors: 0, Skipped: 0, Time elapsed: 0.369 s - in org.apache.hadoop.hdds.scm.command.TestCommandStatusReportHandler
[INFO] Running org.apache.hadoop.hdds.scm.TestHddsServerUtils
[INFO] Tests run: 11, Failures: 0, Errors: 0, Skipped: 0, Time elapsed: 0.824 s - in org.apache.hadoop.hdds.scm.TestHddsServerUtils
[INFO] Running org.apache.hadoop.hdds.scm.node.TestSCMNodeStorageStatMap
[INFO] Tests run: 5, Failures: 0, Errors: 0, Skipped: 0, Time elapsed: 0.468 s - in org.apache.hadoop.hdds.scm.node.TestSCMNodeStorageStatMap
[INFO] Running org.apache.hadoop.hdds.scm.node.states.TestNode2ContainerMap
[INFO] Tests run: 9, Failures: 0, Errors: 0, Skipped: 0, Time elapsed: 0.583 s - in org.apache.hadoop.hdds.scm.node.states.TestNode2ContainerMap
[INFO] Running org.apache.hadoop.hdds.scm.node.TestStatisticsUpdate
[INFO] Tests run: 1, Failures: 0, Errors: 0, Skipped: 0, Time elapsed: 5.161 s - in org.apache.hadoop.hdds.scm.node.TestStatisticsUpdate
[INFO] Running org.apache.hadoop.hdds.scm.node.TestSCMNodeManager
[WARNING] Tests run: 17, Failures: 0, Errors: 0, Skipped: 2, Time elapsed: 78.858 s - in org.apache.hadoop.hdds.scm.node.TestSCMNodeManager
[INFO] Running org.apache.hadoop.hdds.scm.node.TestContainerPlacement
[WARNING] Tests run: 1, Failures: 0, Errors: 0, Skipped: 1, Time elapsed: 0.08 s - in org.apache.hadoop.hdds.scm.node.TestContainerPlacement
[INFO] Running org.apache.hadoop.hdds.scm.node.TestNodeReportHandler
[INFO] Tests run: 1, Failures: 0, Errors: 0, Skipped: 0, Time elapsed: 0.828 s - in org.apache.hadoop.hdds.scm.node.TestNodeReportHandler
[INFO] Running org.apache.hadoop.hdds.scm.node.TestDeadNodeHandler
[INFO] Tests run: 1, Failures: 0, Errors: 0, Skipped: 0, Time elapsed: 4.168 s - in org.apache.hadoop.hdds.scm.node.TestDeadNodeHandler
[INFO] Running org.apache.hadoop.hdds.scm.safemode.TestOneReplicaPipelineSafeModeRule
[INFO] Tests run: 2, Failures: 0, Errors: 0, Skipped: 0, Time elapsed: 3.335 s - in org.apache.hadoop.hdds.scm.safemode.TestOneReplicaPipelineSafeModeRule
[INFO] Running org.apache.hadoop.hdds.scm.safemode.TestSafeModeHandler
[INFO] Tests run: 2, Failures: 0, Errors: 0, Skipped: 0, Time elapsed: 8.964 s - in org.apache.hadoop.hdds.scm.safemode.TestSafeModeHandler
[INFO] Running org.apache.hadoop.hdds.scm.safemode.TestHealthyPipelineSafeModeRule
[INFO] Tests run: 3, Failures: 0, Errors: 0, Skipped: 0, Time elapsed: 1.297 s - in org.apache.hadoop.hdds.scm.safemode.TestHealthyPipelineSafeModeRule
[INFO] Running org.apache.hadoop.hdds.scm.safemode.TestSCMSafeModeManager
[INFO] Tests run: 11, Failures: 0, Errors: 0, Skipped: 0, Time elapsed: 38.772 s - in org.apache.hadoop.hdds.scm.safemode.TestSCMSafeModeManager
[INFO] Running org.apache.hadoop.hdds.scm.server.TestSCMBlockProtocolServer
[INFO] Tests run: 1, Failures: 0, Errors: 0, Skipped: 0, Time elapsed: 4.198 s - in org.apache.hadoop.hdds.scm.server.TestSCMBlockProtocolServer
[INFO] Running org.apache.hadoop.hdds.scm.server.TestSCMClientProtocolServer
[INFO] Tests run: 1, Failures: 0, Errors: 0, Skipped: 0, Time elapsed: 1.068 s - in org.apache.hadoop.hdds.scm.server.TestSCMClientProtocolServer
[INFO] Running org.apache.hadoop.hdds.scm.server.TestStorageContainerManagerStarter
[INFO] Tests run: 10, Failures: 0, Errors: 0, Skipped: 0, Time elapsed: 0.703 s - in org.apache.hadoop.hdds.scm.server.TestStorageContainerManagerStarter
[INFO] Running org.apache.hadoop.hdds.scm.server.TestSCMSecurityProtocolServer
[INFO] Tests run: 2, Failures: 0, Errors: 0, Skipped: 0, Time elapsed: 1.004 s - in org.apache.hadoop.hdds.scm.server.TestSCMSecurityProtocolServer
[INFO] Running org.apache.hadoop.hdds.scm.server.TestSCMContainerMetrics
[INFO] Tests run: 1, Failures: 0, Errors: 0, Skipped: 0, Time elapsed: 0.324 s - in org.apache.hadoop.hdds.scm.server.TestSCMContainerMetrics
[INFO] Running org.apache.hadoop.hdds.scm.server.TestSCMDatanodeHeartbeatDispatcher
[INFO] Tests run: 3, Failures: 0, Errors: 0, Skipped: 0, Time elapsed: 0.391 s - in org.apache.hadoop.hdds.scm.server.TestSCMDatanodeHeartbeatDispatcher
[INFO] Running org.apache.hadoop.hdds.scm.block.TestBlockManager
[INFO] Tests run: 8, Failures: 0, Errors: 0, Skipped: 0, Time elapsed: 5.711 s - in org.apache.hadoop.hdds.scm.block.TestBlockManager
[INFO] Running org.apache.hadoop.hdds.scm.block.TestDeletedBlockLog
[INFO] Tests run: 5, Failures: 0, Errors: 0, Skipped: 0, Time elapsed: 23.289 s - in org.apache.hadoop.hdds.scm.block.TestDeletedBlockLog
[INFO] 
[INFO] Results:
[INFO] 
[WARNING] Tests run: 254, Failures: 0, Errors: 0, Skipped: 31
[INFO] 
[INFO] 
[INFO] ----------------< org.apache.hadoop:hadoop-hdds-tools >-----------------
[INFO] Building Apache Hadoop HDDS Tools 0.5.0-SNAPSHOT                 [10/26]
[INFO] --------------------------------[ jar ]---------------------------------
[INFO] 
[INFO] --- maven-antrun-plugin:1.3:run (create-testdirs) @ hadoop-hdds-tools ---
[INFO] Executing tasks
[INFO] Executed tasks
[INFO] 
[INFO] --- maven-remote-resources-plugin:1.5:process (default) @ hadoop-hdds-tools ---
[INFO] 
[INFO] --- maven-resources-plugin:2.6:resources (default-resources) @ hadoop-hdds-tools ---
[INFO] Using 'UTF-8' encoding to copy filtered resources.
[INFO] skip non existing resourceDirectory /workdir/hadoop-hdds/tools/src/main/resources
[INFO] Copying 2 resources
[INFO] 
[INFO] --- maven-compiler-plugin:3.1:compile (default-compile) @ hadoop-hdds-tools ---
[INFO] Compiling 21 source files to /workdir/hadoop-hdds/tools/target/classes
[INFO] 
[INFO] --- maven-resources-plugin:2.6:testResources (default-testResources) @ hadoop-hdds-tools ---
[INFO] Using 'UTF-8' encoding to copy filtered resources.
[INFO] skip non existing resourceDirectory /workdir/hadoop-hdds/tools/src/test/resources
[INFO] Copying 2 resources
[INFO] 
[INFO] --- maven-compiler-plugin:3.1:testCompile (default-testCompile) @ hadoop-hdds-tools ---
[INFO] No sources to compile
[INFO] 
[INFO] --- maven-surefire-plugin:3.0.0-M1:test (default-test) @ hadoop-hdds-tools ---
[INFO] 
[INFO] -------------------< org.apache.hadoop:hadoop-ozone >-------------------
[INFO] Building Apache Hadoop Ozone 0.5.0-SNAPSHOT                      [11/26]
[INFO] --------------------------------[ pom ]---------------------------------
[INFO] 
[INFO] --- maven-antrun-plugin:1.3:run (create-testdirs) @ hadoop-ozone ---
[INFO] Executing tasks
[INFO] Executed tasks
[INFO] 
[INFO] --- maven-remote-resources-plugin:1.5:process (default) @ hadoop-ozone ---
[INFO] 
[INFO] ---------------< org.apache.hadoop:hadoop-ozone-common >----------------
[INFO] Building Apache Hadoop Ozone Common 0.5.0-SNAPSHOT               [12/26]
[INFO] --------------------------------[ jar ]---------------------------------
[INFO] 
[INFO] --- maven-antrun-plugin:1.3:run (create-testdirs) @ hadoop-ozone-common ---
[INFO] Executing tasks
[INFO] Executed tasks
[INFO] 
[INFO] --- hadoop-maven-plugins:3.2.0:protoc (compile-protoc) @ hadoop-ozone-common ---
[INFO] Wrote protoc checksums to file /workdir/hadoop-ozone/common/target/hadoop-maven-plugins-protoc-checksums.json
[INFO] 
[INFO] --- maven-remote-resources-plugin:1.5:process (default) @ hadoop-ozone-common ---
[INFO] 
[INFO] --- hadoop-maven-plugins:3.2.0:version-info (version-info) @ hadoop-ozone-common ---
[INFO] SCM: GIT
[INFO] Computed MD5: d0bc6fc5d2bde59cc6f6efc8b9834d7
[INFO] 
[INFO] --- maven-resources-plugin:2.6:resources (default-resources) @ hadoop-ozone-common ---
[INFO] Using 'UTF-8' encoding to copy filtered resources.
[INFO] Copying 0 resource
[INFO] Copying 1 resource
[INFO] Copying 2 resources
[INFO] 
[INFO] --- maven-compiler-plugin:3.1:compile (default-compile) @ hadoop-ozone-common ---
[INFO] Compiling 107 source files to /workdir/hadoop-ozone/common/target/classes
[WARNING] /workdir/hadoop-ozone/common/src/main/java/org/apache/hadoop/ozone/om/ha/OMFailoverProxyProvider.java: Some input files use unchecked or unsafe operations.
[WARNING] /workdir/hadoop-ozone/common/src/main/java/org/apache/hadoop/ozone/om/ha/OMFailoverProxyProvider.java: Recompile with -Xlint:unchecked for details.
[INFO] 
[INFO] --- maven-resources-plugin:2.6:testResources (default-testResources) @ hadoop-ozone-common ---
[INFO] Using 'UTF-8' encoding to copy filtered resources.
[INFO] skip non existing resourceDirectory /workdir/hadoop-ozone/common/src/test/resources
[INFO] Copying 2 resources
[INFO] 
[INFO] --- maven-compiler-plugin:3.1:testCompile (default-testCompile) @ hadoop-ozone-common ---
[INFO] Compiling 20 source files to /workdir/hadoop-ozone/common/target/test-classes
[INFO] 
[INFO] --- maven-surefire-plugin:3.0.0-M1:test (default-test) @ hadoop-ozone-common ---
[INFO] 
[INFO] -------------------------------------------------------
[INFO]  T E S T S
[INFO] -------------------------------------------------------
[INFO] Running org.apache.hadoop.ozone.security.TestAWSV4AuthValidator
[INFO] Tests run: 2, Failures: 0, Errors: 0, Skipped: 0, Time elapsed: 0.184 s - in org.apache.hadoop.ozone.security.TestAWSV4AuthValidator
[INFO] Running org.apache.hadoop.ozone.security.TestOzoneDelegationTokenSelector
[INFO] Tests run: 1, Failures: 0, Errors: 0, Skipped: 0, Time elapsed: 0.148 s - in org.apache.hadoop.ozone.security.TestOzoneDelegationTokenSelector
[INFO] Running org.apache.hadoop.ozone.security.TestGDPRSymmetricKey
[INFO] Tests run: 3, Failures: 0, Errors: 0, Skipped: 0, Time elapsed: 0.128 s - in org.apache.hadoop.ozone.security.TestGDPRSymmetricKey
[INFO] Running org.apache.hadoop.ozone.security.acl.TestOzoneObjInfo
[INFO] Tests run: 4, Failures: 0, Errors: 0, Skipped: 0, Time elapsed: 0.093 s - in org.apache.hadoop.ozone.security.acl.TestOzoneObjInfo
[INFO] Running org.apache.hadoop.ozone.TestOzoneAcls
[INFO] Tests run: 3, Failures: 0, Errors: 0, Skipped: 0, Time elapsed: 0.124 s - in org.apache.hadoop.ozone.TestOzoneAcls
[INFO] Running org.apache.hadoop.ozone.util.TestRadixTree
[INFO] Tests run: 4, Failures: 0, Errors: 0, Skipped: 0, Time elapsed: 0.073 s - in org.apache.hadoop.ozone.util.TestRadixTree
[INFO] Running org.apache.hadoop.ozone.TestOmUtils
[INFO] Tests run: 4, Failures: 0, Errors: 0, Skipped: 0, Time elapsed: 0.453 s - in org.apache.hadoop.ozone.TestOmUtils
[INFO] Running org.apache.hadoop.ozone.om.codec.TestOmMultipartKeyInfoCodec
[INFO] Tests run: 1, Failures: 0, Errors: 0, Skipped: 0, Time elapsed: 0.15 s - in org.apache.hadoop.ozone.om.codec.TestOmMultipartKeyInfoCodec
[INFO] Running org.apache.hadoop.ozone.om.codec.TestS3SecretValueCodec
[INFO] Tests run: 4, Failures: 0, Errors: 0, Skipped: 0, Time elapsed: 0.14 s - in org.apache.hadoop.ozone.om.codec.TestS3SecretValueCodec
[INFO] Running org.apache.hadoop.ozone.om.codec.TestOmPrefixInfoCodec
[INFO] Tests run: 4, Failures: 0, Errors: 0, Skipped: 0, Time elapsed: 0.136 s - in org.apache.hadoop.ozone.om.codec.TestOmPrefixInfoCodec
[INFO] Running org.apache.hadoop.ozone.om.lock.TestOzoneManagerLock
[INFO] Tests run: 12, Failures: 0, Errors: 0, Skipped: 0, Time elapsed: 2.176 s - in org.apache.hadoop.ozone.om.lock.TestOzoneManagerLock
[INFO] Running org.apache.hadoop.ozone.om.helpers.TestOzoneAclUtil
[INFO] Tests run: 2, Failures: 0, Errors: 0, Skipped: 0, Time elapsed: 0.448 s - in org.apache.hadoop.ozone.om.helpers.TestOzoneAclUtil
[INFO] Running org.apache.hadoop.ozone.om.helpers.TestOmBucketInfo
[INFO] Tests run: 1, Failures: 0, Errors: 0, Skipped: 0, Time elapsed: 0.119 s - in org.apache.hadoop.ozone.om.helpers.TestOmBucketInfo
[INFO] Running org.apache.hadoop.ozone.om.helpers.TestOmKeyInfo
[INFO] Tests run: 1, Failures: 0, Errors: 0, Skipped: 0, Time elapsed: 0.106 s - in org.apache.hadoop.ozone.om.helpers.TestOmKeyInfo
[INFO] Running org.apache.hadoop.ozone.om.helpers.TestOmMultipartUpload
[INFO] Tests run: 1, Failures: 0, Errors: 0, Skipped: 0, Time elapsed: 0.058 s - in org.apache.hadoop.ozone.om.helpers.TestOmMultipartUpload
[INFO] Running org.apache.hadoop.ozone.om.exceptions.TestResultCodes
[INFO] Tests run: 1, Failures: 0, Errors: 0, Skipped: 0, Time elapsed: 0.064 s - in org.apache.hadoop.ozone.om.exceptions.TestResultCodes
[INFO] 
[INFO] Results:
[INFO] 
[INFO] Tests run: 48, Failures: 0, Errors: 0, Skipped: 0
[INFO] 
[INFO] 
[INFO] ---------------< org.apache.hadoop:hadoop-ozone-client >----------------
[INFO] Building Apache Hadoop Ozone Client 0.5.0-SNAPSHOT               [13/26]
[INFO] --------------------------------[ jar ]---------------------------------
[INFO] 
[INFO] --- maven-antrun-plugin:1.3:run (create-testdirs) @ hadoop-ozone-client ---
[INFO] Executing tasks
[INFO] Executed tasks
[INFO] 
[INFO] --- maven-remote-resources-plugin:1.5:process (default) @ hadoop-ozone-client ---
[INFO] 
[INFO] --- maven-resources-plugin:2.6:resources (default-resources) @ hadoop-ozone-client ---
[INFO] Using 'UTF-8' encoding to copy filtered resources.
[INFO] skip non existing resourceDirectory /workdir/hadoop-ozone/client/src/main/resources
[INFO] Copying 2 resources
[INFO] 
[INFO] --- maven-compiler-plugin:3.1:compile (default-compile) @ hadoop-ozone-client ---
[INFO] Compiling 29 source files to /workdir/hadoop-ozone/client/target/classes
[WARNING] /workdir/hadoop-ozone/client/src/main/java/org/apache/hadoop/ozone/client/rpc/RpcClient.java: /workdir/hadoop-ozone/client/src/main/java/org/apache/hadoop/ozone/client/rpc/RpcClient.java uses unchecked or unsafe operations.
[WARNING] /workdir/hadoop-ozone/client/src/main/java/org/apache/hadoop/ozone/client/rpc/RpcClient.java: Recompile with -Xlint:unchecked for details.
[INFO] 
[INFO] --- maven-resources-plugin:2.6:testResources (default-testResources) @ hadoop-ozone-client ---
[INFO] Using 'UTF-8' encoding to copy filtered resources.
[INFO] skip non existing resourceDirectory /workdir/hadoop-ozone/client/src/test/resources
[INFO] Copying 2 resources
[INFO] 
[INFO] --- maven-compiler-plugin:3.1:testCompile (default-testCompile) @ hadoop-ozone-client ---
[INFO] Compiling 3 source files to /workdir/hadoop-ozone/client/target/test-classes
[INFO] 
[INFO] --- maven-surefire-plugin:3.0.0-M1:test (default-test) @ hadoop-ozone-client ---
[INFO] 
[INFO] -------------------------------------------------------
[INFO]  T E S T S
[INFO] -------------------------------------------------------
[INFO] Running org.apache.hadoop.ozone.client.rpc.TestOzoneKMSUtil
[INFO] Tests run: 1, Failures: 0, Errors: 0, Skipped: 0, Time elapsed: 0.271 s - in org.apache.hadoop.ozone.client.rpc.TestOzoneKMSUtil
[INFO] Running org.apache.hadoop.ozone.client.TestHddsClientUtils
[INFO] Tests run: 11, Failures: 0, Errors: 0, Skipped: 0, Time elapsed: 0.614 s - in org.apache.hadoop.ozone.client.TestHddsClientUtils
[INFO] 
[INFO] Results:
[INFO] 
[INFO] Tests run: 12, Failures: 0, Errors: 0, Skipped: 0
[INFO] 
[INFO] 
[INFO] ------------< org.apache.hadoop:hadoop-ozone-ozone-manager >------------
[INFO] Building Apache Hadoop Ozone Manager Server 0.5.0-SNAPSHOT       [14/26]
[INFO] --------------------------------[ jar ]---------------------------------
[INFO] 
[INFO] --- maven-antrun-plugin:1.3:run (create-testdirs) @ hadoop-ozone-ozone-manager ---
[INFO] Executing tasks
[INFO] Executed tasks
[INFO] 
[INFO] --- maven-remote-resources-plugin:1.5:process (default) @ hadoop-ozone-ozone-manager ---
[INFO] 
[INFO] --- maven-resources-plugin:2.6:resources (default-resources) @ hadoop-ozone-ozone-manager ---
[INFO] Using 'UTF-8' encoding to copy filtered resources.
[INFO] Copying 5 resources
[INFO] Copying 2 resources
[INFO] 
[INFO] --- maven-compiler-plugin:3.1:compile (default-compile) @ hadoop-ozone-ozone-manager ---
[INFO] Compiling 207 source files to /workdir/hadoop-ozone/ozone-manager/target/classes
[WARNING] /workdir/hadoop-ozone/ozone-manager/src/main/java/org/apache/hadoop/ozone/web/ozShell/token/CancelTokenHandler.java: Some input files use unchecked or unsafe operations.
[WARNING] /workdir/hadoop-ozone/ozone-manager/src/main/java/org/apache/hadoop/ozone/web/ozShell/token/CancelTokenHandler.java: Recompile with -Xlint:unchecked for details.
[INFO] 
[INFO] --- maven-resources-plugin:2.6:testResources (default-testResources) @ hadoop-ozone-ozone-manager ---
[INFO] Using 'UTF-8' encoding to copy filtered resources.
[INFO] Copying 6 resources
[INFO] Copying 1 resource
[INFO] Copying 2 resources
[INFO] 
[INFO] --- maven-compiler-plugin:3.1:testCompile (default-testCompile) @ hadoop-ozone-ozone-manager ---
[INFO] Compiling 83 source files to /workdir/hadoop-ozone/ozone-manager/target/test-classes
[WARNING] /workdir/hadoop-ozone/ozone-manager/src/test/java/org/apache/hadoop/ozone/om/TestBucketManagerImpl.java: /workdir/hadoop-ozone/ozone-manager/src/test/java/org/apache/hadoop/ozone/om/TestBucketManagerImpl.java uses or overrides a deprecated API.
[WARNING] /workdir/hadoop-ozone/ozone-manager/src/test/java/org/apache/hadoop/ozone/om/TestBucketManagerImpl.java: Recompile with -Xlint:deprecation for details.
[INFO] 
[INFO] --- maven-surefire-plugin:3.0.0-M1:test (default-test) @ hadoop-ozone-ozone-manager ---
[INFO] 
[INFO] -------------------------------------------------------
[INFO]  T E S T S
[INFO] -------------------------------------------------------
[INFO] Running org.apache.hadoop.ozone.security.TestOzoneManagerBlockToken
[INFO] Tests run: 3, Failures: 0, Errors: 0, Skipped: 0, Time elapsed: 1.907 s - in org.apache.hadoop.ozone.security.TestOzoneManagerBlockToken
[INFO] Running org.apache.hadoop.ozone.security.TestOzoneDelegationTokenSecretManager
[INFO] Tests run: 12, Failures: 0, Errors: 0, Skipped: 0, Time elapsed: 7.758 s - in org.apache.hadoop.ozone.security.TestOzoneDelegationTokenSecretManager
[INFO] Running org.apache.hadoop.ozone.security.TestOzoneBlockTokenSecretManager
[INFO] Tests run: 6, Failures: 0, Errors: 0, Skipped: 0, Time elapsed: 1.623 s - in org.apache.hadoop.ozone.security.TestOzoneBlockTokenSecretManager
[INFO] Running org.apache.hadoop.ozone.security.TestOzoneTokenIdentifier
[INFO] Tests run: 4, Failures: 0, Errors: 0, Skipped: 0, Time elapsed: 1.72 s - in org.apache.hadoop.ozone.security.TestOzoneTokenIdentifier
[INFO] Running org.apache.hadoop.ozone.web.ozShell.TestObjectPrinter
[INFO] Tests run: 1, Failures: 0, Errors: 0, Skipped: 0, Time elapsed: 1.828 s - in org.apache.hadoop.ozone.web.ozShell.TestObjectPrinter
[INFO] Running org.apache.hadoop.ozone.web.ozShell.TestOzoneAddress
[INFO] Tests run: 5, Failures: 0, Errors: 0, Skipped: 0, Time elapsed: 0.085 s - in org.apache.hadoop.ozone.web.ozShell.TestOzoneAddress
[INFO] Running org.apache.hadoop.ozone.om.TestBucketManagerImpl
[WARNING] Tests run: 1, Failures: 0, Errors: 0, Skipped: 1, Time elapsed: 0.036 s - in org.apache.hadoop.ozone.om.TestBucketManagerImpl
[INFO] Running org.apache.hadoop.ozone.om.TestKeyManagerUnit
[INFO] Tests run: 3, Failures: 0, Errors: 0, Skipped: 0, Time elapsed: 6.219 s - in org.apache.hadoop.ozone.om.TestKeyManagerUnit
[INFO] Running org.apache.hadoop.ozone.om.TestS3BucketManager
[INFO] Tests run: 4, Failures: 0, Errors: 0, Skipped: 0, Time elapsed: 5.056 s - in org.apache.hadoop.ozone.om.TestS3BucketManager
[INFO] Running org.apache.hadoop.ozone.om.response.bucket.TestOMBucketSetPropertyResponse
[INFO] Tests run: 1, Failures: 0, Errors: 0, Skipped: 0, Time elapsed: 1.9 s - in org.apache.hadoop.ozone.om.response.bucket.TestOMBucketSetPropertyResponse
[INFO] Running org.apache.hadoop.ozone.om.response.bucket.TestOMBucketDeleteResponse
[INFO] Tests run: 1, Failures: 0, Errors: 0, Skipped: 0, Time elapsed: 2.184 s - in org.apache.hadoop.ozone.om.response.bucket.TestOMBucketDeleteResponse
[INFO] Running org.apache.hadoop.ozone.om.response.bucket.TestOMBucketCreateResponse
[INFO] Tests run: 1, Failures: 0, Errors: 0, Skipped: 0, Time elapsed: 1.406 s - in org.apache.hadoop.ozone.om.response.bucket.TestOMBucketCreateResponse
[INFO] Running org.apache.hadoop.ozone.om.response.key.TestOMKeyCreateResponse
[INFO] Tests run: 2, Failures: 0, Errors: 0, Skipped: 0, Time elapsed: 3.646 s - in org.apache.hadoop.ozone.om.response.key.TestOMKeyCreateResponse
[INFO] Running org.apache.hadoop.ozone.om.response.key.TestOMKeyCommitResponse
[INFO] Tests run: 2, Failures: 0, Errors: 0, Skipped: 0, Time elapsed: 3.531 s - in org.apache.hadoop.ozone.om.response.key.TestOMKeyCommitResponse
[INFO] Running org.apache.hadoop.ozone.om.response.key.TestOMKeyDeleteResponse
[INFO] Tests run: 3, Failures: 0, Errors: 0, Skipped: 0, Time elapsed: 10.696 s - in org.apache.hadoop.ozone.om.response.key.TestOMKeyDeleteResponse
[INFO] Running org.apache.hadoop.ozone.om.response.key.TestOMAllocateBlockResponse
[INFO] Tests run: 2, Failures: 0, Errors: 0, Skipped: 0, Time elapsed: 2.235 s - in org.apache.hadoop.ozone.om.response.key.TestOMAllocateBlockResponse
[INFO] Running org.apache.hadoop.ozone.om.response.key.TestOMKeyRenameResponse
[INFO] Tests run: 3, Failures: 0, Errors: 0, Skipped: 0, Time elapsed: 2.922 s - in org.apache.hadoop.ozone.om.response.key.TestOMKeyRenameResponse
[INFO] Running org.apache.hadoop.ozone.om.response.file.TestOMDirectoryCreateResponse
[INFO] Tests run: 2, Failures: 0, Errors: 0, Skipped: 0, Time elapsed: 2.586 s - in org.apache.hadoop.ozone.om.response.file.TestOMDirectoryCreateResponse
[INFO] Running org.apache.hadoop.ozone.om.response.s3.bucket.TestS3BucketDeleteResponse
[INFO] Tests run: 1, Failures: 0, Errors: 0, Skipped: 0, Time elapsed: 1.552 s - in org.apache.hadoop.ozone.om.response.s3.bucket.TestS3BucketDeleteResponse
[INFO] Running org.apache.hadoop.ozone.om.response.s3.bucket.TestS3BucketCreateResponse
[INFO] Tests run: 1, Failures: 0, Errors: 0, Skipped: 0, Time elapsed: 2.454 s - in org.apache.hadoop.ozone.om.response.s3.bucket.TestS3BucketCreateResponse
[INFO] Running org.apache.hadoop.ozone.om.response.s3.multipart.TestS3MultipartUploadAbortResponse
[INFO] Tests run: 2, Failures: 0, Errors: 0, Skipped: 0, Time elapsed: 2.167 s - in org.apache.hadoop.ozone.om.response.s3.multipart.TestS3MultipartUploadAbortResponse
[INFO] Running org.apache.hadoop.ozone.om.response.s3.multipart.TestS3InitiateMultipartUploadResponse
[INFO] Tests run: 1, Failures: 0, Errors: 0, Skipped: 0, Time elapsed: 2.003 s - in org.apache.hadoop.ozone.om.response.s3.multipart.TestS3InitiateMultipartUploadResponse
[INFO] Running org.apache.hadoop.ozone.om.response.volume.TestOMVolumeCreateResponse
[INFO] Tests run: 2, Failures: 0, Errors: 0, Skipped: 0, Time elapsed: 3.205 s - in org.apache.hadoop.ozone.om.response.volume.TestOMVolumeCreateResponse
[INFO] Running org.apache.hadoop.ozone.om.response.volume.TestOMVolumeDeleteResponse
[INFO] Tests run: 2, Failures: 0, Errors: 0, Skipped: 0, Time elapsed: 2.787 s - in org.apache.hadoop.ozone.om.response.volume.TestOMVolumeDeleteResponse
[INFO] Running org.apache.hadoop.ozone.om.response.volume.TestOMVolumeSetOwnerResponse
[INFO] Tests run: 2, Failures: 0, Errors: 0, Skipped: 0, Time elapsed: 5.332 s - in org.apache.hadoop.ozone.om.response.volume.TestOMVolumeSetOwnerResponse
[INFO] Running org.apache.hadoop.ozone.om.response.volume.TestOMVolumeSetQuotaResponse
[INFO] Tests run: 2, Failures: 0, Errors: 0, Skipped: 0, Time elapsed: 1.653 s - in org.apache.hadoop.ozone.om.response.volume.TestOMVolumeSetQuotaResponse
[INFO] Running org.apache.hadoop.ozone.om.TestOzoneManagerStarter
[INFO] Tests run: 8, Failures: 0, Errors: 0, Skipped: 0, Time elapsed: 0.646 s - in org.apache.hadoop.ozone.om.TestOzoneManagerStarter
[INFO] Running org.apache.hadoop.ozone.om.request.bucket.TestOMBucketCreateRequest
[INFO] Tests run: 4, Failures: 0, Errors: 0, Skipped: 0, Time elapsed: 7.618 s - in org.apache.hadoop.ozone.om.request.bucket.TestOMBucketCreateRequest
[INFO] Running org.apache.hadoop.ozone.om.request.bucket.TestOMBucketSetPropertyRequest
[INFO] Tests run: 3, Failures: 0, Errors: 0, Skipped: 0, Time elapsed: 7.138 s - in org.apache.hadoop.ozone.om.request.bucket.TestOMBucketSetPropertyRequest
[INFO] Running org.apache.hadoop.ozone.om.request.bucket.TestOMBucketDeleteRequest
[INFO] Tests run: 3, Failures: 0, Errors: 0, Skipped: 0, Time elapsed: 5.45 s - in org.apache.hadoop.ozone.om.request.bucket.TestOMBucketDeleteRequest
[INFO] Running org.apache.hadoop.ozone.om.request.TestOMClientRequestWithUserInfo
[INFO] Tests run: 1, Failures: 0, Errors: 0, Skipped: 0, Time elapsed: 14.569 s - in org.apache.hadoop.ozone.om.request.TestOMClientRequestWithUserInfo
[INFO] Running org.apache.hadoop.ozone.om.request.key.TestOMAllocateBlockRequest
[INFO] Tests run: 5, Failures: 0, Errors: 0, Skipped: 0, Time elapsed: 5.931 s - in org.apache.hadoop.ozone.om.request.key.TestOMAllocateBlockRequest
[INFO] Running org.apache.hadoop.ozone.om.request.key.TestOMKeyCommitRequest
[INFO] Tests run: 5, Failures: 0, Errors: 0, Skipped: 0, Time elapsed: 6.92 s - in org.apache.hadoop.ozone.om.request.key.TestOMKeyCommitRequest
[INFO] Running org.apache.hadoop.ozone.om.request.key.TestOMKeyPurgeRequestAndResponse
[INFO] Tests run: 1, Failures: 0, Errors: 0, Skipped: 0, Time elapsed: 3.999 s - in org.apache.hadoop.ozone.om.request.key.TestOMKeyPurgeRequestAndResponse
[INFO] Running org.apache.hadoop.ozone.om.request.key.TestOMKeyDeleteRequest
[INFO] Tests run: 4, Failures: 0, Errors: 0, Skipped: 0, Time elapsed: 4.897 s - in org.apache.hadoop.ozone.om.request.key.TestOMKeyDeleteRequest
[INFO] Running org.apache.hadoop.ozone.om.request.key.TestOMKeyCreateRequest
[INFO] Tests run: 6, Failures: 0, Errors: 0, Skipped: 0, Time elapsed: 6.234 s - in org.apache.hadoop.ozone.om.request.key.TestOMKeyCreateRequest
[INFO] Running org.apache.hadoop.ozone.om.request.key.TestOMKeyRenameRequest
[INFO] Tests run: 6, Failures: 0, Errors: 0, Skipped: 0, Time elapsed: 6.433 s - in org.apache.hadoop.ozone.om.request.key.TestOMKeyRenameRequest
[INFO] Running org.apache.hadoop.ozone.om.request.file.TestOMFileCreateRequest
[INFO] Tests run: 8, Failures: 0, Errors: 0, Skipped: 0, Time elapsed: 7.626 s - in org.apache.hadoop.ozone.om.request.file.TestOMFileCreateRequest
[INFO] Running org.apache.hadoop.ozone.om.request.file.TestOMDirectoryCreateRequest
[INFO] Tests run: 6, Failures: 0, Errors: 0, Skipped: 0, Time elapsed: 5.876 s - in org.apache.hadoop.ozone.om.request.file.TestOMDirectoryCreateRequest
[INFO] Running org.apache.hadoop.ozone.om.request.s3.bucket.TestS3BucketCreateRequest
[INFO] Tests run: 5, Failures: 0, Errors: 0, Skipped: 0, Time elapsed: 5.342 s - in org.apache.hadoop.ozone.om.request.s3.bucket.TestS3BucketCreateRequest
[INFO] Running org.apache.hadoop.ozone.om.request.s3.bucket.TestS3BucketDeleteRequest
[INFO] Tests run: 4, Failures: 0, Errors: 0, Skipped: 0, Time elapsed: 4.433 s - in org.apache.hadoop.ozone.om.request.s3.bucket.TestS3BucketDeleteRequest
[INFO] Running org.apache.hadoop.ozone.om.request.s3.multipart.TestS3MultipartUploadCommitPartRequest
[INFO] Tests run: 5, Failures: 0, Errors: 0, Skipped: 0, Time elapsed: 5.227 s - in org.apache.hadoop.ozone.om.request.s3.multipart.TestS3MultipartUploadCommitPartRequest
[INFO] Running org.apache.hadoop.ozone.om.request.s3.multipart.TestS3MultipartUploadAbortRequest
[INFO] Tests run: 5, Failures: 0, Errors: 0, Skipped: 0, Time elapsed: 5.28 s - in org.apache.hadoop.ozone.om.request.s3.multipart.TestS3MultipartUploadAbortRequest
[INFO] Running org.apache.hadoop.ozone.om.request.s3.multipart.TestS3InitiateMultipartUploadRequest
[INFO] Tests run: 4, Failures: 0, Errors: 0, Skipped: 0, Time elapsed: 4.574 s - in org.apache.hadoop.ozone.om.request.s3.multipart.TestS3InitiateMultipartUploadRequest
[INFO] Running org.apache.hadoop.ozone.om.request.s3.multipart.TestS3MultipartUploadCompleteRequest
[INFO] Tests run: 5, Failures: 0, Errors: 0, Skipped: 0, Time elapsed: 5.433 s - in org.apache.hadoop.ozone.om.request.s3.multipart.TestS3MultipartUploadCompleteRequest
[INFO] Running org.apache.hadoop.ozone.om.request.volume.TestOMVolumeDeleteRequest
[INFO] Tests run: 4, Failures: 0, Errors: 0, Skipped: 0, Time elapsed: 4.487 s - in org.apache.hadoop.ozone.om.request.volume.TestOMVolumeDeleteRequest
[INFO] Running org.apache.hadoop.ozone.om.request.volume.TestOMVolumeCreateRequest
[INFO] Tests run: 4, Failures: 0, Errors: 0, Skipped: 0, Time elapsed: 4.454 s - in org.apache.hadoop.ozone.om.request.volume.TestOMVolumeCreateRequest
[INFO] Running org.apache.hadoop.ozone.om.request.volume.acl.TestOMVolumeSetAclRequest
[INFO] Tests run: 3, Failures: 0, Errors: 0, Skipped: 0, Time elapsed: 4.426 s - in org.apache.hadoop.ozone.om.request.volume.acl.TestOMVolumeSetAclRequest
[INFO] Running org.apache.hadoop.ozone.om.request.volume.acl.TestOMVolumeRemoveAclRequest
[INFO] Tests run: 3, Failures: 0, Errors: 0, Skipped: 0, Time elapsed: 4.242 s - in org.apache.hadoop.ozone.om.request.volume.acl.TestOMVolumeRemoveAclRequest
[INFO] Running org.apache.hadoop.ozone.om.request.volume.acl.TestOMVolumeAddAclRequest
[INFO] Tests run: 3, Failures: 0, Errors: 0, Skipped: 0, Time elapsed: 4.52 s - in org.apache.hadoop.ozone.om.request.volume.acl.TestOMVolumeAddAclRequest
[INFO] Running org.apache.hadoop.ozone.om.request.volume.TestOMVolumeSetOwnerRequest
[INFO] Tests run: 4, Failures: 0, Errors: 0, Skipped: 0, Time elapsed: 4.759 s - in org.apache.hadoop.ozone.om.request.volume.TestOMVolumeSetOwnerRequest
[INFO] Running org.apache.hadoop.ozone.om.request.volume.TestOMVolumeSetQuotaRequest
[INFO] Tests run: 4, Failures: 0, Errors: 0, Skipped: 0, Time elapsed: 4.625 s - in org.apache.hadoop.ozone.om.request.volume.TestOMVolumeSetQuotaRequest
[INFO] Running org.apache.hadoop.ozone.om.TestChunkStreams
[INFO] Tests run: 2, Failures: 0, Errors: 0, Skipped: 0, Time elapsed: 0.138 s - in org.apache.hadoop.ozone.om.TestChunkStreams
[INFO] Running org.apache.hadoop.ozone.om.TestKeyDeletingService
[INFO] Tests run: 3, Failures: 0, Errors: 0, Skipped: 0, Time elapsed: 4.049 s - in org.apache.hadoop.ozone.om.TestKeyDeletingService
[INFO] Running org.apache.hadoop.ozone.om.ratis.TestOzoneManagerDoubleBufferWithOMResponse
[INFO] Tests run: 3, Failures: 0, Errors: 0, Skipped: 0, Time elapsed: 13.515 s - in org.apache.hadoop.ozone.om.ratis.TestOzoneManagerDoubleBufferWithOMResponse
[INFO] Running org.apache.hadoop.ozone.om.ratis.TestOzoneManagerRatisServer
[INFO] Tests run: 5, Failures: 0, Errors: 0, Skipped: 0, Time elapsed: 6.983 s - in org.apache.hadoop.ozone.om.ratis.TestOzoneManagerRatisServer
[INFO] Running org.apache.hadoop.ozone.om.ratis.TestOzoneManagerDoubleBufferWithDummyResponse
[INFO] Tests run: 1, Failures: 0, Errors: 0, Skipped: 0, Time elapsed: 1.247 s - in org.apache.hadoop.ozone.om.ratis.TestOzoneManagerDoubleBufferWithDummyResponse
[INFO] Running org.apache.hadoop.ozone.om.TestOzoneManagerHttpServer
[INFO] Tests run: 3, Failures: 0, Errors: 0, Skipped: 0, Time elapsed: 2.611 s - in org.apache.hadoop.ozone.om.TestOzoneManagerHttpServer
[INFO] 
[INFO] Results:
[INFO] 
[WARNING] Tests run: 199, Failures: 0, Errors: 0, Skipped: 1
[INFO] 
[INFO] 
[INFO] --------------< org.apache.hadoop:hadoop-ozone-s3gateway >--------------
[INFO] Building Apache Hadoop Ozone S3 Gateway 0.5.0-SNAPSHOT           [15/26]
[INFO] --------------------------------[ jar ]---------------------------------
[INFO] Downloading from apache.snapshots.https: https://repository.apache.org/content/repositories/snapshots/com/fasterxml/jackson/module/jackson-module-jaxb-annotations/2.9.9/jackson-module-jaxb-annotations-2.9.9.pom
[INFO] Downloading from repository.jboss.org: http://repository.jboss.org/nexus/content/groups/public/com/fasterxml/jackson/module/jackson-module-jaxb-annotations/2.9.9/jackson-module-jaxb-annotations-2.9.9.pom
[INFO] Downloading from central: https://repo.maven.apache.org/maven2/com/fasterxml/jackson/module/jackson-module-jaxb-annotations/2.9.9/jackson-module-jaxb-annotations-2.9.9.pom
[INFO] Downloaded from central: https://repo.maven.apache.org/maven2/com/fasterxml/jackson/module/jackson-module-jaxb-annotations/2.9.9/jackson-module-jaxb-annotations-2.9.9.pom (2.0 kB at 21 kB/s)
[INFO] Downloading from apache.snapshots.https: https://repository.apache.org/content/repositories/snapshots/com/fasterxml/jackson/module/jackson-modules-base/2.9.9/jackson-modules-base-2.9.9.pom
[INFO] Downloading from repository.jboss.org: http://repository.jboss.org/nexus/content/groups/public/com/fasterxml/jackson/module/jackson-modules-base/2.9.9/jackson-modules-base-2.9.9.pom
[INFO] Downloading from central: https://repo.maven.apache.org/maven2/com/fasterxml/jackson/module/jackson-modules-base/2.9.9/jackson-modules-base-2.9.9.pom
[INFO] Downloaded from central: https://repo.maven.apache.org/maven2/com/fasterxml/jackson/module/jackson-modules-base/2.9.9/jackson-modules-base-2.9.9.pom (3.0 kB at 101 kB/s)
[INFO] Downloading from apache.snapshots.https: https://repository.apache.org/content/repositories/snapshots/com/fasterxml/jackson/module/jackson-module-jaxb-annotations/2.9.9/jackson-module-jaxb-annotations-2.9.9.jar
[INFO] Downloading from repository.jboss.org: http://repository.jboss.org/nexus/content/groups/public/com/fasterxml/jackson/module/jackson-module-jaxb-annotations/2.9.9/jackson-module-jaxb-annotations-2.9.9.jar
[INFO] Downloading from central: https://repo.maven.apache.org/maven2/com/fasterxml/jackson/module/jackson-module-jaxb-annotations/2.9.9/jackson-module-jaxb-annotations-2.9.9.jar
[INFO] Downloaded from central: https://repo.maven.apache.org/maven2/com/fasterxml/jackson/module/jackson-module-jaxb-annotations/2.9.9/jackson-module-jaxb-annotations-2.9.9.jar (33 kB at 859 kB/s)
[INFO] 
[INFO] --- maven-antrun-plugin:1.3:run (create-testdirs) @ hadoop-ozone-s3gateway ---
[INFO] Executing tasks
[INFO] Executed tasks
[INFO] 
[INFO] --- maven-remote-resources-plugin:1.5:process (default) @ hadoop-ozone-s3gateway ---
[INFO] 
[INFO] --- maven-resources-plugin:2.6:resources (default-resources) @ hadoop-ozone-s3gateway ---
[INFO] Using 'UTF-8' encoding to copy filtered resources.
[INFO] Copying 7 resources
[INFO] Copying 2 resources
[INFO] 
[INFO] --- maven-compiler-plugin:3.1:compile (default-compile) @ hadoop-ozone-s3gateway ---
[INFO] Compiling 58 source files to /workdir/hadoop-ozone/s3gateway/target/classes
[WARNING] /workdir/hadoop-ozone/s3gateway/src/main/java/org/apache/hadoop/ozone/s3/OzoneClientProducer.java: /workdir/hadoop-ozone/s3gateway/src/main/java/org/apache/hadoop/ozone/s3/OzoneClientProducer.java uses unchecked or unsafe operations.
[WARNING] /workdir/hadoop-ozone/s3gateway/src/main/java/org/apache/hadoop/ozone/s3/OzoneClientProducer.java: Recompile with -Xlint:unchecked for details.
[INFO] 
[INFO] --- maven-resources-plugin:2.6:testResources (default-testResources) @ hadoop-ozone-s3gateway ---
[INFO] Using 'UTF-8' encoding to copy filtered resources.
[INFO] Copying 1 resource
[INFO] Copying 2 resources
[INFO] 
[INFO] --- maven-compiler-plugin:3.1:testCompile (default-testCompile) @ hadoop-ozone-s3gateway ---
[INFO] Compiling 36 source files to /workdir/hadoop-ozone/s3gateway/target/test-classes
[INFO] 
[INFO] --- maven-surefire-plugin:3.0.0-M1:test (default-test) @ hadoop-ozone-s3gateway ---
[INFO] 
[INFO] -------------------------------------------------------
[INFO]  T E S T S
[INFO] -------------------------------------------------------
[INFO] Running org.apache.hadoop.ozone.s3.endpoint.TestInitiateMultipartUpload
[INFO] Tests run: 1, Failures: 0, Errors: 0, Skipped: 0, Time elapsed: 0.904 s - in org.apache.hadoop.ozone.s3.endpoint.TestInitiateMultipartUpload
[INFO] Running org.apache.hadoop.ozone.s3.endpoint.TestAbortMultipartUpload
[INFO] Tests run: 1, Failures: 0, Errors: 0, Skipped: 0, Time elapsed: 1.11 s - in org.apache.hadoop.ozone.s3.endpoint.TestAbortMultipartUpload
[INFO] Running org.apache.hadoop.ozone.s3.endpoint.TestObjectDelete
[INFO] Tests run: 1, Failures: 0, Errors: 0, Skipped: 0, Time elapsed: 0.221 s - in org.apache.hadoop.ozone.s3.endpoint.TestObjectDelete
[INFO] Running org.apache.hadoop.ozone.s3.endpoint.TestBucketHead
[INFO] Tests run: 2, Failures: 0, Errors: 0, Skipped: 0, Time elapsed: 0.483 s - in org.apache.hadoop.ozone.s3.endpoint.TestBucketHead
[INFO] Running org.apache.hadoop.ozone.s3.endpoint.TestMultiDeleteRequestUnmarshaller
[INFO] Tests run: 2, Failures: 0, Errors: 0, Skipped: 0, Time elapsed: 0.346 s - in org.apache.hadoop.ozone.s3.endpoint.TestMultiDeleteRequestUnmarshaller
[INFO] Running org.apache.hadoop.ozone.s3.endpoint.TestObjectPut
[INFO] Tests run: 5, Failures: 0, Errors: 0, Skipped: 0, Time elapsed: 1.158 s - in org.apache.hadoop.ozone.s3.endpoint.TestObjectPut
[INFO] Running org.apache.hadoop.ozone.s3.endpoint.TestRootList
[INFO] Tests run: 1, Failures: 0, Errors: 0, Skipped: 0, Time elapsed: 0.281 s - in org.apache.hadoop.ozone.s3.endpoint.TestRootList
[INFO] Running org.apache.hadoop.ozone.s3.endpoint.TestBucketResponse
[INFO] Tests run: 1, Failures: 0, Errors: 0, Skipped: 0, Time elapsed: 0.294 s - in org.apache.hadoop.ozone.s3.endpoint.TestBucketResponse
[INFO] Running org.apache.hadoop.ozone.s3.endpoint.TestObjectMultiDelete
[INFO] Tests run: 2, Failures: 0, Errors: 0, Skipped: 0, Time elapsed: 0.183 s - in org.apache.hadoop.ozone.s3.endpoint.TestObjectMultiDelete
[INFO] Running org.apache.hadoop.ozone.s3.endpoint.TestObjectHead
[INFO] Tests run: 2, Failures: 0, Errors: 0, Skipped: 0, Time elapsed: 0.286 s - in org.apache.hadoop.ozone.s3.endpoint.TestObjectHead
[INFO] Running org.apache.hadoop.ozone.s3.endpoint.TestMultipartUploadWithCopy
[INFO] Tests run: 1, Failures: 0, Errors: 0, Skipped: 0, Time elapsed: 0.992 s - in org.apache.hadoop.ozone.s3.endpoint.TestMultipartUploadWithCopy
[INFO] Running org.apache.hadoop.ozone.s3.endpoint.TestObjectGet
[INFO] Tests run: 1, Failures: 0, Errors: 0, Skipped: 0, Time elapsed: 0.951 s - in org.apache.hadoop.ozone.s3.endpoint.TestObjectGet
[INFO] Running org.apache.hadoop.ozone.s3.endpoint.TestObjectEndpoint
[INFO] Tests run: 2, Failures: 0, Errors: 0, Skipped: 0, Time elapsed: 0.15 s - in org.apache.hadoop.ozone.s3.endpoint.TestObjectEndpoint
[INFO] Running org.apache.hadoop.ozone.s3.endpoint.TestBucketGet
[INFO] Tests run: 11, Failures: 0, Errors: 0, Skipped: 0, Time elapsed: 0.568 s - in org.apache.hadoop.ozone.s3.endpoint.TestBucketGet
[INFO] Running org.apache.hadoop.ozone.s3.endpoint.TestListParts
[INFO] Tests run: 3, Failures: 0, Errors: 0, Skipped: 0, Time elapsed: 0.855 s - in org.apache.hadoop.ozone.s3.endpoint.TestListParts
[INFO] Running org.apache.hadoop.ozone.s3.endpoint.TestBucketDelete
[INFO] Tests run: 3, Failures: 0, Errors: 0, Skipped: 0, Time elapsed: 0.5 s - in org.apache.hadoop.ozone.s3.endpoint.TestBucketDelete
[INFO] Running org.apache.hadoop.ozone.s3.endpoint.TestPartUpload
[INFO] Tests run: 3, Failures: 0, Errors: 0, Skipped: 0, Time elapsed: 1.05 s - in org.apache.hadoop.ozone.s3.endpoint.TestPartUpload
[INFO] Running org.apache.hadoop.ozone.s3.endpoint.TestMultipartUploadComplete
[INFO] Tests run: 3, Failures: 0, Errors: 0, Skipped: 0, Time elapsed: 1.245 s - in org.apache.hadoop.ozone.s3.endpoint.TestMultipartUploadComplete
[INFO] Running org.apache.hadoop.ozone.s3.TestVirtualHostStyleFilter
[INFO] Tests run: 6, Failures: 0, Errors: 0, Skipped: 0, Time elapsed: 1.235 s - in org.apache.hadoop.ozone.s3.TestVirtualHostStyleFilter
[INFO] Running org.apache.hadoop.ozone.s3.header.TestAuthorizationHeaderV4
[INFO] Tests run: 13, Failures: 0, Errors: 0, Skipped: 0, Time elapsed: 0.589 s - in org.apache.hadoop.ozone.s3.header.TestAuthorizationHeaderV4
[INFO] Running org.apache.hadoop.ozone.s3.header.TestAuthorizationHeaderV2
[INFO] Tests run: 5, Failures: 0, Errors: 0, Skipped: 0, Time elapsed: 0.459 s - in org.apache.hadoop.ozone.s3.header.TestAuthorizationHeaderV2
[INFO] Running org.apache.hadoop.ozone.s3.util.TestRangeHeaderParserUtil
[INFO] Tests run: 1, Failures: 0, Errors: 0, Skipped: 0, Time elapsed: 0.069 s - in org.apache.hadoop.ozone.s3.util.TestRangeHeaderParserUtil
[INFO] Running org.apache.hadoop.ozone.s3.util.TestRFC1123Util
[INFO] Tests run: 1, Failures: 0, Errors: 0, Skipped: 0, Time elapsed: 0.089 s - in org.apache.hadoop.ozone.s3.util.TestRFC1123Util
[INFO] Running org.apache.hadoop.ozone.s3.util.TestContinueToken
[INFO] Tests run: 2, Failures: 0, Errors: 0, Skipped: 0, Time elapsed: 0.085 s - in org.apache.hadoop.ozone.s3.util.TestContinueToken
[INFO] Running org.apache.hadoop.ozone.s3.exception.TestOS3Exception
[INFO] Tests run: 1, Failures: 0, Errors: 0, Skipped: 0, Time elapsed: 0.571 s - in org.apache.hadoop.ozone.s3.exception.TestOS3Exception
[INFO] Running org.apache.hadoop.ozone.s3.TestOzoneClientProducer
[INFO] Tests run: 2, Failures: 0, Errors: 0, Skipped: 0, Time elapsed: 1.783 s - in org.apache.hadoop.ozone.s3.TestOzoneClientProducer
[INFO] Running org.apache.hadoop.ozone.s3.TestSignedChunksInputStream
[INFO] Tests run: 4, Failures: 0, Errors: 0, Skipped: 0, Time elapsed: 0.074 s - in org.apache.hadoop.ozone.s3.TestSignedChunksInputStream
[INFO] 
[INFO] Results:
[INFO] 
[INFO] Tests run: 80, Failures: 0, Errors: 0, Skipped: 0
[INFO] 
[INFO] 
[INFO] -----------------< org.apache.hadoop:hadoop-ozone-csi >-----------------
[INFO] Building Apache Hadoop Ozone CSI service 0.5.0-SNAPSHOT          [16/26]
[INFO] --------------------------------[ jar ]---------------------------------
[INFO] Downloading from central: https://repo.maven.apache.org/maven2/io/grpc/grpc-core/maven-metadata.xml
[INFO] Downloading from repository.jboss.org: http://repository.jboss.org/nexus/content/groups/public/io/grpc/grpc-core/maven-metadata.xml
[INFO] Downloading from apache.snapshots.https: https://repository.apache.org/content/repositories/snapshots/io/grpc/grpc-core/maven-metadata.xml
[INFO] Downloaded from central: https://repo.maven.apache.org/maven2/io/grpc/grpc-core/maven-metadata.xml (2.1 kB at 67 kB/s)
[INFO] Downloading from repository.jboss.org: http://repository.jboss.org/nexus/content/groups/public/io/netty/netty-codec-http2/maven-metadata.xml
[INFO] Downloading from central: https://repo.maven.apache.org/maven2/io/netty/netty-codec-http2/maven-metadata.xml
[INFO] Downloading from apache.snapshots.https: https://repository.apache.org/content/repositories/snapshots/io/netty/netty-codec-http2/maven-metadata.xml
[INFO] Downloaded from central: https://repo.maven.apache.org/maven2/io/netty/netty-codec-http2/maven-metadata.xml (2.4 kB at 85 kB/s)
[INFO] 
[INFO] --- maven-antrun-plugin:1.3:run (create-testdirs) @ hadoop-ozone-csi ---
[INFO] Executing tasks
[INFO] Executed tasks
[INFO] 
[INFO] --- protobuf-maven-plugin:0.5.1:compile (compile-protoc) @ hadoop-ozone-csi ---
[INFO] Compiling 1 proto file(s) to /workdir/hadoop-ozone/csi/target/generated-sources/java
[INFO] 
[INFO] --- protobuf-maven-plugin:0.5.1:compile-custom (compile-protoc) @ hadoop-ozone-csi ---
[INFO] Compiling 1 proto file(s) to /workdir/hadoop-ozone/csi/target/generated-sources/java
[INFO] 
[INFO] --- maven-remote-resources-plugin:1.5:process (default) @ hadoop-ozone-csi ---
[INFO] artifact io.grpc:grpc-core: checking for updates from apache.snapshots.https
[INFO] artifact io.grpc:grpc-core: checking for updates from repository.jboss.org
[INFO] artifact io.grpc:grpc-core: checking for updates from central
[INFO] artifact io.netty:netty-codec-http2: checking for updates from apache.snapshots.https
[INFO] artifact io.netty:netty-codec-http2: checking for updates from repository.jboss.org
[INFO] artifact io.netty:netty-codec-http2: checking for updates from central
[INFO] 
[INFO] --- maven-resources-plugin:2.6:resources (default-resources) @ hadoop-ozone-csi ---
[INFO] Using 'UTF-8' encoding to copy filtered resources.
[INFO] skip non existing resourceDirectory /workdir/hadoop-ozone/csi/src/main/resources
[INFO] Copying 1 resource
[INFO] Copying 1 resource
[INFO] Copying 2 resources
[INFO] 
[INFO] --- maven-compiler-plugin:3.1:compile (default-compile) @ hadoop-ozone-csi ---
[INFO] Compiling 9 source files to /workdir/hadoop-ozone/csi/target/classes
[INFO] 
[INFO] --- protobuf-maven-plugin:0.5.1:test-compile (compile-protoc) @ hadoop-ozone-csi ---
[INFO] /workdir/hadoop-ozone/csi/src/test/proto does not exist. Review the configuration or consider disabling the plugin.
[INFO] 
[INFO] --- protobuf-maven-plugin:0.5.1:test-compile-custom (compile-protoc) @ hadoop-ozone-csi ---
[INFO] /workdir/hadoop-ozone/csi/src/test/proto does not exist. Review the configuration or consider disabling the plugin.
[INFO] 
[INFO] --- maven-resources-plugin:2.6:testResources (default-testResources) @ hadoop-ozone-csi ---
[INFO] Using 'UTF-8' encoding to copy filtered resources.
[INFO] skip non existing resourceDirectory /workdir/hadoop-ozone/csi/src/test/resources
[INFO] Copying 2 resources
[INFO] 
[INFO] --- maven-compiler-plugin:3.1:testCompile (default-testCompile) @ hadoop-ozone-csi ---
[INFO] No sources to compile
[INFO] 
[INFO] --- maven-surefire-plugin:3.0.0-M1:test (default-test) @ hadoop-ozone-csi ---
[INFO] 
[INFO] ------------< org.apache.hadoop:hadoop-ozone-reconcodegen >-------------
[INFO] Building Apache Hadoop Ozone Recon CodeGen 0.5.0-SNAPSHOT        [17/26]
[INFO] --------------------------------[ jar ]---------------------------------
[INFO] 
[INFO] --- maven-antrun-plugin:1.3:run (create-testdirs) @ hadoop-ozone-reconcodegen ---
[INFO] Executing tasks
[INFO] Executed tasks
[INFO] 
[INFO] --- maven-remote-resources-plugin:1.5:process (default) @ hadoop-ozone-reconcodegen ---
[INFO] 
[INFO] --- maven-resources-plugin:2.6:resources (default-resources) @ hadoop-ozone-reconcodegen ---
[INFO] Using 'UTF-8' encoding to copy filtered resources.
[INFO] skip non existing resourceDirectory /workdir/hadoop-ozone/recon-codegen/src/main/resources
[INFO] Copying 2 resources
[INFO] 
[INFO] --- maven-compiler-plugin:3.1:compile (default-compile) @ hadoop-ozone-reconcodegen ---
[INFO] Compiling 9 source files to /workdir/hadoop-ozone/recon-codegen/target/classes
[INFO] 
[INFO] --- maven-resources-plugin:2.6:testResources (default-testResources) @ hadoop-ozone-reconcodegen ---
[INFO] Using 'UTF-8' encoding to copy filtered resources.
[INFO] skip non existing resourceDirectory /workdir/hadoop-ozone/recon-codegen/src/test/resources
[INFO] Copying 2 resources
[INFO] 
[INFO] --- maven-compiler-plugin:3.1:testCompile (default-testCompile) @ hadoop-ozone-reconcodegen ---
[INFO] No sources to compile
[INFO] 
[INFO] --- maven-surefire-plugin:3.0.0-M1:test (default-test) @ hadoop-ozone-reconcodegen ---
[INFO] 
[INFO] ----------------< org.apache.hadoop:hadoop-ozone-recon >----------------
[INFO] Building Apache Hadoop Ozone Recon 0.5.0-SNAPSHOT                [18/26]
[INFO] --------------------------------[ jar ]---------------------------------
[INFO] 
[INFO] --- maven-antrun-plugin:1.3:run (create-testdirs) @ hadoop-ozone-recon ---
[INFO] Executing tasks
[INFO] Executed tasks
[INFO] 
[INFO] --- build-helper-maven-plugin:1.9:add-source (add-source) @ hadoop-ozone-recon ---
[INFO] Source directory: /workdir/hadoop-ozone/recon/target/generated-sources/java added.
[INFO] 
[INFO] --- maven-remote-resources-plugin:1.5:process (default) @ hadoop-ozone-recon ---
[INFO] 
[INFO] --- exec-maven-plugin:1.3.1:java (default) @ hadoop-ozone-recon ---
[WARNING] Warning: killAfter is now deprecated. Do you need it ? Please comment on MEXEC-6.
log4j:WARN No appenders could be found for logger (org.jooq.Constants).
log4j:WARN Please initialize the log4j system properly.
log4j:WARN See http://logging.apache.org/log4j/1.2/faq.html#noconfig for more info.
[INFO] 
[INFO] --- frontend-maven-plugin:1.6:install-node-and-yarn (Install node and yarn locally to the project) @ hadoop-ozone-recon ---
[INFO] Installing node version v12.1.0
[INFO] Unpacking /home/user/.m2/repository/com/github/eirslett/node/12.1.0/node-12.1.0-linux-x64.tar.gz into /workdir/hadoop-ozone/recon/target/node/tmp
[INFO] Copying node binary from /workdir/hadoop-ozone/recon/target/node/tmp/node-v12.1.0-linux-x64/bin/node to /workdir/hadoop-ozone/recon/target/node/node
[INFO] Installed node locally.
[INFO] Installing Yarn version v1.9.2
[INFO] Unpacking /home/user/.m2/repository/com/github/eirslett/yarn/1.9.2/yarn-1.9.2.tar.gz into /workdir/hadoop-ozone/recon/target/node/yarn
[INFO] Installed Yarn locally.
[INFO] 
[INFO] --- frontend-maven-plugin:1.6:yarn (yarn install) @ hadoop-ozone-recon ---
[INFO] Running 'yarn install' in /workdir/hadoop-ozone/recon/src/main/resources/webapps/recon/ozone-recon-web
[ERROR] node: /usr/lib/libstdc++.so.6: no version information available (required by node)
[ERROR] node: /usr/lib/libstdc++.so.6: no version information available (required by node)
[ERROR] node: /usr/lib/libstdc++.so.6: no version information available (required by node)
[ERROR] node: /usr/lib/libstdc++.so.6: no version information available (required by node)
[ERROR] node: /usr/lib/libstdc++.so.6: no version information available (required by node)
[ERROR] node: /usr/lib/libstdc++.so.6: no version information available (required by node)
[ERROR] node: /usr/lib/libstdc++.so.6: no version information available (required by node)
[ERROR] node: /usr/lib/libstdc++.so.6: no version information available (required by node)
[INFO] yarn install v1.9.2
[INFO] [1/4] Resolving packages...
[INFO] [2/4] Fetching packages...
[ERROR] (node:17516) [DEP0005] DeprecationWarning: Buffer() is deprecated due to security and usability issues. Please use the Buffer.alloc(), Buffer.allocUnsafe(), or Buffer.from() methods instead.
[INFO] info fsevents@1.2.9: The platform "linux" is incompatible with this module.
[INFO] info "fsevents@1.2.9" is an optional dependency and failed compatibility check. Excluding it from installation.
[INFO] info fsevents@2.0.6: The platform "linux" is incompatible with this module.
[INFO] info "fsevents@2.0.6" is an optional dependency and failed compatibility check. Excluding it from installation.
[INFO] [3/4] Linking dependencies...
[ERROR] warning " > less-loader@5.0.0" has unmet peer dependency "webpack@^2.0.0 || ^3.0.0 || ^4.0.0".
[INFO] [4/4] Building fresh packages...
[INFO] Done in 71.53s.
[INFO] 
[INFO] --- frontend-maven-plugin:1.6:yarn (Build frontend) @ hadoop-ozone-recon ---
[INFO] Running 'yarn run build' in /workdir/hadoop-ozone/recon/src/main/resources/webapps/recon/ozone-recon-web
[ERROR] node: /usr/lib/libstdc++.so.6: no version information available (required by node)
[ERROR] node: /usr/lib/libstdc++.so.6: no version information available (required by node)
[ERROR] node: /usr/lib/libstdc++.so.6: no version information available (required by node)
[ERROR] node: /usr/lib/libstdc++.so.6: no version information available (required by node)
[ERROR] node: /usr/lib/libstdc++.so.6: no version information available (required by node)
[ERROR] node: /usr/lib/libstdc++.so.6: no version information available (required by node)
[ERROR] node: /usr/lib/libstdc++.so.6: no version information available (required by node)
[ERROR] node: /usr/lib/libstdc++.so.6: no version information available (required by node)
[INFO] yarn run v1.9.2
[INFO] $ react-app-rewired build
[ERROR] node: /usr/lib/libstdc++.so.6: no version information available (required by node)
[ERROR] node: /usr/lib/libstdc++.so.6: no version information available (required by node)
[ERROR] node: /usr/lib/libstdc++.so.6: no version information available (required by node)
[ERROR] node: /usr/lib/libstdc++.so.6: no version information available (required by node)
[ERROR] node: /usr/lib/libstdc++.so.6: no version information available (required by node)
[ERROR] node: /usr/lib/libstdc++.so.6: no version information available (required by node)
[ERROR] node: /usr/lib/libstdc++.so.6: no version information available (required by node)
[ERROR] node: /usr/lib/libstdc++.so.6: no version information available (required by node)
[ERROR] node: /usr/lib/libstdc++.so.6: no version information available (required by node)
[ERROR] node: /usr/lib/libstdc++.so.6: no version information available (required by node)
[ERROR] node: /usr/lib/libstdc++.so.6: no version information available (required by node)
[ERROR] node: /usr/lib/libstdc++.so.6: no version information available (required by node)
[ERROR] node: /usr/lib/libstdc++.so.6: no version information available (required by node)
[ERROR] node: /usr/lib/libstdc++.so.6: no version information available (required by node)
[ERROR] node: /usr/lib/libstdc++.so.6: no version information available (required by node)
[ERROR] node: /usr/lib/libstdc++.so.6: no version information available (required by node)
[INFO] Creating an optimized production build...
[ERROR] /workdir/hadoop-ozone/recon/target/node/node: /usr/lib/libstdc++.so.6: no version information available (required by /workdir/hadoop-ozone/recon/target/node/node)
[ERROR] /workdir/hadoop-ozone/recon/target/node/node: /usr/lib/libstdc++.so.6: no version information available (required by /workdir/hadoop-ozone/recon/target/node/node)
[ERROR] /workdir/hadoop-ozone/recon/target/node/node: /usr/lib/libstdc++.so.6: no version information available (required by /workdir/hadoop-ozone/recon/target/node/node)
[ERROR] /workdir/hadoop-ozone/recon/target/node/node: /usr/lib/libstdc++.so.6: no version information available (required by /workdir/hadoop-ozone/recon/target/node/node)
[ERROR] /workdir/hadoop-ozone/recon/target/node/node: /usr/lib/libstdc++.so.6: no version information available (required by /workdir/hadoop-ozone/recon/target/node/node)
[ERROR] /workdir/hadoop-ozone/recon/target/node/node: /usr/lib/libstdc++.so.6: no version information available (required by /workdir/hadoop-ozone/recon/target/node/node)
[ERROR] /workdir/hadoop-ozone/recon/target/node/node: /usr/lib/libstdc++.so.6: no version information available (required by /workdir/hadoop-ozone/recon/target/node/node)
[ERROR] /workdir/hadoop-ozone/recon/target/node/node: /usr/lib/libstdc++.so.6: no version information available (required by /workdir/hadoop-ozone/recon/target/node/node)
[ERROR] /workdir/hadoop-ozone/recon/target/node/node: /usr/lib/libstdc++.so.6: no version information available (required by /workdir/hadoop-ozone/recon/target/node/node)
[ERROR] /workdir/hadoop-ozone/recon/target/node/node: /usr/lib/libstdc++.so.6: no version information available (required by /workdir/hadoop-ozone/recon/target/node/node)
[ERROR] /workdir/hadoop-ozone/recon/target/node/node: /usr/lib/libstdc++.so.6: no version information available (required by /workdir/hadoop-ozone/recon/target/node/node)
[ERROR] /workdir/hadoop-ozone/recon/target/node/node: /usr/lib/libstdc++.so.6: no version information available (required by /workdir/hadoop-ozone/recon/target/node/node)
[ERROR] /workdir/hadoop-ozone/recon/target/node/node: /usr/lib/libstdc++.so.6: no version information available (required by /workdir/hadoop-ozone/recon/target/node/node)
[ERROR] /workdir/hadoop-ozone/recon/target/node/node: /usr/lib/libstdc++.so.6: no version information available (required by /workdir/hadoop-ozone/recon/target/node/node)
[ERROR] /workdir/hadoop-ozone/recon/target/node/node: /usr/lib/libstdc++.so.6: no version information available (required by /workdir/hadoop-ozone/recon/target/node/node)
[ERROR] /workdir/hadoop-ozone/recon/target/node/node: /usr/lib/libstdc++.so.6: no version information available (required by /workdir/hadoop-ozone/recon/target/node/node)
[ERROR] /workdir/hadoop-ozone/recon/target/node/node: /usr/lib/libstdc++.so.6: no version information available (required by /workdir/hadoop-ozone/recon/target/node/node)
[ERROR] /workdir/hadoop-ozone/recon/target/node/node: /usr/lib/libstdc++.so.6: no version information available (required by /workdir/hadoop-ozone/recon/target/node/node)
[ERROR] /workdir/hadoop-ozone/recon/target/node/node: /usr/lib/libstdc++.so.6: no version information available (required by /workdir/hadoop-ozone/recon/target/node/node)
[ERROR] /workdir/hadoop-ozone/recon/target/node/node: /usr/lib/libstdc++.so.6: no version information available (required by /workdir/hadoop-ozone/recon/target/node/node)
[ERROR] /workdir/hadoop-ozone/recon/target/node/node: /usr/lib/libstdc++.so.6: no version information available (required by /workdir/hadoop-ozone/recon/target/node/node)
[ERROR] /workdir/hadoop-ozone/recon/target/node/node: /usr/lib/libstdc++.so.6: no version information available (required by /workdir/hadoop-ozone/recon/target/node/node)
[ERROR] /workdir/hadoop-ozone/recon/target/node/node: /usr/lib/libstdc++.so.6: no version information available (required by /workdir/hadoop-ozone/recon/target/node/node)
[ERROR] /workdir/hadoop-ozone/recon/target/node/node: /usr/lib/libstdc++.so.6: no version information available (required by /workdir/hadoop-ozone/recon/target/node/node)
[ERROR] /workdir/hadoop-ozone/recon/target/node/node: /usr/lib/libstdc++.so.6: no version information available (required by /workdir/hadoop-ozone/recon/target/node/node)
[ERROR] /workdir/hadoop-ozone/recon/target/node/node: /usr/lib/libstdc++.so.6: no version information available (required by /workdir/hadoop-ozone/recon/target/node/node)
[ERROR] /workdir/hadoop-ozone/recon/target/node/node: /usr/lib/libstdc++.so.6: no version information available (required by /workdir/hadoop-ozone/recon/target/node/node)
[ERROR] /workdir/hadoop-ozone/recon/target/node/node: /usr/lib/libstdc++.so.6: no version information available (required by /workdir/hadoop-ozone/recon/target/node/node)
[ERROR] /workdir/hadoop-ozone/recon/target/node/node: /usr/lib/libstdc++.so.6: no version information available (required by /workdir/hadoop-ozone/recon/target/node/node)
[ERROR] /workdir/hadoop-ozone/recon/target/node/node: /usr/lib/libstdc++.so.6: no version information available (required by /workdir/hadoop-ozone/recon/target/node/node)
[ERROR] /workdir/hadoop-ozone/recon/target/node/node: /usr/lib/libstdc++.so.6: no version information available (required by /workdir/hadoop-ozone/recon/target/node/node)
[ERROR] /workdir/hadoop-ozone/recon/target/node/node: /usr/lib/libstdc++.so.6: no version information available (required by /workdir/hadoop-ozone/recon/target/node/node)
[INFO] Compiled successfully.
[INFO] 
[INFO] File sizes after gzip:
[INFO] 
[INFO]   270.58 KB  build/static/js/2.ea549bfe.chunk.js
[INFO]   11.78 KB   build/static/css/2.8943d5a3.chunk.css
[INFO]   1.45 KB    build/static/js/main.35c23ee2.chunk.js
[INFO]   762 B      build/static/js/runtime~main.a8a9905a.js
[INFO]   503 B      build/static/css/main.96eebd44.chunk.css
[INFO] 
[INFO] The project was built assuming it is hosted at the server root.
[INFO] You can control this with the homepage field in your package.json.
[INFO] For example, add this to build it for GitHub Pages:
[INFO] 
[INFO]   "homepage" : "http://myname.github.io/myapp",
[INFO] 
[INFO] The build folder is ready to be deployed.
[INFO] You may serve it with a static server:
[INFO] 
[INFO]   yarn global add serve
[INFO]   serve -s build
[INFO] 
[INFO] Find out more about deployment here:
[INFO] 
[INFO]   https://bit.ly/CRA-deploy
[INFO] 
[INFO] Done in 46.69s.
[INFO] 
[INFO] --- maven-resources-plugin:2.6:resources (default-resources) @ hadoop-ozone-recon ---
[INFO] Using 'UTF-8' encoding to copy filtered resources.
[INFO] Copying 47 resources
[INFO] Copying 2 resources
[INFO] 
[INFO] --- maven-resources-plugin:2.6:copy-resources (Copy frontend build to target) @ hadoop-ozone-recon ---
[INFO] Using 'UTF-8' encoding to copy filtered resources.
[INFO] Copying 17 resources
[INFO] 
[INFO] --- maven-resources-plugin:2.6:copy-resources (Copy frontend static files to target) @ hadoop-ozone-recon ---
[INFO] Using 'UTF-8' encoding to copy filtered resources.
[INFO] Copying 11 resources
[INFO] 
[INFO] --- maven-compiler-plugin:3.1:compile (default-compile) @ hadoop-ozone-recon ---
[INFO] Compiling 69 source files to /workdir/hadoop-ozone/recon/target/classes
[WARNING] /workdir/hadoop-ozone/recon/src/main/java/org/apache/hadoop/ozone/recon/tasks/OMDBUpdatesHandler.java: Some input files use unchecked or unsafe operations.
[WARNING] /workdir/hadoop-ozone/recon/src/main/java/org/apache/hadoop/ozone/recon/tasks/OMDBUpdatesHandler.java: Recompile with -Xlint:unchecked for details.
[INFO] 
[INFO] --- maven-resources-plugin:2.6:testResources (default-testResources) @ hadoop-ozone-recon ---
[INFO] Using 'UTF-8' encoding to copy filtered resources.
[INFO] Copying 1 resource
[INFO] Copying 2 resources
[INFO] 
[INFO] --- maven-compiler-plugin:3.1:testCompile (default-testCompile) @ hadoop-ozone-recon ---
[INFO] Compiling 26 source files to /workdir/hadoop-ozone/recon/target/test-classes
[WARNING] /workdir/hadoop-ozone/recon/src/test/java/org/apache/hadoop/ozone/recon/AbstractOMMetadataManagerTest.java: Some input files use unchecked or unsafe operations.
[WARNING] /workdir/hadoop-ozone/recon/src/test/java/org/apache/hadoop/ozone/recon/AbstractOMMetadataManagerTest.java: Recompile with -Xlint:unchecked for details.
[INFO] 
[INFO] --- maven-surefire-plugin:3.0.0-M1:test (default-test) @ hadoop-ozone-recon ---
[INFO] 
[INFO] -------------------------------------------------------
[INFO]  T E S T S
[INFO] -------------------------------------------------------
[INFO] Running org.apache.hadoop.ozone.recon.TestReconUtils
[INFO] Tests run: 3, Failures: 0, Errors: 0, Skipped: 0, Time elapsed: 2.027 s - in org.apache.hadoop.ozone.recon.TestReconUtils
[INFO] Running org.apache.hadoop.ozone.recon.persistence.TestStatsSchemaDefinition
[INFO] Tests run: 2, Failures: 0, Errors: 0, Skipped: 0, Time elapsed: 2.468 s - in org.apache.hadoop.ozone.recon.persistence.TestStatsSchemaDefinition
[INFO] Running org.apache.hadoop.ozone.recon.persistence.TestReconInternalSchemaDefinition
[INFO] Tests run: 2, Failures: 0, Errors: 0, Skipped: 0, Time elapsed: 2.307 s - in org.apache.hadoop.ozone.recon.persistence.TestReconInternalSchemaDefinition
[INFO] Running org.apache.hadoop.ozone.recon.persistence.TestUtilizationSchemaDefinition
[INFO] Tests run: 3, Failures: 0, Errors: 0, Skipped: 0, Time elapsed: 2.294 s - in org.apache.hadoop.ozone.recon.persistence.TestUtilizationSchemaDefinition
[INFO] Running org.apache.hadoop.ozone.recon.recovery.TestReconOmMetadataManagerImpl
[INFO] Tests run: 1, Failures: 0, Errors: 0, Skipped: 0, Time elapsed: 1.243 s - in org.apache.hadoop.ozone.recon.recovery.TestReconOmMetadataManagerImpl
[INFO] Running org.apache.hadoop.ozone.recon.spi.impl.TestOzoneManagerServiceProviderImpl
[INFO] Tests run: 5, Failures: 0, Errors: 0, Skipped: 0, Time elapsed: 6.324 s - in org.apache.hadoop.ozone.recon.spi.impl.TestOzoneManagerServiceProviderImpl
[INFO] Running org.apache.hadoop.ozone.recon.spi.impl.TestReconContainerDBProvider
[INFO] Tests run: 1, Failures: 0, Errors: 0, Skipped: 0, Time elapsed: 1.009 s - in org.apache.hadoop.ozone.recon.spi.impl.TestReconContainerDBProvider
[INFO] Running org.apache.hadoop.ozone.recon.spi.impl.TestContainerDBServiceProviderImpl
[INFO] Tests run: 13, Failures: 0, Errors: 0, Skipped: 0, Time elapsed: 4.912 s - in org.apache.hadoop.ozone.recon.spi.impl.TestContainerDBServiceProviderImpl
[INFO] Running org.apache.hadoop.ozone.recon.TestReconCodecs
[INFO] Tests run: 2, Failures: 0, Errors: 0, Skipped: 0, Time elapsed: 0.072 s - in org.apache.hadoop.ozone.recon.TestReconCodecs
[INFO] Running org.apache.hadoop.ozone.recon.api.TestContainerKeyService
[INFO] Tests run: 4, Failures: 0, Errors: 0, Skipped: 0, Time elapsed: 8.241 s - in org.apache.hadoop.ozone.recon.api.TestContainerKeyService
[INFO] Running org.apache.hadoop.ozone.recon.api.TestUtilizationService
[INFO] Tests run: 1, Failures: 0, Errors: 0, Skipped: 0, Time elapsed: 1.588 s - in org.apache.hadoop.ozone.recon.api.TestUtilizationService
[INFO] Running org.apache.hadoop.ozone.recon.tasks.TestReconTaskControllerImpl
[INFO] Tests run: 5, Failures: 0, Errors: 0, Skipped: 0, Time elapsed: 4.311 s - in org.apache.hadoop.ozone.recon.tasks.TestReconTaskControllerImpl
[INFO] Running org.apache.hadoop.ozone.recon.tasks.TestFileSizeCountTask
[INFO] Tests run: 2, Failures: 0, Errors: 0, Skipped: 0, Time elapsed: 1.868 s - in org.apache.hadoop.ozone.recon.tasks.TestFileSizeCountTask
[INFO] Running org.apache.hadoop.ozone.recon.tasks.TestOMDBUpdatesHandler
[INFO] Tests run: 3, Failures: 0, Errors: 0, Skipped: 0, Time elapsed: 3.329 s - in org.apache.hadoop.ozone.recon.tasks.TestOMDBUpdatesHandler
[INFO] Running org.apache.hadoop.ozone.recon.tasks.TestContainerKeyMapperTask
[INFO] Tests run: 2, Failures: 0, Errors: 0, Skipped: 0, Time elapsed: 6.673 s - in org.apache.hadoop.ozone.recon.tasks.TestContainerKeyMapperTask
[INFO] 
[INFO] Results:
[INFO] 
[INFO] Tests run: 49, Failures: 0, Errors: 0, Skipped: 0
[INFO] 
[INFO] 
[INFO] -------< org.apache.hadoop:hadoop-ozone-filesystem-lib-current >--------
[INFO] Building Apache Hadoop Ozone FileSystem Single Jar Library 0.5.0-SNAPSHOT [19/26]
[INFO] --------------------------------[ jar ]---------------------------------
[INFO] Downloading from apache.snapshots.https: https://repository.apache.org/content/repositories/snapshots/org/apache/hadoop/hadoop-ozone-filesystem/0.5.0-SNAPSHOT/maven-metadata.xml
[INFO] Downloaded from apache.snapshots.https: https://repository.apache.org/content/repositories/snapshots/org/apache/hadoop/hadoop-ozone-filesystem/0.5.0-SNAPSHOT/maven-metadata.xml (1.2 kB at 1.9 kB/s)
[INFO] Downloading from apache.snapshots.https: https://repository.apache.org/content/repositories/snapshots/org/apache/hadoop/hadoop-ozone-filesystem/0.5.0-SNAPSHOT/hadoop-ozone-filesystem-0.5.0-20190715.160131-123.pom
[INFO] Downloaded from apache.snapshots.https: https://repository.apache.org/content/repositories/snapshots/org/apache/hadoop/hadoop-ozone-filesystem/0.5.0-SNAPSHOT/hadoop-ozone-filesystem-0.5.0-20190715.160131-123.pom (6.8 kB at 10 kB/s)
[WARNING] The POM for org.apache.hadoop:hadoop-ozone-filesystem:jar:0.5.0-20190715.160131-123 is invalid, transitive dependencies (if any) will not be available, enable debug logging for more details
[INFO] Downloading from apache.snapshots.https: https://repository.apache.org/content/repositories/snapshots/org/apache/hadoop/hadoop-ozone-filesystem/0.5.0-SNAPSHOT/hadoop-ozone-filesystem-0.5.0-20190715.160131-123.jar
[INFO] Downloaded from apache.snapshots.https: https://repository.apache.org/content/repositories/snapshots/org/apache/hadoop/hadoop-ozone-filesystem/0.5.0-SNAPSHOT/hadoop-ozone-filesystem-0.5.0-20190715.160131-123.jar (90 kB at 114 kB/s)
[INFO] 
[INFO] --- maven-antrun-plugin:1.3:run (create-testdirs) @ hadoop-ozone-filesystem-lib-current ---
[INFO] Executing tasks
[INFO] Executed tasks
[INFO] 
[INFO] --- maven-remote-resources-plugin:1.5:process (default) @ hadoop-ozone-filesystem-lib-current ---
[WARNING] Invalid POM for org.apache.hadoop:hadoop-ozone-filesystem:jar:0.5.0-SNAPSHOT, transitive dependencies (if any) will not be available, enable debug logging for more details
[WARNING] Invalid project model for artifact [hadoop-ozone-filesystem:org.apache.hadoop:0.5.0-SNAPSHOT]. It will be ignored by the remote resources Mojo.
[INFO] 
[INFO] --- maven-resources-plugin:2.6:resources (default-resources) @ hadoop-ozone-filesystem-lib-current ---
[INFO] Using 'UTF-8' encoding to copy filtered resources.
[INFO] Copying 1 resource
[INFO] Copying 2 resources
[INFO] 
[INFO] --- maven-compiler-plugin:3.1:compile (default-compile) @ hadoop-ozone-filesystem-lib-current ---
[INFO] No sources to compile
[INFO] 
[INFO] --- maven-resources-plugin:2.6:testResources (default-testResources) @ hadoop-ozone-filesystem-lib-current ---
[INFO] Using 'UTF-8' encoding to copy filtered resources.
[INFO] skip non existing resourceDirectory /workdir/hadoop-ozone/ozonefs-lib-current/src/test/resources
[INFO] Copying 2 resources
[INFO] 
[INFO] --- maven-compiler-plugin:3.1:testCompile (default-testCompile) @ hadoop-ozone-filesystem-lib-current ---
[INFO] No sources to compile
[INFO] 
[INFO] --- maven-surefire-plugin:3.0.0-M1:test (default-test) @ hadoop-ozone-filesystem-lib-current ---
[INFO] 
[INFO] --------< org.apache.hadoop:hadoop-ozone-filesystem-lib-legacy >--------
[INFO] Building Apache Hadoop Ozone FileSystem Legacy Jar Library 0.5.0-SNAPSHOT [20/26]
[INFO] --------------------------------[ jar ]---------------------------------
[INFO] 
[INFO] --- maven-antrun-plugin:1.3:run (create-testdirs) @ hadoop-ozone-filesystem-lib-legacy ---
[INFO] Executing tasks
[INFO] Executed tasks
[INFO] 
[INFO] --- maven-remote-resources-plugin:1.5:process (default) @ hadoop-ozone-filesystem-lib-legacy ---
[WARNING] Invalid POM for org.apache.hadoop:hadoop-ozone-filesystem:jar:0.5.0-SNAPSHOT, transitive dependencies (if any) will not be available, enable debug logging for more details
[WARNING] Invalid project model for artifact [hadoop-ozone-filesystem:org.apache.hadoop:0.5.0-SNAPSHOT]. It will be ignored by the remote resources Mojo.
[INFO] 
[INFO] --- maven-resources-plugin:2.6:resources (default-resources) @ hadoop-ozone-filesystem-lib-legacy ---
[INFO] Using 'UTF-8' encoding to copy filtered resources.
[INFO] Copying 2 resources
[INFO] Copying 2 resources
[INFO] 
[INFO] --- maven-compiler-plugin:3.1:compile (default-compile) @ hadoop-ozone-filesystem-lib-legacy ---
[INFO] No sources to compile
[INFO] 
[INFO] --- maven-resources-plugin:2.6:testResources (default-testResources) @ hadoop-ozone-filesystem-lib-legacy ---
[INFO] Using 'UTF-8' encoding to copy filtered resources.
[INFO] skip non existing resourceDirectory /workdir/hadoop-ozone/ozonefs-lib-legacy/src/test/resources
[INFO] Copying 2 resources
[INFO] 
[INFO] --- maven-compiler-plugin:3.1:testCompile (default-testCompile) @ hadoop-ozone-filesystem-lib-legacy ---
[INFO] No sources to compile
[INFO] 
[INFO] --- maven-surefire-plugin:3.0.0-M1:test (default-test) @ hadoop-ozone-filesystem-lib-legacy ---
[INFO] 
[INFO] --------------< org.apache.hadoop:hadoop-ozone-datanode >---------------
[INFO] Building Apache Hadoop Ozone Datanode 0.5.0-SNAPSHOT             [21/26]
[INFO] --------------------------------[ jar ]---------------------------------
[INFO] 
[INFO] --- maven-antrun-plugin:1.3:run (create-testdirs) @ hadoop-ozone-datanode ---
[INFO] Executing tasks
[INFO] Executed tasks
[INFO] 
[INFO] --- maven-remote-resources-plugin:1.5:process (default) @ hadoop-ozone-datanode ---
[INFO] 
[INFO] --- maven-resources-plugin:2.6:resources (default-resources) @ hadoop-ozone-datanode ---
[INFO] Using 'UTF-8' encoding to copy filtered resources.
[INFO] skip non existing resourceDirectory /workdir/hadoop-ozone/datanode/src/main/resources
[INFO] Copying 2 resources
[INFO] 
[INFO] --- maven-compiler-plugin:3.1:compile (default-compile) @ hadoop-ozone-datanode ---
[INFO] No sources to compile
[INFO] 
[INFO] --- maven-resources-plugin:2.6:testResources (default-testResources) @ hadoop-ozone-datanode ---
[INFO] Using 'UTF-8' encoding to copy filtered resources.
[INFO] skip non existing resourceDirectory /workdir/hadoop-ozone/datanode/src/test/resources
[INFO] Copying 2 resources
[INFO] 
[INFO] --- maven-compiler-plugin:3.1:testCompile (default-testCompile) @ hadoop-ozone-datanode ---
[INFO] No sources to compile
[INFO] 
[INFO] --- maven-surefire-plugin:3.0.0-M1:test (default-test) @ hadoop-ozone-datanode ---
[INFO] 
[INFO] ---------------< org.apache.hadoop:hadoop-ozone-upgrade >---------------
[INFO] Building Apache Hadoop Ozone In-Place Upgrade 0.5.0-SNAPSHOT     [22/26]
[INFO] --------------------------------[ jar ]---------------------------------
[INFO] 
[INFO] --- maven-antrun-plugin:1.3:run (create-testdirs) @ hadoop-ozone-upgrade ---
[INFO] Executing tasks
[INFO] Executed tasks
[INFO] 
[INFO] --- maven-remote-resources-plugin:1.5:process (default) @ hadoop-ozone-upgrade ---
[INFO] 
[INFO] --- maven-resources-plugin:2.6:resources (default-resources) @ hadoop-ozone-upgrade ---
[INFO] Using 'UTF-8' encoding to copy filtered resources.
[INFO] skip non existing resourceDirectory /workdir/hadoop-ozone/upgrade/src/main/resources
[INFO] Copying 2 resources
[INFO] 
[INFO] --- maven-compiler-plugin:3.1:compile (default-compile) @ hadoop-ozone-upgrade ---
[INFO] Compiling 5 source files to /workdir/hadoop-ozone/upgrade/target/classes
[INFO] 
[INFO] --- maven-resources-plugin:2.6:testResources (default-testResources) @ hadoop-ozone-upgrade ---
[INFO] Using 'UTF-8' encoding to copy filtered resources.
[INFO] skip non existing resourceDirectory /workdir/hadoop-ozone/upgrade/src/test/resources
[INFO] Copying 2 resources
[INFO] 
[INFO] --- maven-compiler-plugin:3.1:testCompile (default-testCompile) @ hadoop-ozone-upgrade ---
[INFO] No sources to compile
[INFO] 
[INFO] --- maven-surefire-plugin:3.0.0-M1:test (default-test) @ hadoop-ozone-upgrade ---
[INFO] 
[INFO] ---------------< org.apache.hadoop:hadoop-ozone-insight >---------------
[INFO] Building Apache Hadoop Ozone Insight Tool 0.5.0-SNAPSHOT         [23/26]
[INFO] --------------------------------[ jar ]---------------------------------
[INFO] Downloading from apache.snapshots.https: https://repository.apache.org/content/repositories/snapshots/org/apache/hadoop/hadoop-ozone-integration-test/0.5.0-SNAPSHOT/maven-metadata.xml
[INFO] Downloaded from apache.snapshots.https: https://repository.apache.org/content/repositories/snapshots/org/apache/hadoop/hadoop-ozone-integration-test/0.5.0-SNAPSHOT/maven-metadata.xml (1.2 kB at 1.9 kB/s)
[INFO] Downloading from apache.snapshots.https: https://repository.apache.org/content/repositories/snapshots/org/apache/hadoop/hadoop-ozone-integration-test/0.5.0-SNAPSHOT/hadoop-ozone-integration-test-0.5.0-20190715.160116-123.pom
[INFO] Downloaded from apache.snapshots.https: https://repository.apache.org/content/repositories/snapshots/org/apache/hadoop/hadoop-ozone-integration-test/0.5.0-SNAPSHOT/hadoop-ozone-integration-test-0.5.0-20190715.160116-123.pom (4.5 kB at 6.9 kB/s)
[WARNING] The POM for org.apache.hadoop:hadoop-ozone-integration-test:jar:tests:0.5.0-20190715.160116-123 is invalid, transitive dependencies (if any) will not be available, enable debug logging for more details
[INFO] Downloading from apache.snapshots.https: https://repository.apache.org/content/repositories/snapshots/org/apache/hadoop/hadoop-ozone-integration-test/0.5.0-SNAPSHOT/hadoop-ozone-integration-test-0.5.0-20190715.160116-123-tests.jar
[INFO] Downloaded from apache.snapshots.https: https://repository.apache.org/content/repositories/snapshots/org/apache/hadoop/hadoop-ozone-integration-test/0.5.0-SNAPSHOT/hadoop-ozone-integration-test-0.5.0-20190715.160116-123-tests.jar (644 kB at 601 kB/s)
[INFO] 
[INFO] --- maven-antrun-plugin:1.3:run (create-testdirs) @ hadoop-ozone-insight ---
[INFO] Executing tasks
[INFO] Executed tasks
[INFO] 
[INFO] --- maven-remote-resources-plugin:1.5:process (default) @ hadoop-ozone-insight ---
[WARNING] Invalid POM for org.apache.hadoop:hadoop-ozone-integration-test:test-jar:tests:0.5.0-SNAPSHOT, transitive dependencies (if any) will not be available, enable debug logging for more details
[WARNING] Invalid project model for artifact [hadoop-ozone-filesystem:org.apache.hadoop:0.5.0-SNAPSHOT]. It will be ignored by the remote resources Mojo.
[INFO] 
[INFO] --- maven-resources-plugin:2.6:resources (default-resources) @ hadoop-ozone-insight ---
[INFO] Using 'UTF-8' encoding to copy filtered resources.
[INFO] skip non existing resourceDirectory /workdir/hadoop-ozone/insight/src/main/resources
[INFO] Copying 2 resources
[INFO] 
[INFO] --- maven-compiler-plugin:3.1:compile (default-compile) @ hadoop-ozone-insight ---
[INFO] Compiling 23 source files to /workdir/hadoop-ozone/insight/target/classes
[WARNING] /workdir/hadoop-ozone/insight/src/main/java/org/apache/hadoop/ozone/insight/ConfigurationSubCommand.java: /workdir/hadoop-ozone/insight/src/main/java/org/apache/hadoop/ozone/insight/ConfigurationSubCommand.java uses unchecked or unsafe operations.
[WARNING] /workdir/hadoop-ozone/insight/src/main/java/org/apache/hadoop/ozone/insight/ConfigurationSubCommand.java: Recompile with -Xlint:unchecked for details.
[INFO] 
[INFO] --- maven-resources-plugin:2.6:testResources (default-testResources) @ hadoop-ozone-insight ---
[INFO] Using 'UTF-8' encoding to copy filtered resources.
[INFO] skip non existing resourceDirectory /workdir/hadoop-ozone/insight/src/test/resources
[INFO] Copying 2 resources
[INFO] 
[INFO] --- maven-compiler-plugin:3.1:testCompile (default-testCompile) @ hadoop-ozone-insight ---
[INFO] Compiling 1 source file to /workdir/hadoop-ozone/insight/target/test-classes
[INFO] 
[INFO] --- maven-surefire-plugin:3.0.0-M1:test (default-test) @ hadoop-ozone-insight ---
[INFO] 
[INFO] ----------------< org.apache.hadoop:hadoop-ozone-dist >-----------------
[INFO] Building Apache Hadoop Ozone Distribution 0.5.0-SNAPSHOT         [24/26]
[INFO] --------------------------------[ pom ]---------------------------------
[INFO] Downloading from apache.snapshots.https: https://repository.apache.org/content/repositories/snapshots/org/apache/hadoop/hadoop-ozone-tools/0.5.0-SNAPSHOT/maven-metadata.xml
[INFO] Downloaded from apache.snapshots.https: https://repository.apache.org/content/repositories/snapshots/org/apache/hadoop/hadoop-ozone-tools/0.5.0-SNAPSHOT/maven-metadata.xml (1.2 kB at 1.8 kB/s)
[INFO] Downloading from apache.snapshots.https: https://repository.apache.org/content/repositories/snapshots/org/apache/hadoop/hadoop-ozone-tools/0.5.0-SNAPSHOT/hadoop-ozone-tools-0.5.0-20190715.160354-123.pom
[INFO] Downloaded from apache.snapshots.https: https://repository.apache.org/content/repositories/snapshots/org/apache/hadoop/hadoop-ozone-tools/0.5.0-SNAPSHOT/hadoop-ozone-tools-0.5.0-20190715.160354-123.pom (4.5 kB at 6.8 kB/s)
[INFO] Downloading from apache.snapshots.https: https://repository.apache.org/content/repositories/snapshots/org/apache/hadoop/hadoop-ozone-tools/0.5.0-SNAPSHOT/hadoop-ozone-tools-0.5.0-20190715.160354-123.jar
[INFO] Downloaded from apache.snapshots.https: https://repository.apache.org/content/repositories/snapshots/org/apache/hadoop/hadoop-ozone-tools/0.5.0-SNAPSHOT/hadoop-ozone-tools-0.5.0-20190715.160354-123.jar (277 kB at 288 kB/s)
[INFO] 
[INFO] --- maven-antrun-plugin:1.3:run (create-testdirs) @ hadoop-ozone-dist ---
[INFO] Executing tasks
[INFO] Executed tasks
[INFO] 
[INFO] --- maven-remote-resources-plugin:1.5:process (default) @ hadoop-ozone-dist ---
[WARNING] Invalid POM for org.apache.hadoop:hadoop-ozone-filesystem:jar:0.5.0-SNAPSHOT, transitive dependencies (if any) will not be available, enable debug logging for more details
[WARNING] Invalid POM for org.apache.hadoop:hadoop-ozone-filesystem:jar:0.5.0-SNAPSHOT, transitive dependencies (if any) will not be available, enable debug logging for more details
[WARNING] Invalid project model for artifact [hadoop-ozone-filesystem:org.apache.hadoop:0.5.0-SNAPSHOT]. It will be ignored by the remote resources Mojo.
[INFO] 
[INFO] --- maven-resources-plugin:3.1.0:copy-resources (copy-compose-files) @ hadoop-ozone-dist ---
[INFO] Using 'UTF-8' encoding to copy filtered resources.
[INFO] Copying 92 resources
[INFO] 
[INFO] --- maven-resources-plugin:3.1.0:copy-resources (copy-and-filter-dockerfile) @ hadoop-ozone-dist ---
[INFO] Using 'UTF-8' encoding to copy filtered resources.
[INFO] Copying 1 resource
[INFO] 
[INFO] --- maven-resources-plugin:3.1.0:copy-resources (copy-k8s) @ hadoop-ozone-dist ---
[INFO] Using 'UTF-8' encoding to copy filtered resources.
[INFO] Copying 127 resources
[INFO] 
[INFO] --------< org.apache.hadoop:hadoop-ozone-fault-injection-test >---------
[INFO] Building Apache Hadoop Ozone Fault Injection Tests 0.5.0-SNAPSHOT [25/26]
[INFO] --------------------------------[ pom ]---------------------------------
[INFO] 
[INFO] --- maven-antrun-plugin:1.3:run (create-testdirs) @ hadoop-ozone-fault-injection-test ---
[INFO] Executing tasks
[INFO] Executed tasks
[INFO] 
[INFO] --- maven-remote-resources-plugin:1.5:process (default) @ hadoop-ozone-fault-injection-test ---
[INFO] 
[INFO] ------------< org.apache.hadoop:hadoop-ozone-network-tests >------------
[INFO] Building Apache Hadoop Ozone Network Tests 0.5.0-SNAPSHOT        [26/26]
[INFO] --------------------------------[ jar ]---------------------------------
[INFO] 
[INFO] --- maven-antrun-plugin:1.3:run (create-testdirs) @ hadoop-ozone-network-tests ---
[INFO] Executing tasks
[INFO] Executed tasks
[INFO] 
[INFO] --- maven-remote-resources-plugin:1.5:process (default) @ hadoop-ozone-network-tests ---
[INFO] 
[INFO] --- maven-resources-plugin:3.1.0:resources (default-resources) @ hadoop-ozone-network-tests ---
[INFO] Using 'UTF-8' encoding to copy filtered resources.
[INFO] skip non existing resourceDirectory /workdir/hadoop-ozone/fault-injection-test/network-tests/src/main/resources
[INFO] Copying 2 resources
[INFO] 
[INFO] --- maven-resources-plugin:3.1.0:copy-resources (copy-resources) @ hadoop-ozone-network-tests ---
[INFO] Using 'UTF-8' encoding to copy filtered resources.
[INFO] Copying 2 resources
[INFO] 
[INFO] --- maven-compiler-plugin:3.1:compile (default-compile) @ hadoop-ozone-network-tests ---
[INFO] No sources to compile
[INFO] 
[INFO] --- maven-resources-plugin:3.1.0:testResources (default-testResources) @ hadoop-ozone-network-tests ---
[INFO] Using 'UTF-8' encoding to copy filtered resources.
[INFO] skip non existing resourceDirectory /workdir/hadoop-ozone/fault-injection-test/network-tests/src/test/resources
[INFO] Copying 2 resources
[INFO] 
[INFO] --- maven-compiler-plugin:3.1:testCompile (default-testCompile) @ hadoop-ozone-network-tests ---
[INFO] No sources to compile
[INFO] 
[INFO] --- maven-surefire-plugin:3.0.0-M1:test (default-test) @ hadoop-ozone-network-tests ---
[INFO] ------------------------------------------------------------------------
[INFO] Reactor Summary:
[INFO] 
[INFO] Apache Hadoop Ozone Main 0.5.0-SNAPSHOT ............ SUCCESS [ 24.669 s]
[INFO] Apache Hadoop HDDS ................................. SUCCESS [ 17.565 s]
[INFO] Apache Hadoop HDDS Config .......................... SUCCESS [  7.734 s]
[INFO] Apache Hadoop HDDS Common .......................... SUCCESS [02:27 min]
[INFO] Apache Hadoop HDDS Client .......................... SUCCESS [  4.254 s]
[INFO] Apache Hadoop HDDS Server Framework ................ SUCCESS [ 19.313 s]
[INFO] Apache Hadoop HDDS Container Service ............... FAILURE [01:40 min]
[INFO] Apache Hadoop HDDS/Ozone Documentation ............. SUCCESS [  0.864 s]
[INFO] Apache Hadoop HDDS SCM Server ...................... SUCCESS [03:53 min]
[INFO] Apache Hadoop HDDS Tools ........................... SUCCESS [  1.491 s]
[INFO] Apache Hadoop Ozone ................................ SUCCESS [  0.013 s]
[INFO] Apache Hadoop Ozone Common ......................... SUCCESS [ 23.493 s]
[INFO] Apache Hadoop Ozone Client ......................... SUCCESS [  4.258 s]
[INFO] Apache Hadoop Ozone Manager Server ................. SUCCESS [05:04 min]
[INFO] Apache Hadoop Ozone S3 Gateway ..................... SUCCESS [ 41.665 s]
[INFO] Apache Hadoop Ozone CSI service .................... SUCCESS [  6.995 s]
[INFO] Apache Hadoop Ozone Recon CodeGen .................. SUCCESS [  1.892 s]
[INFO] Apache Hadoop Ozone Recon .......................... SUCCESS [03:08 min]
[INFO] Apache Hadoop Ozone FileSystem Single Jar Library .. SUCCESS [  2.202 s]
[INFO] Apache Hadoop Ozone FileSystem Legacy Jar Library .. SUCCESS [  0.053 s]
[INFO] Apache Hadoop Ozone Datanode ....................... SUCCESS [  1.472 s]
[INFO] Apache Hadoop Ozone In-Place Upgrade ............... SUCCESS [  0.982 s]
[INFO] Apache Hadoop Ozone Insight Tool ................... SUCCESS [  4.183 s]
[INFO] Apache Hadoop Ozone Distribution ................... SUCCESS [  5.228 s]
[INFO] Apache Hadoop Ozone Fault Injection Tests .......... SUCCESS [  0.078 s]
[INFO] Apache Hadoop Ozone Network Tests 0.5.0-SNAPSHOT ... SUCCESS [  0.040 s]
[INFO] ------------------------------------------------------------------------
[INFO] BUILD FAILURE
[INFO] ------------------------------------------------------------------------
[INFO] Total time: 19:09 min
[INFO] Finished at: 2019-09-25T06:23:05Z
[INFO] ------------------------------------------------------------------------
[ERROR] Failed to execute goal org.apache.maven.plugins:maven-surefire-plugin:3.0.0-M1:test (default-test) on project hadoop-hdds-container-service: There are test failures.
[ERROR] 
[ERROR] Please refer to /workdir/hadoop-hdds/container-service/target/surefire-reports for the individual test results.
[ERROR] Please refer to dump files (if any exist) [date].dump, [date]-jvmRun[N].dump and [date].dumpstream.
[ERROR] -> [Help 1]
[ERROR] 
[ERROR] To see the full stack trace of the errors, re-run Maven with the -e switch.
[ERROR] Re-run Maven using the -X switch to enable full debug logging.
[ERROR] 
[ERROR] For more information about the errors and possible solutions, please read the following articles:
[ERROR] [Help 1] http://cwiki.apache.org/confluence/display/MAVEN/MojoFailureException
[ERROR] 
[ERROR] After correcting the problems, you can resume the build with the command
[ERROR]   mvn <goals> -rf :hadoop-hdds-container-service
[INFO] Build failures were ignored.
org.apache.hadoop.ozone.container.ozoneimpl.TestOzoneContainer
realpath: --relative-to=/workdir: No such file or directory
realpath: --relative-to=/tmp/log/pr/pr-hdds-2149-5vv2b/unit: No such file or directory
